09/12/2024 06:06:11 PM logger_abperiasamy___rtl8812au_8821au_linux INFO <<<<<<<<<<<<<<<<<< Logger setup anew <<<<<<<<<<<<<<<<<<< (utils.py:39) (abperiasamy___rtl8812au_8821au_linux)
09/12/2024 06:06:11 PM logger_abperiasamy___rtl8812au_8821au_linux INFO Analyzing repos/repos_400_c_round_two/abperiasamy___rtl8812au_8821au_linux (install_repos.py:285) (abperiasamy___rtl8812au_8821au_linux)
09/12/2024 06:06:11 PM logger_abperiasamy___rtl8812au_8821au_linux INFO Running make (install_repos.py:51) (abperiasamy___rtl8812au_8821au_linux)
09/12/2024 06:06:11 PM logger_abperiasamy___rtl8812au_8821au_linux INFO Running command: make clean (install_repos.py:20) (abperiasamy___rtl8812au_8821au_linux)
09/12/2024 06:06:11 PM logger_abperiasamy___rtl8812au_8821au_linux INFO Logging output to: logs/repos/repos_400_c_round_two_install_logs_with_make_cmake_gradlew_meson_scons_bazel_2024-09-12_17-35-05/abperiasamy___rtl8812au_8821au_linux_build.log (install_repos.py:21) (abperiasamy___rtl8812au_8821au_linux)
09/12/2024 06:06:11 PM logger_abperiasamy___rtl8812au_8821au_linux DEBUG make ARCH=x86_64 CROSS_COMPILE= -C /lib/modules/5.15.0-1067-gcp/build M=/INSTALL_C/repos/repos_400_c_round_two/abperiasamy___rtl8812au_8821au_linux clean (install_repos.py:38) (abperiasamy___rtl8812au_8821au_linux)
09/12/2024 06:06:11 PM logger_abperiasamy___rtl8812au_8821au_linux DEBUG make[1]: *** /lib/modules/5.15.0-1067-gcp/build: No such file or directory.  Stop. (install_repos.py:38) (abperiasamy___rtl8812au_8821au_linux)
09/12/2024 06:06:11 PM logger_abperiasamy___rtl8812au_8821au_linux DEBUG make: *** [Makefile:1643: clean] Error 2 (install_repos.py:38) (abperiasamy___rtl8812au_8821au_linux)
09/12/2024 06:06:11 PM logger_abperiasamy___rtl8812au_8821au_linux INFO Running command: make distclean (install_repos.py:20) (abperiasamy___rtl8812au_8821au_linux)
09/12/2024 06:06:11 PM logger_abperiasamy___rtl8812au_8821au_linux INFO Logging output to: logs/repos/repos_400_c_round_two_install_logs_with_make_cmake_gradlew_meson_scons_bazel_2024-09-12_17-35-05/abperiasamy___rtl8812au_8821au_linux_build.log (install_repos.py:21) (abperiasamy___rtl8812au_8821au_linux)
09/12/2024 06:06:11 PM logger_abperiasamy___rtl8812au_8821au_linux DEBUG make: *** No rule to make target 'distclean'.  Stop. (install_repos.py:38) (abperiasamy___rtl8812au_8821au_linux)
09/12/2024 06:06:11 PM logger_abperiasamy___rtl8812au_8821au_linux INFO Running command: rm -rf autom4te.cache (install_repos.py:20) (abperiasamy___rtl8812au_8821au_linux)
09/12/2024 06:06:11 PM logger_abperiasamy___rtl8812au_8821au_linux INFO Logging output to: logs/repos/repos_400_c_round_two_install_logs_with_make_cmake_gradlew_meson_scons_bazel_2024-09-12_17-35-05/abperiasamy___rtl8812au_8821au_linux_build.log (install_repos.py:21) (abperiasamy___rtl8812au_8821au_linux)
09/12/2024 06:06:11 PM logger_abperiasamy___rtl8812au_8821au_linux INFO Running command: rm -f config.status config.cache config.log (install_repos.py:20) (abperiasamy___rtl8812au_8821au_linux)
09/12/2024 06:06:11 PM logger_abperiasamy___rtl8812au_8821au_linux INFO Logging output to: logs/repos/repos_400_c_round_two_install_logs_with_make_cmake_gradlew_meson_scons_bazel_2024-09-12_17-35-05/abperiasamy___rtl8812au_8821au_linux_build.log (install_repos.py:21) (abperiasamy___rtl8812au_8821au_linux)
09/12/2024 06:06:11 PM logger_abperiasamy___rtl8812au_8821au_linux INFO Running autogen (install_repos.py:57) (abperiasamy___rtl8812au_8821au_linux)
09/12/2024 06:06:11 PM logger_abperiasamy___rtl8812au_8821au_linux INFO Running command: ./autogen (install_repos.py:20) (abperiasamy___rtl8812au_8821au_linux)
09/12/2024 06:06:11 PM logger_abperiasamy___rtl8812au_8821au_linux INFO Logging output to: logs/repos/repos_400_c_round_two_install_logs_with_make_cmake_gradlew_meson_scons_bazel_2024-09-12_17-35-05/abperiasamy___rtl8812au_8821au_linux_build.log (install_repos.py:21) (abperiasamy___rtl8812au_8821au_linux)
09/12/2024 06:06:11 PM logger_abperiasamy___rtl8812au_8821au_linux DEBUG /bin/sh: 1: ./autogen: not found (install_repos.py:38) (abperiasamy___rtl8812au_8821au_linux)
09/12/2024 06:06:11 PM logger_abperiasamy___rtl8812au_8821au_linux INFO Running ./configure (install_repos.py:61) (abperiasamy___rtl8812au_8821au_linux)
09/12/2024 06:06:11 PM logger_abperiasamy___rtl8812au_8821au_linux INFO Running command: ./configure (install_repos.py:20) (abperiasamy___rtl8812au_8821au_linux)
09/12/2024 06:06:11 PM logger_abperiasamy___rtl8812au_8821au_linux INFO Logging output to: logs/repos/repos_400_c_round_two_install_logs_with_make_cmake_gradlew_meson_scons_bazel_2024-09-12_17-35-05/abperiasamy___rtl8812au_8821au_linux_build.log (install_repos.py:21) (abperiasamy___rtl8812au_8821au_linux)
09/12/2024 06:06:11 PM logger_abperiasamy___rtl8812au_8821au_linux DEBUG /bin/sh: 1: ./configure: not found (install_repos.py:38) (abperiasamy___rtl8812au_8821au_linux)
09/12/2024 06:06:11 PM logger_abperiasamy___rtl8812au_8821au_linux INFO Running make (install_repos.py:69) (abperiasamy___rtl8812au_8821au_linux)
09/12/2024 06:06:11 PM logger_abperiasamy___rtl8812au_8821au_linux INFO Running command: make (install_repos.py:20) (abperiasamy___rtl8812au_8821au_linux)
09/12/2024 06:06:11 PM logger_abperiasamy___rtl8812au_8821au_linux INFO Logging output to: logs/repos/repos_400_c_round_two_install_logs_with_make_cmake_gradlew_meson_scons_bazel_2024-09-12_17-35-05/abperiasamy___rtl8812au_8821au_linux_build.log (install_repos.py:21) (abperiasamy___rtl8812au_8821au_linux)
09/12/2024 06:06:11 PM logger_abperiasamy___rtl8812au_8821au_linux DEBUG make ARCH=x86_64 CROSS_COMPILE= -C /lib/modules/5.15.0-1067-gcp/build M=/INSTALL_C/repos/repos_400_c_round_two/abperiasamy___rtl8812au_8821au_linux  modules (install_repos.py:38) (abperiasamy___rtl8812au_8821au_linux)
09/12/2024 06:06:11 PM logger_abperiasamy___rtl8812au_8821au_linux DEBUG make[1]: *** /lib/modules/5.15.0-1067-gcp/build: No such file or directory.  Stop. (install_repos.py:38) (abperiasamy___rtl8812au_8821au_linux)
09/12/2024 06:06:11 PM logger_abperiasamy___rtl8812au_8821au_linux DEBUG make: *** [Makefile:1622: modules] Error 2 (install_repos.py:38) (abperiasamy___rtl8812au_8821au_linux)
09/12/2024 06:06:11 PM logger_abperiasamy___rtl8812au_8821au_linux ERROR Error: Build failed for abperiasamy___rtl8812au_8821au_linux
Build failed for reason: make failed (install_repos.py:295) (abperiasamy___rtl8812au_8821au_linux)
