09/12/2024 05:39:52 PM logger_apple___homekitadk INFO <<<<<<<<<<<<<<<<<< Logger setup anew <<<<<<<<<<<<<<<<<<< (utils.py:39) (apple___homekitadk)
09/12/2024 05:39:52 PM logger_apple___homekitadk INFO Analyzing repos/repos_400_c_round_two/apple___homekitadk (install_repos.py:285) (apple___homekitadk)
09/12/2024 05:39:52 PM logger_apple___homekitadk INFO Running make (install_repos.py:51) (apple___homekitadk)
09/12/2024 05:39:52 PM logger_apple___homekitadk INFO Running command: make clean (install_repos.py:20) (apple___homekitadk)
09/12/2024 05:39:52 PM logger_apple___homekitadk INFO Logging output to: logs/repos/repos_400_c_round_two_install_logs_with_make_cmake_gradlew_meson_scons_bazel_2024-09-12_17-35-05/apple___homekitadk_build.log (install_repos.py:21) (apple___homekitadk)
09/12/2024 05:39:52 PM logger_apple___homekitadk DEBUG make[1]: Entering directory '/INSTALL_C/repos/repos_400_c_round_two/apple___homekitadk' (install_repos.py:38) (apple___homekitadk)
09/12/2024 05:39:52 PM logger_apple___homekitadk DEBUG make[1]: clang: No such file or directory (install_repos.py:38) (apple___homekitadk)
09/12/2024 05:39:52 PM logger_apple___homekitadk DEBUG rm -rf Output/Linux- (install_repos.py:38) (apple___homekitadk)
09/12/2024 05:39:52 PM logger_apple___homekitadk DEBUG make[1]: Leaving directory '/INSTALL_C/repos/repos_400_c_round_two/apple___homekitadk' (install_repos.py:38) (apple___homekitadk)
09/12/2024 05:39:52 PM logger_apple___homekitadk INFO Running command: make distclean (install_repos.py:20) (apple___homekitadk)
09/12/2024 05:39:52 PM logger_apple___homekitadk INFO Logging output to: logs/repos/repos_400_c_round_two_install_logs_with_make_cmake_gradlew_meson_scons_bazel_2024-09-12_17-35-05/apple___homekitadk_build.log (install_repos.py:21) (apple___homekitadk)
09/12/2024 05:39:52 PM logger_apple___homekitadk DEBUG make: *** No rule to make target 'distclean'.  Stop. (install_repos.py:38) (apple___homekitadk)
09/12/2024 05:39:52 PM logger_apple___homekitadk INFO Running command: rm -rf autom4te.cache (install_repos.py:20) (apple___homekitadk)
09/12/2024 05:39:52 PM logger_apple___homekitadk INFO Logging output to: logs/repos/repos_400_c_round_two_install_logs_with_make_cmake_gradlew_meson_scons_bazel_2024-09-12_17-35-05/apple___homekitadk_build.log (install_repos.py:21) (apple___homekitadk)
09/12/2024 05:39:52 PM logger_apple___homekitadk INFO Running command: rm -f config.status config.cache config.log (install_repos.py:20) (apple___homekitadk)
09/12/2024 05:39:52 PM logger_apple___homekitadk INFO Logging output to: logs/repos/repos_400_c_round_two_install_logs_with_make_cmake_gradlew_meson_scons_bazel_2024-09-12_17-35-05/apple___homekitadk_build.log (install_repos.py:21) (apple___homekitadk)
09/12/2024 05:39:52 PM logger_apple___homekitadk INFO Running autogen (install_repos.py:57) (apple___homekitadk)
09/12/2024 05:39:52 PM logger_apple___homekitadk INFO Running command: ./autogen (install_repos.py:20) (apple___homekitadk)
09/12/2024 05:39:52 PM logger_apple___homekitadk INFO Logging output to: logs/repos/repos_400_c_round_two_install_logs_with_make_cmake_gradlew_meson_scons_bazel_2024-09-12_17-35-05/apple___homekitadk_build.log (install_repos.py:21) (apple___homekitadk)
09/12/2024 05:39:52 PM logger_apple___homekitadk DEBUG /bin/sh: 1: ./autogen: not found (install_repos.py:38) (apple___homekitadk)
09/12/2024 05:39:52 PM logger_apple___homekitadk INFO Running ./configure (install_repos.py:61) (apple___homekitadk)
09/12/2024 05:39:52 PM logger_apple___homekitadk INFO Running command: ./configure (install_repos.py:20) (apple___homekitadk)
09/12/2024 05:39:52 PM logger_apple___homekitadk INFO Logging output to: logs/repos/repos_400_c_round_two_install_logs_with_make_cmake_gradlew_meson_scons_bazel_2024-09-12_17-35-05/apple___homekitadk_build.log (install_repos.py:21) (apple___homekitadk)
09/12/2024 05:39:52 PM logger_apple___homekitadk DEBUG /bin/sh: 1: ./configure: not found (install_repos.py:38) (apple___homekitadk)
09/12/2024 05:39:52 PM logger_apple___homekitadk INFO Running make (install_repos.py:69) (apple___homekitadk)
09/12/2024 05:39:52 PM logger_apple___homekitadk INFO Running command: make (install_repos.py:20) (apple___homekitadk)
09/12/2024 05:39:52 PM logger_apple___homekitadk INFO Logging output to: logs/repos/repos_400_c_round_two_install_logs_with_make_cmake_gradlew_meson_scons_bazel_2024-09-12_17-35-05/apple___homekitadk_build.log (install_repos.py:21) (apple___homekitadk)
09/12/2024 05:39:52 PM logger_apple___homekitadk DEBUG make[1]: Entering directory '/INSTALL_C/repos/repos_400_c_round_two/apple___homekitadk' (install_repos.py:38) (apple___homekitadk)
09/12/2024 05:39:52 PM logger_apple___homekitadk DEBUG make[1]: clang: No such file or directory (install_repos.py:38) (apple___homekitadk)
09/12/2024 05:39:52 PM logger_apple___homekitadk DEBUG clang -Wall -Wextra -Werror -DHAP_ENABLE_DEVELOPMENT_ONLY_CODE=1  -ffunction-sections -fdata-sections -IHAP -IExternal/HTTP -IExternal/JSON -IExternal/Base64 -IPAL -I/include -O0 -g -DHAP_LOG_LEVEL=1      -DHAP_TESTING -IPAL/Mock   -DHAP_Test -c PAL/HAPPlatformSystemInit.c -o Output/Linux-/Test/PAL/HAPPlatformSystemInit.o (install_repos.py:38) (apple___homekitadk)
09/12/2024 05:39:52 PM logger_apple___homekitadk DEBUG make[1]: clang: No such file or directory (install_repos.py:38) (apple___homekitadk)
09/12/2024 05:39:52 PM logger_apple___homekitadk DEBUG make[1]: *** [Build/Makefile:108: Output/Linux-/Test/PAL/HAPPlatformSystemInit.o] Error 127 (install_repos.py:38) (apple___homekitadk)
09/12/2024 05:39:52 PM logger_apple___homekitadk DEBUG make[1]: *** Waiting for unfinished jobs.... (install_repos.py:38) (apple___homekitadk)
09/12/2024 05:39:52 PM logger_apple___homekitadk DEBUG clang -Wall -Wextra -Werror -DHAP_ENABLE_DEVELOPMENT_ONLY_CODE=1  -ffunction-sections -fdata-sections -IHAP -IExternal/HTTP -IExternal/JSON -IExternal/Base64 -IPAL -I/include -O0 -g -DHAP_LOG_LEVEL=1      -DHAP_TESTING -IPAL/Mock   -DHAP_Test -c Tests/HAPCryptoTest.c -o Output/Linux-/Test/Tests/HAPCryptoTest.o (install_repos.py:38) (apple___homekitadk)
09/12/2024 05:39:52 PM logger_apple___homekitadk DEBUG make[1]: clang: No such file or directory (install_repos.py:38) (apple___homekitadk)
09/12/2024 05:39:52 PM logger_apple___homekitadk DEBUG make[1]: *** [Build/Makefile:108: Output/Linux-/Test/Tests/HAPCryptoTest.o] Error 127 (install_repos.py:38) (apple___homekitadk)
09/12/2024 05:39:52 PM logger_apple___homekitadk DEBUG clang -Wall -Wextra -Werror -DHAP_ENABLE_DEVELOPMENT_ONLY_CODE=1  -ffunction-sections -fdata-sections -IHAP -IExternal/HTTP -IExternal/JSON -IExternal/Base64 -IPAL -I/include -O0 -g -DHAP_LOG_LEVEL=1      -DHAP_TESTING -IPAL/Mock   -DHAP_Test -c HAP/HAPAccessory+Info.c -o Output/Linux-/Test/HAP/HAPAccessory+Info.o (install_repos.py:38) (apple___homekitadk)
09/12/2024 05:39:52 PM logger_apple___homekitadk DEBUG make[1]: clang: No such file or directory (install_repos.py:38) (apple___homekitadk)
09/12/2024 05:39:52 PM logger_apple___homekitadk DEBUG make[1]: *** [Build/Makefile:108: Output/Linux-/Test/HAP/HAPAccessory+Info.o] Error 127 (install_repos.py:38) (apple___homekitadk)
09/12/2024 05:39:52 PM logger_apple___homekitadk DEBUG clang -Wall -Wextra -Werror -DHAP_ENABLE_DEVELOPMENT_ONLY_CODE=1  -ffunction-sections -fdata-sections -IHAP -IExternal/HTTP -IExternal/JSON -IExternal/Base64 -IPAL -I/include -O0 -g -DHAP_LOG_LEVEL=1      -DHAP_TESTING -IPAL/Mock   -DHAP_Test -c HAP/HAPAccessoryServer+Reset.c -o Output/Linux-/Test/HAP/HAPAccessoryServer+Reset.o (install_repos.py:38) (apple___homekitadk)
09/12/2024 05:39:52 PM logger_apple___homekitadk DEBUG make[1]: clang: No such file or directory (install_repos.py:38) (apple___homekitadk)
09/12/2024 05:39:52 PM logger_apple___homekitadk DEBUG make[1]: *** [Build/Makefile:108: Output/Linux-/Test/HAP/HAPAccessoryServer+Reset.o] Error 127 (install_repos.py:38) (apple___homekitadk)
09/12/2024 05:39:52 PM logger_apple___homekitadk DEBUG clang -Wall -Wextra -Werror -DHAP_ENABLE_DEVELOPMENT_ONLY_CODE=1  -ffunction-sections -fdata-sections -IHAP -IExternal/HTTP -IExternal/JSON -IExternal/Base64 -IPAL -I/include -O0 -g -DHAP_LOG_LEVEL=1      -DHAP_TESTING -IPAL/Mock   -DHAP_Test -c HAP/HAPAccessoryServer.c -o Output/Linux-/Test/HAP/HAPAccessoryServer.o (install_repos.py:38) (apple___homekitadk)
09/12/2024 05:39:52 PM logger_apple___homekitadk DEBUG make[1]: clang: No such file or directory (install_repos.py:38) (apple___homekitadk)
09/12/2024 05:39:52 PM logger_apple___homekitadk DEBUG make[1]: *** [Build/Makefile:108: Output/Linux-/Test/HAP/HAPAccessoryServer.o] Error 127 (install_repos.py:38) (apple___homekitadk)
09/12/2024 05:39:52 PM logger_apple___homekitadk DEBUG clang -Wall -Wextra -Werror -DHAP_ENABLE_DEVELOPMENT_ONLY_CODE=1  -ffunction-sections -fdata-sections -IHAP -IExternal/HTTP -IExternal/JSON -IExternal/Base64 -IPAL -I/include -O0 -g -DHAP_LOG_LEVEL=1      -DHAP_TESTING -IPAL/Mock   -DHAP_Test -c HAP/HAPAccessorySetup.c -o Output/Linux-/Test/HAP/HAPAccessorySetup.o (install_repos.py:38) (apple___homekitadk)
09/12/2024 05:39:52 PM logger_apple___homekitadk DEBUG make[1]: clang: No such file or directory (install_repos.py:38) (apple___homekitadk)
09/12/2024 05:39:52 PM logger_apple___homekitadk DEBUG make[1]: *** [Build/Makefile:108: Output/Linux-/Test/HAP/HAPAccessorySetup.o] Error 127 (install_repos.py:38) (apple___homekitadk)
09/12/2024 05:39:52 PM logger_apple___homekitadk DEBUG make[1]: Leaving directory '/INSTALL_C/repos/repos_400_c_round_two/apple___homekitadk' (install_repos.py:38) (apple___homekitadk)
09/12/2024 05:39:52 PM logger_apple___homekitadk DEBUG make: *** [Makefile:67: all] Error 2 (install_repos.py:38) (apple___homekitadk)
09/12/2024 05:39:52 PM logger_apple___homekitadk ERROR Error: Build failed for apple___homekitadk
Build failed for reason: make failed (install_repos.py:295) (apple___homekitadk)
