09/12/2024 05:59:02 PM logger_bumptech___stud INFO <<<<<<<<<<<<<<<<<< Logger setup anew <<<<<<<<<<<<<<<<<<< (utils.py:39) (bumptech___stud)
09/12/2024 05:59:02 PM logger_bumptech___stud INFO Analyzing repos/repos_400_c_round_two/bumptech___stud (install_repos.py:285) (bumptech___stud)
09/12/2024 05:59:02 PM logger_bumptech___stud INFO Running make (install_repos.py:51) (bumptech___stud)
09/12/2024 05:59:02 PM logger_bumptech___stud INFO Running command: make clean (install_repos.py:20) (bumptech___stud)
09/12/2024 05:59:02 PM logger_bumptech___stud INFO Logging output to: logs/repos/repos_400_c_round_two_install_logs_with_make_cmake_gradlew_meson_scons_bazel_2024-09-12_17-35-05/bumptech___stud_build.log (install_repos.py:21) (bumptech___stud)
09/12/2024 05:59:02 PM logger_bumptech___stud DEBUG rm -f stud stud.o ringbuffer.o configuration.o (install_repos.py:38) (bumptech___stud)
09/12/2024 05:59:02 PM logger_bumptech___stud INFO Running command: make distclean (install_repos.py:20) (bumptech___stud)
09/12/2024 05:59:02 PM logger_bumptech___stud INFO Logging output to: logs/repos/repos_400_c_round_two_install_logs_with_make_cmake_gradlew_meson_scons_bazel_2024-09-12_17-35-05/bumptech___stud_build.log (install_repos.py:21) (bumptech___stud)
09/12/2024 05:59:02 PM logger_bumptech___stud DEBUG make: *** No rule to make target 'distclean'.  Stop. (install_repos.py:38) (bumptech___stud)
09/12/2024 05:59:02 PM logger_bumptech___stud INFO Running command: rm -rf autom4te.cache (install_repos.py:20) (bumptech___stud)
09/12/2024 05:59:02 PM logger_bumptech___stud INFO Logging output to: logs/repos/repos_400_c_round_two_install_logs_with_make_cmake_gradlew_meson_scons_bazel_2024-09-12_17-35-05/bumptech___stud_build.log (install_repos.py:21) (bumptech___stud)
09/12/2024 05:59:02 PM logger_bumptech___stud INFO Running command: rm -f config.status config.cache config.log (install_repos.py:20) (bumptech___stud)
09/12/2024 05:59:02 PM logger_bumptech___stud INFO Logging output to: logs/repos/repos_400_c_round_two_install_logs_with_make_cmake_gradlew_meson_scons_bazel_2024-09-12_17-35-05/bumptech___stud_build.log (install_repos.py:21) (bumptech___stud)
09/12/2024 05:59:02 PM logger_bumptech___stud INFO Running autogen (install_repos.py:57) (bumptech___stud)
09/12/2024 05:59:02 PM logger_bumptech___stud INFO Running command: ./autogen (install_repos.py:20) (bumptech___stud)
09/12/2024 05:59:02 PM logger_bumptech___stud INFO Logging output to: logs/repos/repos_400_c_round_two_install_logs_with_make_cmake_gradlew_meson_scons_bazel_2024-09-12_17-35-05/bumptech___stud_build.log (install_repos.py:21) (bumptech___stud)
09/12/2024 05:59:02 PM logger_bumptech___stud DEBUG /bin/sh: 1: ./autogen: not found (install_repos.py:38) (bumptech___stud)
09/12/2024 05:59:02 PM logger_bumptech___stud INFO Running ./configure (install_repos.py:61) (bumptech___stud)
09/12/2024 05:59:02 PM logger_bumptech___stud INFO Running command: ./configure (install_repos.py:20) (bumptech___stud)
09/12/2024 05:59:02 PM logger_bumptech___stud INFO Logging output to: logs/repos/repos_400_c_round_two_install_logs_with_make_cmake_gradlew_meson_scons_bazel_2024-09-12_17-35-05/bumptech___stud_build.log (install_repos.py:21) (bumptech___stud)
09/12/2024 05:59:02 PM logger_bumptech___stud DEBUG /bin/sh: 1: ./configure: not found (install_repos.py:38) (bumptech___stud)
09/12/2024 05:59:02 PM logger_bumptech___stud INFO Running make (install_repos.py:69) (bumptech___stud)
09/12/2024 05:59:02 PM logger_bumptech___stud INFO Running command: make (install_repos.py:20) (bumptech___stud)
09/12/2024 05:59:02 PM logger_bumptech___stud INFO Logging output to: logs/repos/repos_400_c_round_two_install_logs_with_make_cmake_gradlew_meson_scons_bazel_2024-09-12_17-35-05/bumptech___stud_build.log (install_repos.py:21) (bumptech___stud)
09/12/2024 05:59:02 PM logger_bumptech___stud DEBUG cc -O2 -g -std=c99 -fno-strict-aliasing -Wall -W -D_GNU_SOURCE -I/usr/local/include   -c -o stud.o stud.c (install_repos.py:38) (bumptech___stud)
09/12/2024 05:59:02 PM logger_bumptech___stud DEBUG stud.c:56:10: fatal error: openssl/ssl.h: No such file or directory (install_repos.py:38) (bumptech___stud)
09/12/2024 05:59:02 PM logger_bumptech___stud DEBUG 56 | #include <openssl/ssl.h> (install_repos.py:38) (bumptech___stud)
09/12/2024 05:59:02 PM logger_bumptech___stud DEBUG |          ^~~~~~~~~~~~~~~ (install_repos.py:38) (bumptech___stud)
09/12/2024 05:59:02 PM logger_bumptech___stud DEBUG compilation terminated. (install_repos.py:38) (bumptech___stud)
09/12/2024 05:59:02 PM logger_bumptech___stud DEBUG make: *** [<builtin>: stud.o] Error 1 (install_repos.py:38) (bumptech___stud)
09/12/2024 05:59:02 PM logger_bumptech___stud ERROR Error: Build failed for bumptech___stud
Build failed for reason: make failed (install_repos.py:295) (bumptech___stud)
