09/12/2024 06:06:33 PM logger_endrazine___wcc INFO <<<<<<<<<<<<<<<<<< Logger setup anew <<<<<<<<<<<<<<<<<<< (utils.py:39) (endrazine___wcc)
09/12/2024 06:06:33 PM logger_endrazine___wcc INFO Analyzing repos/repos_400_c_round_two/endrazine___wcc (install_repos.py:285) (endrazine___wcc)
09/12/2024 06:06:33 PM logger_endrazine___wcc INFO Checking for build system in repos/repos_400_c_round_two/endrazine___wcc/src (install_repos.py:267) (endrazine___wcc)
09/12/2024 06:06:33 PM logger_endrazine___wcc INFO Running make (install_repos.py:51) (endrazine___wcc)
09/12/2024 06:06:33 PM logger_endrazine___wcc INFO Running command: make clean (install_repos.py:20) (endrazine___wcc)
09/12/2024 06:06:33 PM logger_endrazine___wcc INFO Logging output to: logs/repos/repos_400_c_round_two_install_logs_with_make_cmake_gradlew_meson_scons_bazel_2024-09-12_17-35-05/endrazine___wcc_build.log (install_repos.py:21) (endrazine___wcc)
09/12/2024 06:06:33 PM logger_endrazine___wcc DEBUG cd src && make clean (install_repos.py:38) (endrazine___wcc)
09/12/2024 06:06:33 PM logger_endrazine___wcc DEBUG make[1]: Entering directory '/INSTALL_C/repos/repos_400_c_round_two/endrazine___wcc/src' (install_repos.py:38) (endrazine___wcc)
09/12/2024 06:06:33 PM logger_endrazine___wcc DEBUG cd wcc && make clean (install_repos.py:38) (endrazine___wcc)
09/12/2024 06:06:33 PM logger_endrazine___wcc DEBUG make[2]: Entering directory '/INSTALL_C/repos/repos_400_c_round_two/endrazine___wcc/src/wcc' (install_repos.py:38) (endrazine___wcc)
09/12/2024 06:06:33 PM logger_endrazine___wcc DEBUG rm -f wcc a.out wcc.o core wcc32 ls.o ls.so (install_repos.py:38) (endrazine___wcc)
09/12/2024 06:06:33 PM logger_endrazine___wcc DEBUG make[2]: Leaving directory '/INSTALL_C/repos/repos_400_c_round_two/endrazine___wcc/src/wcc' (install_repos.py:38) (endrazine___wcc)
09/12/2024 06:06:33 PM logger_endrazine___wcc DEBUG cd wld && make clean (install_repos.py:38) (endrazine___wcc)
09/12/2024 06:06:33 PM logger_endrazine___wcc DEBUG make[2]: Entering directory '/INSTALL_C/repos/repos_400_c_round_two/endrazine___wcc/src/wld' (install_repos.py:38) (endrazine___wcc)
09/12/2024 06:06:33 PM logger_endrazine___wcc DEBUG rm -f wld wld32 a.out (install_repos.py:38) (endrazine___wcc)
09/12/2024 06:06:33 PM logger_endrazine___wcc DEBUG make[2]: Leaving directory '/INSTALL_C/repos/repos_400_c_round_two/endrazine___wcc/src/wld' (install_repos.py:38) (endrazine___wcc)
09/12/2024 06:06:33 PM logger_endrazine___wcc DEBUG cd wsh && make clean (install_repos.py:38) (endrazine___wcc)
09/12/2024 06:06:33 PM logger_endrazine___wcc DEBUG make[2]: Entering directory '/INSTALL_C/repos/repos_400_c_round_two/endrazine___wcc/src/wsh' (install_repos.py:38) (endrazine___wcc)
09/12/2024 06:06:33 PM logger_endrazine___wcc DEBUG rm wsh helper.o wsh.o wshmain.o libwitch.so libwitch.a linenoise.o learnwitch.log -f (install_repos.py:38) (endrazine___wcc)
09/12/2024 06:06:33 PM logger_endrazine___wcc DEBUG cd openlibm && make clean (install_repos.py:38) (endrazine___wcc)
09/12/2024 06:06:33 PM logger_endrazine___wcc DEBUG make[3]: Entering directory '/INSTALL_C/repos/repos_400_c_round_two/endrazine___wcc/src/wsh/openlibm' (install_repos.py:38) (endrazine___wcc)
09/12/2024 06:06:33 PM logger_endrazine___wcc DEBUG make[3]: *** No rule to make target 'clean'.  Stop. (install_repos.py:38) (endrazine___wcc)
09/12/2024 06:06:33 PM logger_endrazine___wcc DEBUG make[3]: Leaving directory '/INSTALL_C/repos/repos_400_c_round_two/endrazine___wcc/src/wsh/openlibm' (install_repos.py:38) (endrazine___wcc)
09/12/2024 06:06:33 PM logger_endrazine___wcc DEBUG make[2]: *** [Makefile:33: clean] Error 2 (install_repos.py:38) (endrazine___wcc)
09/12/2024 06:06:33 PM logger_endrazine___wcc DEBUG make[2]: Leaving directory '/INSTALL_C/repos/repos_400_c_round_two/endrazine___wcc/src/wsh' (install_repos.py:38) (endrazine___wcc)
09/12/2024 06:06:33 PM logger_endrazine___wcc DEBUG make[1]: *** [Makefile:20: clean] Error 2 (install_repos.py:38) (endrazine___wcc)
09/12/2024 06:06:33 PM logger_endrazine___wcc DEBUG make[1]: Leaving directory '/INSTALL_C/repos/repos_400_c_round_two/endrazine___wcc/src' (install_repos.py:38) (endrazine___wcc)
09/12/2024 06:06:33 PM logger_endrazine___wcc DEBUG make: *** [Makefile:31: clean] Error 2 (install_repos.py:38) (endrazine___wcc)
09/12/2024 06:06:33 PM logger_endrazine___wcc INFO Running command: make distclean (install_repos.py:20) (endrazine___wcc)
09/12/2024 06:06:33 PM logger_endrazine___wcc INFO Logging output to: logs/repos/repos_400_c_round_two_install_logs_with_make_cmake_gradlew_meson_scons_bazel_2024-09-12_17-35-05/endrazine___wcc_build.log (install_repos.py:21) (endrazine___wcc)
09/12/2024 06:06:33 PM logger_endrazine___wcc DEBUG make: *** No rule to make target 'distclean'.  Stop. (install_repos.py:38) (endrazine___wcc)
09/12/2024 06:06:33 PM logger_endrazine___wcc INFO Running command: rm -rf autom4te.cache (install_repos.py:20) (endrazine___wcc)
09/12/2024 06:06:33 PM logger_endrazine___wcc INFO Logging output to: logs/repos/repos_400_c_round_two_install_logs_with_make_cmake_gradlew_meson_scons_bazel_2024-09-12_17-35-05/endrazine___wcc_build.log (install_repos.py:21) (endrazine___wcc)
09/12/2024 06:06:33 PM logger_endrazine___wcc INFO Running command: rm -f config.status config.cache config.log (install_repos.py:20) (endrazine___wcc)
09/12/2024 06:06:33 PM logger_endrazine___wcc INFO Logging output to: logs/repos/repos_400_c_round_two_install_logs_with_make_cmake_gradlew_meson_scons_bazel_2024-09-12_17-35-05/endrazine___wcc_build.log (install_repos.py:21) (endrazine___wcc)
09/12/2024 06:06:33 PM logger_endrazine___wcc INFO Running autogen (install_repos.py:57) (endrazine___wcc)
09/12/2024 06:06:33 PM logger_endrazine___wcc INFO Running command: ./autogen (install_repos.py:20) (endrazine___wcc)
09/12/2024 06:06:33 PM logger_endrazine___wcc INFO Logging output to: logs/repos/repos_400_c_round_two_install_logs_with_make_cmake_gradlew_meson_scons_bazel_2024-09-12_17-35-05/endrazine___wcc_build.log (install_repos.py:21) (endrazine___wcc)
09/12/2024 06:06:33 PM logger_endrazine___wcc DEBUG /bin/sh: 1: ./autogen: not found (install_repos.py:38) (endrazine___wcc)
09/12/2024 06:06:33 PM logger_endrazine___wcc INFO Running ./configure (install_repos.py:61) (endrazine___wcc)
09/12/2024 06:06:33 PM logger_endrazine___wcc INFO Running command: ./configure (install_repos.py:20) (endrazine___wcc)
09/12/2024 06:06:33 PM logger_endrazine___wcc INFO Logging output to: logs/repos/repos_400_c_round_two_install_logs_with_make_cmake_gradlew_meson_scons_bazel_2024-09-12_17-35-05/endrazine___wcc_build.log (install_repos.py:21) (endrazine___wcc)
09/12/2024 06:06:33 PM logger_endrazine___wcc DEBUG /bin/sh: 1: ./configure: not found (install_repos.py:38) (endrazine___wcc)
09/12/2024 06:06:33 PM logger_endrazine___wcc INFO Running make (install_repos.py:69) (endrazine___wcc)
09/12/2024 06:06:33 PM logger_endrazine___wcc INFO Running command: make (install_repos.py:20) (endrazine___wcc)
09/12/2024 06:06:33 PM logger_endrazine___wcc INFO Logging output to: logs/repos/repos_400_c_round_two_install_logs_with_make_cmake_gradlew_meson_scons_bazel_2024-09-12_17-35-05/endrazine___wcc_build.log (install_repos.py:21) (endrazine___wcc)
09/12/2024 06:06:33 PM logger_endrazine___wcc DEBUG mkdir -p bin (install_repos.py:38) (endrazine___wcc)
09/12/2024 06:06:33 PM logger_endrazine___wcc DEBUG cd src && make CFLAGS=" -W -Wall -Wno-discarded-qualifiers -Wno-int-conversion -Wno-unused-parameter -Wno-unused-function -Wno-unused-result -fpie -pie -fPIC -g3 -ggdb -I../../include  -I./include/sflib/ -I./include -I../../include/  -Wno-incompatible-pointer-types  -fstack-protector-all -Wl,-z,relro,-z,now -DPACKAGE -DPACKAGE_VERSION -masm=intel -rdynamic -D_FORTIFY_SOURCE=2 -O2 " (install_repos.py:38) (endrazine___wcc)
09/12/2024 06:06:33 PM logger_endrazine___wcc DEBUG make[1]: Entering directory '/INSTALL_C/repos/repos_400_c_round_two/endrazine___wcc/src' (install_repos.py:38) (endrazine___wcc)
09/12/2024 06:06:33 PM logger_endrazine___wcc DEBUG cd wcc && make CFLAGS=" -W -Wall -Wno-discarded-qualifiers -Wno-int-conversion -Wno-unused-parameter -Wno-unused-function -Wno-unused-result -fpie -pie -fPIC -g3 -ggdb -I../../include  -I./include/sflib/ -I./include -I../../include/  -Wno-incompatible-pointer-types  -fstack-protector-all -Wl,-z,relro,-z,now -DPACKAGE -DPACKAGE_VERSION -masm=intel -rdynamic -D_FORTIFY_SOURCE=2 -O2 " (install_repos.py:38) (endrazine___wcc)
09/12/2024 06:06:33 PM logger_endrazine___wcc DEBUG make[2]: Entering directory '/INSTALL_C/repos/repos_400_c_round_two/endrazine___wcc/src/wcc' (install_repos.py:38) (endrazine___wcc)
09/12/2024 06:06:33 PM logger_endrazine___wcc DEBUG cc -W -Wall -Wno-discarded-qualifiers -Wno-int-conversion -Wno-unused-parameter -Wno-unused-function -Wno-unused-result -fpie -pie -fPIC -g3 -ggdb -I../../include  -I./include/sflib/ -I./include -I../../include/  -Wno-incompatible-pointer-types  -fstack-protector-all -Wl,-z,relro,-z,now -DPACKAGE -DPACKAGE_VERSION -masm=intel -rdynamic -D_FORTIFY_SOURCE=2 -O2  wcc.c -o wcc -lbfd -lelf -lcapstone (install_repos.py:38) (endrazine___wcc)
09/12/2024 06:06:33 PM logger_endrazine___wcc DEBUG wcc.c:33:10: fatal error: bfd.h: No such file or directory (install_repos.py:38) (endrazine___wcc)
09/12/2024 06:06:33 PM logger_endrazine___wcc DEBUG 33 | #include <bfd.h> (install_repos.py:38) (endrazine___wcc)
09/12/2024 06:06:33 PM logger_endrazine___wcc DEBUG |          ^~~~~~~ (install_repos.py:38) (endrazine___wcc)
09/12/2024 06:06:33 PM logger_endrazine___wcc DEBUG compilation terminated. (install_repos.py:38) (endrazine___wcc)
09/12/2024 06:06:33 PM logger_endrazine___wcc DEBUG make[2]: *** [Makefile:29: all] Error 1 (install_repos.py:38) (endrazine___wcc)
09/12/2024 06:06:33 PM logger_endrazine___wcc DEBUG make[2]: Leaving directory '/INSTALL_C/repos/repos_400_c_round_two/endrazine___wcc/src/wcc' (install_repos.py:38) (endrazine___wcc)
09/12/2024 06:06:33 PM logger_endrazine___wcc DEBUG make[1]: *** [Makefile:11: all] Error 2 (install_repos.py:38) (endrazine___wcc)
09/12/2024 06:06:33 PM logger_endrazine___wcc DEBUG make[1]: Leaving directory '/INSTALL_C/repos/repos_400_c_round_two/endrazine___wcc/src' (install_repos.py:38) (endrazine___wcc)
09/12/2024 06:06:33 PM logger_endrazine___wcc DEBUG make: *** [Makefile:22: all] Error 2 (install_repos.py:38) (endrazine___wcc)
09/12/2024 06:06:33 PM logger_endrazine___wcc ERROR Error: Build failed for endrazine___wcc
Build failed for reason: make failed (install_repos.py:295) (endrazine___wcc)
