09/12/2024 05:43:23 PM logger_facebookarchive___libphenom INFO <<<<<<<<<<<<<<<<<< Logger setup anew <<<<<<<<<<<<<<<<<<< (utils.py:39) (facebookarchive___libphenom)
09/12/2024 05:43:23 PM logger_facebookarchive___libphenom INFO Analyzing repos/repos_400_c_round_two/facebookarchive___libphenom (install_repos.py:285) (facebookarchive___libphenom)
09/12/2024 05:43:23 PM logger_facebookarchive___libphenom INFO Running autoreconf (install_repos.py:85) (facebookarchive___libphenom)
09/12/2024 05:43:23 PM logger_facebookarchive___libphenom INFO Running command: autoreconf -i (install_repos.py:20) (facebookarchive___libphenom)
09/12/2024 05:43:23 PM logger_facebookarchive___libphenom INFO Logging output to: logs/repos/repos_400_c_round_two_install_logs_with_make_cmake_gradlew_meson_scons_bazel_2024-09-12_17-35-05/facebookarchive___libphenom_build.log (install_repos.py:21) (facebookarchive___libphenom)
09/12/2024 05:43:25 PM logger_facebookarchive___libphenom DEBUG libtoolize: Consider adding 'AC_CONFIG_MACRO_DIRS([m4])' to configure.ac, (install_repos.py:38) (facebookarchive___libphenom)
09/12/2024 05:43:25 PM logger_facebookarchive___libphenom DEBUG libtoolize: and rerunning libtoolize and aclocal. (install_repos.py:38) (facebookarchive___libphenom)
09/12/2024 05:43:25 PM logger_facebookarchive___libphenom DEBUG libtoolize: Consider adding '-I m4' to ACLOCAL_AMFLAGS in Makefile.am. (install_repos.py:38) (facebookarchive___libphenom)
09/12/2024 05:43:25 PM logger_facebookarchive___libphenom DEBUG configure.ac:182: warning: The macro `AC_TRY_LINK' is obsolete. (install_repos.py:38) (facebookarchive___libphenom)
09/12/2024 05:43:25 PM logger_facebookarchive___libphenom DEBUG configure.ac:182: You should run autoupdate. (install_repos.py:38) (facebookarchive___libphenom)
09/12/2024 05:43:25 PM logger_facebookarchive___libphenom DEBUG ./lib/autoconf/general.m4:2920: AC_TRY_LINK is expanded from... (install_repos.py:38) (facebookarchive___libphenom)
09/12/2024 05:43:25 PM logger_facebookarchive___libphenom DEBUG configure.ac:182: the top level (install_repos.py:38) (facebookarchive___libphenom)
09/12/2024 05:43:25 PM logger_facebookarchive___libphenom DEBUG configure.ac:222: warning: The macro `AC_TRY_COMPILE' is obsolete. (install_repos.py:38) (facebookarchive___libphenom)
09/12/2024 05:43:25 PM logger_facebookarchive___libphenom DEBUG configure.ac:222: You should run autoupdate. (install_repos.py:38) (facebookarchive___libphenom)
09/12/2024 05:43:25 PM logger_facebookarchive___libphenom DEBUG ./lib/autoconf/general.m4:2847: AC_TRY_COMPILE is expanded from... (install_repos.py:38) (facebookarchive___libphenom)
09/12/2024 05:43:25 PM logger_facebookarchive___libphenom DEBUG configure.ac:222: the top level (install_repos.py:38) (facebookarchive___libphenom)
09/12/2024 05:43:25 PM logger_facebookarchive___libphenom DEBUG configure.ac:348: warning: The macro `AC_CONFIG_HEADER' is obsolete. (install_repos.py:38) (facebookarchive___libphenom)
09/12/2024 05:43:25 PM logger_facebookarchive___libphenom DEBUG configure.ac:348: You should run autoupdate. (install_repos.py:38) (facebookarchive___libphenom)
09/12/2024 05:43:25 PM logger_facebookarchive___libphenom DEBUG ./lib/autoconf/status.m4:719: AC_CONFIG_HEADER is expanded from... (install_repos.py:38) (facebookarchive___libphenom)
09/12/2024 05:43:25 PM logger_facebookarchive___libphenom DEBUG configure.ac:348: the top level (install_repos.py:38) (facebookarchive___libphenom)
09/12/2024 05:43:26 PM logger_facebookarchive___libphenom DEBUG Makefile.am:183: warning: filter %.c, $(libphenom_la_SOURCES: non-POSIX variable name (install_repos.py:38) (facebookarchive___libphenom)
09/12/2024 05:43:26 PM logger_facebookarchive___libphenom DEBUG Makefile.am:183: (probably a GNU make extension) (install_repos.py:38) (facebookarchive___libphenom)
09/12/2024 05:43:26 PM logger_facebookarchive___libphenom DEBUG Makefile.am: error: required file './AUTHORS' not found (install_repos.py:38) (facebookarchive___libphenom)
09/12/2024 05:43:26 PM logger_facebookarchive___libphenom DEBUG Makefile.am: error: required file './ChangeLog' not found (install_repos.py:38) (facebookarchive___libphenom)
09/12/2024 05:43:26 PM logger_facebookarchive___libphenom DEBUG Makefile.am: error: required file './NEWS' not found (install_repos.py:38) (facebookarchive___libphenom)
09/12/2024 05:43:26 PM logger_facebookarchive___libphenom DEBUG Makefile.am: error: required file './README' not found (install_repos.py:38) (facebookarchive___libphenom)
09/12/2024 05:43:26 PM logger_facebookarchive___libphenom DEBUG autoreconf: error: automake failed with exit status: 1 (install_repos.py:38) (facebookarchive___libphenom)
09/12/2024 05:43:26 PM logger_facebookarchive___libphenom ERROR Error: Build failed for facebookarchive___libphenom
Build failed for reason: autoreconf failed (install_repos.py:295) (facebookarchive___libphenom)
