09/12/2024 05:59:13 PM logger_foobnix___librerareader INFO <<<<<<<<<<<<<<<<<< Logger setup anew <<<<<<<<<<<<<<<<<<< (utils.py:39) (foobnix___librerareader)
09/12/2024 05:59:13 PM logger_foobnix___librerareader INFO Analyzing repos/repos_400_c_round_two/foobnix___librerareader (install_repos.py:285) (foobnix___librerareader)
09/12/2024 05:59:13 PM logger_foobnix___librerareader INFO Running command: ./gradlew clean (install_repos.py:20) (foobnix___librerareader)
09/12/2024 05:59:13 PM logger_foobnix___librerareader INFO Logging output to: logs/repos/repos_400_c_round_two_install_logs_with_make_cmake_gradlew_meson_scons_bazel_2024-09-12_17-35-05/foobnix___librerareader_build.log (install_repos.py:21) (foobnix___librerareader)
09/12/2024 05:59:15 PM logger_foobnix___librerareader DEBUG Starting a Gradle Daemon, 1 incompatible and 1 stopped Daemons could not be reused, use --status for details (install_repos.py:38) (foobnix___librerareader)
09/12/2024 05:59:23 PM logger_foobnix___librerareader DEBUG  (install_repos.py:38) (foobnix___librerareader)
09/12/2024 05:59:23 PM logger_foobnix___librerareader DEBUG > Configure project :app (install_repos.py:38) (foobnix___librerareader)
09/12/2024 05:59:23 PM logger_foobnix___librerareader DEBUG -------------------- (install_repos.py:38) (foobnix___librerareader)
09/12/2024 05:59:23 PM logger_foobnix___librerareader DEBUG taskName: [DefaultTaskExecutionRequest{args=[clean],projectPath='null',rootDir='null'}] (install_repos.py:38) (foobnix___librerareader)
09/12/2024 05:59:23 PM logger_foobnix___librerareader DEBUG -------------------- (install_repos.py:38) (foobnix___librerareader)
09/12/2024 05:59:23 PM logger_foobnix___librerareader DEBUG  (install_repos.py:38) (foobnix___librerareader)
09/12/2024 05:59:23 PM logger_foobnix___librerareader DEBUG Version: [8.9.177 - 6098] (install_repos.py:38) (foobnix___librerareader)
09/12/2024 05:59:23 PM logger_foobnix___librerareader DEBUG  (install_repos.py:38) (foobnix___librerareader)
09/12/2024 05:59:23 PM logger_foobnix___librerareader DEBUG FAILURE: Build failed with an exception. (install_repos.py:38) (foobnix___librerareader)
09/12/2024 05:59:23 PM logger_foobnix___librerareader DEBUG  (install_repos.py:38) (foobnix___librerareader)
09/12/2024 05:59:23 PM logger_foobnix___librerareader DEBUG * Where: (install_repos.py:38) (foobnix___librerareader)
09/12/2024 05:59:23 PM logger_foobnix___librerareader DEBUG Build file '/INSTALL_C/repos/repos_400_c_round_two/foobnix___librerareader/app/build.gradle' line: 67 (install_repos.py:38) (foobnix___librerareader)
09/12/2024 05:59:23 PM logger_foobnix___librerareader DEBUG  (install_repos.py:38) (foobnix___librerareader)
09/12/2024 05:59:23 PM logger_foobnix___librerareader DEBUG * What went wrong: (install_repos.py:38) (foobnix___librerareader)
09/12/2024 05:59:23 PM logger_foobnix___librerareader DEBUG A problem occurred evaluating project ':app'. (install_repos.py:38) (foobnix___librerareader)
09/12/2024 05:59:23 PM logger_foobnix___librerareader DEBUG > Could not get unknown property 'RELEASE_STORE_FILE' for SigningConfig$AgpDecorated_Decorated{name=release, storeFile=null, storePassword=null, keyAlias=null, keyPassword=null, storeType=pkcs12, v1SigningEnabled=true, v2SigningEnabled=true, enableV1Signing=null, enableV2Signing=null, enableV3Signing=null, enableV4Signing=null} of type com.android.build.gradle.internal.dsl.SigningConfig$AgpDecorated. (install_repos.py:38) (foobnix___librerareader)
09/12/2024 05:59:23 PM logger_foobnix___librerareader DEBUG  (install_repos.py:38) (foobnix___librerareader)
09/12/2024 05:59:23 PM logger_foobnix___librerareader DEBUG * Try: (install_repos.py:38) (foobnix___librerareader)
09/12/2024 05:59:23 PM logger_foobnix___librerareader DEBUG > Run with --stacktrace option to get the stack trace. (install_repos.py:38) (foobnix___librerareader)
09/12/2024 05:59:23 PM logger_foobnix___librerareader DEBUG > Run with --info or --debug option to get more log output. (install_repos.py:38) (foobnix___librerareader)
09/12/2024 05:59:23 PM logger_foobnix___librerareader DEBUG > Run with --scan to get full insights. (install_repos.py:38) (foobnix___librerareader)
09/12/2024 05:59:23 PM logger_foobnix___librerareader DEBUG > Get more help at https://help.gradle.org. (install_repos.py:38) (foobnix___librerareader)
09/12/2024 05:59:23 PM logger_foobnix___librerareader DEBUG  (install_repos.py:38) (foobnix___librerareader)
09/12/2024 05:59:23 PM logger_foobnix___librerareader DEBUG BUILD FAILED in 9s (install_repos.py:38) (foobnix___librerareader)
09/12/2024 05:59:24 PM logger_foobnix___librerareader INFO Running command: rm -rf .gradle/ (install_repos.py:20) (foobnix___librerareader)
09/12/2024 05:59:24 PM logger_foobnix___librerareader INFO Logging output to: logs/repos/repos_400_c_round_two_install_logs_with_make_cmake_gradlew_meson_scons_bazel_2024-09-12_17-35-05/foobnix___librerareader_build.log (install_repos.py:21) (foobnix___librerareader)
09/12/2024 05:59:24 PM logger_foobnix___librerareader INFO Running command: rm -rf build/ (install_repos.py:20) (foobnix___librerareader)
09/12/2024 05:59:24 PM logger_foobnix___librerareader INFO Logging output to: logs/repos/repos_400_c_round_two_install_logs_with_make_cmake_gradlew_meson_scons_bazel_2024-09-12_17-35-05/foobnix___librerareader_build.log (install_repos.py:21) (foobnix___librerareader)
09/12/2024 05:59:24 PM logger_foobnix___librerareader INFO Running Gradle build (install_repos.py:120) (foobnix___librerareader)
09/12/2024 05:59:24 PM logger_foobnix___librerareader INFO Running command: chmod +x gradlew && ./gradlew build (install_repos.py:20) (foobnix___librerareader)
09/12/2024 05:59:24 PM logger_foobnix___librerareader INFO Logging output to: logs/repos/repos_400_c_round_two_install_logs_with_make_cmake_gradlew_meson_scons_bazel_2024-09-12_17-35-05/foobnix___librerareader_build.log (install_repos.py:21) (foobnix___librerareader)
09/12/2024 05:59:25 PM logger_foobnix___librerareader DEBUG  (install_repos.py:38) (foobnix___librerareader)
09/12/2024 05:59:25 PM logger_foobnix___librerareader DEBUG > Configure project :app (install_repos.py:38) (foobnix___librerareader)
09/12/2024 05:59:25 PM logger_foobnix___librerareader DEBUG -------------------- (install_repos.py:38) (foobnix___librerareader)
09/12/2024 05:59:25 PM logger_foobnix___librerareader DEBUG taskName: [DefaultTaskExecutionRequest{args=[build],projectPath='null',rootDir='null'}] (install_repos.py:38) (foobnix___librerareader)
09/12/2024 05:59:25 PM logger_foobnix___librerareader DEBUG -------------------- (install_repos.py:38) (foobnix___librerareader)
09/12/2024 05:59:25 PM logger_foobnix___librerareader DEBUG  (install_repos.py:38) (foobnix___librerareader)
09/12/2024 05:59:25 PM logger_foobnix___librerareader DEBUG Version: [8.9.177 - 6098] (install_repos.py:38) (foobnix___librerareader)
09/12/2024 05:59:25 PM logger_foobnix___librerareader DEBUG  (install_repos.py:38) (foobnix___librerareader)
09/12/2024 05:59:25 PM logger_foobnix___librerareader DEBUG FAILURE: Build failed with an exception. (install_repos.py:38) (foobnix___librerareader)
09/12/2024 05:59:25 PM logger_foobnix___librerareader DEBUG  (install_repos.py:38) (foobnix___librerareader)
09/12/2024 05:59:25 PM logger_foobnix___librerareader DEBUG * Where: (install_repos.py:38) (foobnix___librerareader)
09/12/2024 05:59:25 PM logger_foobnix___librerareader DEBUG Build file '/INSTALL_C/repos/repos_400_c_round_two/foobnix___librerareader/app/build.gradle' line: 67 (install_repos.py:38) (foobnix___librerareader)
09/12/2024 05:59:25 PM logger_foobnix___librerareader DEBUG  (install_repos.py:38) (foobnix___librerareader)
09/12/2024 05:59:25 PM logger_foobnix___librerareader DEBUG * What went wrong: (install_repos.py:38) (foobnix___librerareader)
09/12/2024 05:59:25 PM logger_foobnix___librerareader DEBUG A problem occurred evaluating project ':app'. (install_repos.py:38) (foobnix___librerareader)
09/12/2024 05:59:25 PM logger_foobnix___librerareader DEBUG > Could not get unknown property 'RELEASE_STORE_FILE' for SigningConfig$AgpDecorated_Decorated{name=release, storeFile=null, storePassword=null, keyAlias=null, keyPassword=null, storeType=pkcs12, v1SigningEnabled=true, v2SigningEnabled=true, enableV1Signing=null, enableV2Signing=null, enableV3Signing=null, enableV4Signing=null} of type com.android.build.gradle.internal.dsl.SigningConfig$AgpDecorated. (install_repos.py:38) (foobnix___librerareader)
09/12/2024 05:59:25 PM logger_foobnix___librerareader DEBUG  (install_repos.py:38) (foobnix___librerareader)
09/12/2024 05:59:25 PM logger_foobnix___librerareader DEBUG * Try: (install_repos.py:38) (foobnix___librerareader)
09/12/2024 05:59:25 PM logger_foobnix___librerareader DEBUG > Run with --stacktrace option to get the stack trace. (install_repos.py:38) (foobnix___librerareader)
09/12/2024 05:59:25 PM logger_foobnix___librerareader DEBUG > Run with --info or --debug option to get more log output. (install_repos.py:38) (foobnix___librerareader)
09/12/2024 05:59:25 PM logger_foobnix___librerareader DEBUG > Run with --scan to get full insights. (install_repos.py:38) (foobnix___librerareader)
09/12/2024 05:59:25 PM logger_foobnix___librerareader DEBUG > Get more help at https://help.gradle.org. (install_repos.py:38) (foobnix___librerareader)
09/12/2024 05:59:25 PM logger_foobnix___librerareader DEBUG  (install_repos.py:38) (foobnix___librerareader)
09/12/2024 05:59:25 PM logger_foobnix___librerareader DEBUG BUILD FAILED in 932ms (install_repos.py:38) (foobnix___librerareader)
09/12/2024 05:59:25 PM logger_foobnix___librerareader ERROR Error: Build failed for foobnix___librerareader
Build failed for reason: gradle failed (install_repos.py:295) (foobnix___librerareader)
