09/12/2024 05:58:50 PM logger_gsass1___ntop INFO <<<<<<<<<<<<<<<<<< Logger setup anew <<<<<<<<<<<<<<<<<<< (utils.py:39) (gsass1___ntop)
09/12/2024 05:58:50 PM logger_gsass1___ntop INFO Analyzing repos/repos_400_c_round_two/gsass1___ntop (install_repos.py:285) (gsass1___ntop)
09/12/2024 05:58:50 PM logger_gsass1___ntop INFO Running command: rm -rf build/ (install_repos.py:20) (gsass1___ntop)
09/12/2024 05:58:50 PM logger_gsass1___ntop INFO Logging output to: logs/repos/repos_400_c_round_two_install_logs_with_make_cmake_gradlew_meson_scons_bazel_2024-09-12_17-35-05/gsass1___ntop_build.log (install_repos.py:21) (gsass1___ntop)
09/12/2024 05:58:50 PM logger_gsass1___ntop INFO Running command: rm -rf CMakeCache.txt (install_repos.py:20) (gsass1___ntop)
09/12/2024 05:58:50 PM logger_gsass1___ntop INFO Logging output to: logs/repos/repos_400_c_round_two_install_logs_with_make_cmake_gradlew_meson_scons_bazel_2024-09-12_17-35-05/gsass1___ntop_build.log (install_repos.py:21) (gsass1___ntop)
09/12/2024 05:58:50 PM logger_gsass1___ntop INFO Running command: rm -rf CMakeFiles/ (install_repos.py:20) (gsass1___ntop)
09/12/2024 05:58:50 PM logger_gsass1___ntop INFO Logging output to: logs/repos/repos_400_c_round_two_install_logs_with_make_cmake_gradlew_meson_scons_bazel_2024-09-12_17-35-05/gsass1___ntop_build.log (install_repos.py:21) (gsass1___ntop)
09/12/2024 05:58:50 PM logger_gsass1___ntop INFO Running CMake (install_repos.py:141) (gsass1___ntop)
09/12/2024 05:58:50 PM logger_gsass1___ntop INFO Running command: cmake .. (install_repos.py:20) (gsass1___ntop)
09/12/2024 05:58:50 PM logger_gsass1___ntop INFO Logging output to: logs/repos/repos_400_c_round_two_install_logs_with_make_cmake_gradlew_meson_scons_bazel_2024-09-12_17-35-05/build_build.log (install_repos.py:21) (gsass1___ntop)
09/12/2024 05:58:50 PM logger_gsass1___ntop DEBUG CMake Deprecation Warning at CMakeLists.txt:1 (cmake_minimum_required): (install_repos.py:38) (gsass1___ntop)
09/12/2024 05:58:50 PM logger_gsass1___ntop DEBUG Compatibility with CMake < 2.8.12 will be removed from a future version of (install_repos.py:38) (gsass1___ntop)
09/12/2024 05:58:50 PM logger_gsass1___ntop DEBUG CMake. (install_repos.py:38) (gsass1___ntop)
09/12/2024 05:58:50 PM logger_gsass1___ntop DEBUG  (install_repos.py:38) (gsass1___ntop)
09/12/2024 05:58:50 PM logger_gsass1___ntop DEBUG Update the VERSION argument <min> value or use a ...<max> suffix to tell (install_repos.py:38) (gsass1___ntop)
09/12/2024 05:58:50 PM logger_gsass1___ntop DEBUG CMake that the project does not need compatibility with older versions. (install_repos.py:38) (gsass1___ntop)
09/12/2024 05:58:50 PM logger_gsass1___ntop DEBUG  (install_repos.py:38) (gsass1___ntop)
09/12/2024 05:58:50 PM logger_gsass1___ntop DEBUG  (install_repos.py:38) (gsass1___ntop)
09/12/2024 05:58:50 PM logger_gsass1___ntop DEBUG -- The C compiler identification is GNU 12.2.0 (install_repos.py:38) (gsass1___ntop)
09/12/2024 05:58:50 PM logger_gsass1___ntop DEBUG -- Detecting C compiler ABI info (install_repos.py:38) (gsass1___ntop)
09/12/2024 05:58:50 PM logger_gsass1___ntop DEBUG -- Detecting C compiler ABI info - done (install_repos.py:38) (gsass1___ntop)
09/12/2024 05:58:50 PM logger_gsass1___ntop DEBUG -- Check for working C compiler: /usr/bin/cc - skipped (install_repos.py:38) (gsass1___ntop)
09/12/2024 05:58:50 PM logger_gsass1___ntop DEBUG -- Detecting C compile features (install_repos.py:38) (gsass1___ntop)
09/12/2024 05:58:50 PM logger_gsass1___ntop DEBUG -- Detecting C compile features - done (install_repos.py:38) (gsass1___ntop)
09/12/2024 05:58:50 PM logger_gsass1___ntop DEBUG -- Configuring done (install_repos.py:38) (gsass1___ntop)
09/12/2024 05:58:50 PM logger_gsass1___ntop DEBUG -- Generating done (install_repos.py:38) (gsass1___ntop)
09/12/2024 05:58:50 PM logger_gsass1___ntop DEBUG -- Build files have been written to: /INSTALL_C/repos/repos_400_c_round_two/gsass1___ntop/build (install_repos.py:38) (gsass1___ntop)
09/12/2024 05:58:50 PM logger_gsass1___ntop INFO Running command: cmake --build . (install_repos.py:20) (gsass1___ntop)
09/12/2024 05:58:50 PM logger_gsass1___ntop INFO Logging output to: logs/repos/repos_400_c_round_two_install_logs_with_make_cmake_gradlew_meson_scons_bazel_2024-09-12_17-35-05/build_build.log (install_repos.py:21) (gsass1___ntop)
09/12/2024 05:58:50 PM logger_gsass1___ntop DEBUG [ 25%] Building C object CMakeFiles/NTop.dir/ntop.c.o (install_repos.py:38) (gsass1___ntop)
09/12/2024 05:58:50 PM logger_gsass1___ntop DEBUG /INSTALL_C/repos/repos_400_c_round_two/gsass1___ntop/ntop.c:18:10: fatal error: windows.h: No such file or directory (install_repos.py:38) (gsass1___ntop)
09/12/2024 05:58:50 PM logger_gsass1___ntop DEBUG 18 | #include <windows.h> (install_repos.py:38) (gsass1___ntop)
09/12/2024 05:58:50 PM logger_gsass1___ntop DEBUG |          ^~~~~~~~~~~ (install_repos.py:38) (gsass1___ntop)
09/12/2024 05:58:50 PM logger_gsass1___ntop DEBUG compilation terminated. (install_repos.py:38) (gsass1___ntop)
09/12/2024 05:58:50 PM logger_gsass1___ntop DEBUG gmake[2]: *** [CMakeFiles/NTop.dir/build.make:76: CMakeFiles/NTop.dir/ntop.c.o] Error 1 (install_repos.py:38) (gsass1___ntop)
09/12/2024 05:58:50 PM logger_gsass1___ntop DEBUG gmake[1]: *** [CMakeFiles/Makefile2:83: CMakeFiles/NTop.dir/all] Error 2 (install_repos.py:38) (gsass1___ntop)
09/12/2024 05:58:50 PM logger_gsass1___ntop DEBUG gmake: *** [Makefile:91: all] Error 2 (install_repos.py:38) (gsass1___ntop)
09/12/2024 05:58:50 PM logger_gsass1___ntop ERROR Error: Build failed for gsass1___ntop
Build failed for reason: cmake build failed (install_repos.py:295) (gsass1___ntop)
