09/12/2024 05:43:32 PM logger_quiet___org.quietmodem.quiet INFO <<<<<<<<<<<<<<<<<< Logger setup anew <<<<<<<<<<<<<<<<<<< (utils.py:39) (quiet___org.quietmodem.quiet)
09/12/2024 05:43:32 PM logger_quiet___org.quietmodem.quiet INFO Analyzing repos/repos_400_c_round_two/quiet___org.quietmodem.quiet (install_repos.py:285) (quiet___org.quietmodem.quiet)
09/12/2024 05:43:32 PM logger_quiet___org.quietmodem.quiet INFO Running command: ./gradlew clean (install_repos.py:20) (quiet___org.quietmodem.quiet)
09/12/2024 05:43:32 PM logger_quiet___org.quietmodem.quiet INFO Logging output to: logs/repos/repos_400_c_round_two_install_logs_with_make_cmake_gradlew_meson_scons_bazel_2024-09-12_17-35-05/quiet___org.quietmodem.quiet_build.log (install_repos.py:21) (quiet___org.quietmodem.quiet)
09/12/2024 05:43:32 PM logger_quiet___org.quietmodem.quiet DEBUG  (install_repos.py:38) (quiet___org.quietmodem.quiet)
09/12/2024 05:43:32 PM logger_quiet___org.quietmodem.quiet DEBUG FAILURE: Build failed with an exception. (install_repos.py:38) (quiet___org.quietmodem.quiet)
09/12/2024 05:43:32 PM logger_quiet___org.quietmodem.quiet DEBUG  (install_repos.py:38) (quiet___org.quietmodem.quiet)
09/12/2024 05:43:32 PM logger_quiet___org.quietmodem.quiet DEBUG * What went wrong: (install_repos.py:38) (quiet___org.quietmodem.quiet)
09/12/2024 05:43:32 PM logger_quiet___org.quietmodem.quiet DEBUG Could not determine java version from '17.0.12'. (install_repos.py:38) (quiet___org.quietmodem.quiet)
09/12/2024 05:43:32 PM logger_quiet___org.quietmodem.quiet DEBUG  (install_repos.py:38) (quiet___org.quietmodem.quiet)
09/12/2024 05:43:32 PM logger_quiet___org.quietmodem.quiet DEBUG * Try: (install_repos.py:38) (quiet___org.quietmodem.quiet)
09/12/2024 05:43:32 PM logger_quiet___org.quietmodem.quiet DEBUG Run with --stacktrace option to get the stack trace. Run with --info or --debug option to get more log output. (install_repos.py:38) (quiet___org.quietmodem.quiet)
09/12/2024 05:43:32 PM logger_quiet___org.quietmodem.quiet INFO Running command: rm -rf .gradle/ (install_repos.py:20) (quiet___org.quietmodem.quiet)
09/12/2024 05:43:32 PM logger_quiet___org.quietmodem.quiet INFO Logging output to: logs/repos/repos_400_c_round_two_install_logs_with_make_cmake_gradlew_meson_scons_bazel_2024-09-12_17-35-05/quiet___org.quietmodem.quiet_build.log (install_repos.py:21) (quiet___org.quietmodem.quiet)
09/12/2024 05:43:32 PM logger_quiet___org.quietmodem.quiet INFO Running command: rm -rf build/ (install_repos.py:20) (quiet___org.quietmodem.quiet)
09/12/2024 05:43:32 PM logger_quiet___org.quietmodem.quiet INFO Logging output to: logs/repos/repos_400_c_round_two_install_logs_with_make_cmake_gradlew_meson_scons_bazel_2024-09-12_17-35-05/quiet___org.quietmodem.quiet_build.log (install_repos.py:21) (quiet___org.quietmodem.quiet)
09/12/2024 05:43:32 PM logger_quiet___org.quietmodem.quiet INFO Running Gradle build (install_repos.py:120) (quiet___org.quietmodem.quiet)
09/12/2024 05:43:32 PM logger_quiet___org.quietmodem.quiet INFO Running command: chmod +x gradlew && ./gradlew build (install_repos.py:20) (quiet___org.quietmodem.quiet)
09/12/2024 05:43:32 PM logger_quiet___org.quietmodem.quiet INFO Logging output to: logs/repos/repos_400_c_round_two_install_logs_with_make_cmake_gradlew_meson_scons_bazel_2024-09-12_17-35-05/quiet___org.quietmodem.quiet_build.log (install_repos.py:21) (quiet___org.quietmodem.quiet)
09/12/2024 05:43:33 PM logger_quiet___org.quietmodem.quiet DEBUG  (install_repos.py:38) (quiet___org.quietmodem.quiet)
09/12/2024 05:43:33 PM logger_quiet___org.quietmodem.quiet DEBUG FAILURE: Build failed with an exception. (install_repos.py:38) (quiet___org.quietmodem.quiet)
09/12/2024 05:43:33 PM logger_quiet___org.quietmodem.quiet DEBUG  (install_repos.py:38) (quiet___org.quietmodem.quiet)
09/12/2024 05:43:33 PM logger_quiet___org.quietmodem.quiet DEBUG * What went wrong: (install_repos.py:38) (quiet___org.quietmodem.quiet)
09/12/2024 05:43:33 PM logger_quiet___org.quietmodem.quiet DEBUG Could not determine java version from '17.0.12'. (install_repos.py:38) (quiet___org.quietmodem.quiet)
09/12/2024 05:43:33 PM logger_quiet___org.quietmodem.quiet DEBUG  (install_repos.py:38) (quiet___org.quietmodem.quiet)
09/12/2024 05:43:33 PM logger_quiet___org.quietmodem.quiet DEBUG * Try: (install_repos.py:38) (quiet___org.quietmodem.quiet)
09/12/2024 05:43:33 PM logger_quiet___org.quietmodem.quiet DEBUG Run with --stacktrace option to get the stack trace. Run with --info or --debug option to get more log output. (install_repos.py:38) (quiet___org.quietmodem.quiet)
09/12/2024 05:43:33 PM logger_quiet___org.quietmodem.quiet ERROR Error: Build failed for quiet___org.quietmodem.quiet
Build failed for reason: gradle failed (install_repos.py:295) (quiet___org.quietmodem.quiet)
