09/12/2024 05:43:22 PM logger_s-macke___sam INFO <<<<<<<<<<<<<<<<<< Logger setup anew <<<<<<<<<<<<<<<<<<< (utils.py:39) (s-macke___sam)
09/12/2024 05:43:22 PM logger_s-macke___sam INFO Analyzing repos/repos_400_c_round_two/s-macke___sam (install_repos.py:285) (s-macke___sam)
09/12/2024 05:43:23 PM logger_s-macke___sam INFO Checking for build system in repos/repos_400_c_round_two/s-macke___sam/src (install_repos.py:267) (s-macke___sam)
09/12/2024 05:43:23 PM logger_s-macke___sam INFO Running make (install_repos.py:51) (s-macke___sam)
09/12/2024 05:43:23 PM logger_s-macke___sam INFO Running command: make clean (install_repos.py:20) (s-macke___sam)
09/12/2024 05:43:23 PM logger_s-macke___sam INFO Logging output to: logs/repos/repos_400_c_round_two_install_logs_with_make_cmake_gradlew_meson_scons_bazel_2024-09-12_17-35-05/s-macke___sam_build.log (install_repos.py:21) (s-macke___sam)
09/12/2024 05:43:23 PM logger_s-macke___sam DEBUG rm -f *.o (install_repos.py:38) (s-macke___sam)
09/12/2024 05:43:23 PM logger_s-macke___sam INFO Running command: make distclean (install_repos.py:20) (s-macke___sam)
09/12/2024 05:43:23 PM logger_s-macke___sam INFO Logging output to: logs/repos/repos_400_c_round_two_install_logs_with_make_cmake_gradlew_meson_scons_bazel_2024-09-12_17-35-05/s-macke___sam_build.log (install_repos.py:21) (s-macke___sam)
09/12/2024 05:43:23 PM logger_s-macke___sam DEBUG make: *** No rule to make target 'distclean'.  Stop. (install_repos.py:38) (s-macke___sam)
09/12/2024 05:43:23 PM logger_s-macke___sam INFO Running command: rm -rf autom4te.cache (install_repos.py:20) (s-macke___sam)
09/12/2024 05:43:23 PM logger_s-macke___sam INFO Logging output to: logs/repos/repos_400_c_round_two_install_logs_with_make_cmake_gradlew_meson_scons_bazel_2024-09-12_17-35-05/s-macke___sam_build.log (install_repos.py:21) (s-macke___sam)
09/12/2024 05:43:23 PM logger_s-macke___sam INFO Running command: rm -f config.status config.cache config.log (install_repos.py:20) (s-macke___sam)
09/12/2024 05:43:23 PM logger_s-macke___sam INFO Logging output to: logs/repos/repos_400_c_round_two_install_logs_with_make_cmake_gradlew_meson_scons_bazel_2024-09-12_17-35-05/s-macke___sam_build.log (install_repos.py:21) (s-macke___sam)
09/12/2024 05:43:23 PM logger_s-macke___sam INFO Running autogen (install_repos.py:57) (s-macke___sam)
09/12/2024 05:43:23 PM logger_s-macke___sam INFO Running command: ./autogen (install_repos.py:20) (s-macke___sam)
09/12/2024 05:43:23 PM logger_s-macke___sam INFO Logging output to: logs/repos/repos_400_c_round_two_install_logs_with_make_cmake_gradlew_meson_scons_bazel_2024-09-12_17-35-05/s-macke___sam_build.log (install_repos.py:21) (s-macke___sam)
09/12/2024 05:43:23 PM logger_s-macke___sam DEBUG /bin/sh: 1: ./autogen: not found (install_repos.py:38) (s-macke___sam)
09/12/2024 05:43:23 PM logger_s-macke___sam INFO Running ./configure (install_repos.py:61) (s-macke___sam)
09/12/2024 05:43:23 PM logger_s-macke___sam INFO Running command: ./configure (install_repos.py:20) (s-macke___sam)
09/12/2024 05:43:23 PM logger_s-macke___sam INFO Logging output to: logs/repos/repos_400_c_round_two_install_logs_with_make_cmake_gradlew_meson_scons_bazel_2024-09-12_17-35-05/s-macke___sam_build.log (install_repos.py:21) (s-macke___sam)
09/12/2024 05:43:23 PM logger_s-macke___sam DEBUG /bin/sh: 1: ./configure: not found (install_repos.py:38) (s-macke___sam)
09/12/2024 05:43:23 PM logger_s-macke___sam INFO Running make (install_repos.py:69) (s-macke___sam)
09/12/2024 05:43:23 PM logger_s-macke___sam INFO Running command: make (install_repos.py:20) (s-macke___sam)
09/12/2024 05:43:23 PM logger_s-macke___sam INFO Logging output to: logs/repos/repos_400_c_round_two_install_logs_with_make_cmake_gradlew_meson_scons_bazel_2024-09-12_17-35-05/s-macke___sam_build.log (install_repos.py:21) (s-macke___sam)
09/12/2024 05:43:23 PM logger_s-macke___sam DEBUG gcc -Wall -Os -DUSESDL `sdl-config --cflags` -c src/reciter.c (install_repos.py:38) (s-macke___sam)
09/12/2024 05:43:23 PM logger_s-macke___sam DEBUG /bin/sh: 1: sdl-config: not found (install_repos.py:38) (s-macke___sam)
09/12/2024 05:43:23 PM logger_s-macke___sam DEBUG gcc -Wall -Os -DUSESDL `sdl-config --cflags` -c src/sam.c (install_repos.py:38) (s-macke___sam)
09/12/2024 05:43:23 PM logger_s-macke___sam DEBUG /bin/sh: 1: sdl-config: not found (install_repos.py:38) (s-macke___sam)
09/12/2024 05:43:23 PM logger_s-macke___sam DEBUG src/sam.c: In function ‘AdjustLengths’: (install_repos.py:38) (s-macke___sam)
09/12/2024 05:43:23 PM logger_s-macke___sam DEBUG src/sam.c:1178:23: warning: array subscript 255 is above array bounds of ‘const unsigned char[81]’ [-Warray-bounds] (install_repos.py:38) (s-macke___sam)
09/12/2024 05:43:23 PM logger_s-macke___sam DEBUG 1178 |             if ((flags[index] & 64) == 0) (install_repos.py:38) (s-macke___sam)
09/12/2024 05:43:23 PM logger_s-macke___sam DEBUG |                  ~~~~~^~~~~~~ (install_repos.py:38) (s-macke___sam)
09/12/2024 05:43:23 PM logger_s-macke___sam DEBUG In file included from src/sam.c:7: (install_repos.py:38) (s-macke___sam)
09/12/2024 05:43:23 PM logger_s-macke___sam DEBUG src/SamTabs.h:42:21: note: while referencing ‘flags’ (install_repos.py:38) (s-macke___sam)
09/12/2024 05:43:23 PM logger_s-macke___sam DEBUG 42 | const unsigned char flags[]={ (install_repos.py:38) (s-macke___sam)
09/12/2024 05:43:23 PM logger_s-macke___sam DEBUG |                     ^~~~~ (install_repos.py:38) (s-macke___sam)
09/12/2024 05:43:23 PM logger_s-macke___sam DEBUG gcc -Wall -Os -DUSESDL `sdl-config --cflags` -c src/render.c (install_repos.py:38) (s-macke___sam)
09/12/2024 05:43:23 PM logger_s-macke___sam DEBUG /bin/sh: 1: sdl-config: not found (install_repos.py:38) (s-macke___sam)
09/12/2024 05:43:23 PM logger_s-macke___sam DEBUG gcc -Wall -Os -DUSESDL `sdl-config --cflags` -c src/main.c (install_repos.py:38) (s-macke___sam)
09/12/2024 05:43:23 PM logger_s-macke___sam DEBUG /bin/sh: 1: sdl-config: not found (install_repos.py:38) (s-macke___sam)
09/12/2024 05:43:23 PM logger_s-macke___sam DEBUG src/main.c:11:10: fatal error: SDL.h: No such file or directory (install_repos.py:38) (s-macke___sam)
09/12/2024 05:43:23 PM logger_s-macke___sam DEBUG 11 | #include <SDL.h> (install_repos.py:38) (s-macke___sam)
09/12/2024 05:43:23 PM logger_s-macke___sam DEBUG |          ^~~~~~~ (install_repos.py:38) (s-macke___sam)
09/12/2024 05:43:23 PM logger_s-macke___sam DEBUG compilation terminated. (install_repos.py:38) (s-macke___sam)
09/12/2024 05:43:23 PM logger_s-macke___sam DEBUG make: *** [Makefile:17: main.o] Error 1 (install_repos.py:38) (s-macke___sam)
09/12/2024 05:43:23 PM logger_s-macke___sam ERROR Error: Build failed for s-macke___sam
Build failed for reason: make failed (install_repos.py:295) (s-macke___sam)
