09/12/2024 06:07:49 PM logger_samr7___vanitygen INFO <<<<<<<<<<<<<<<<<< Logger setup anew <<<<<<<<<<<<<<<<<<< (utils.py:39) (samr7___vanitygen)
09/12/2024 06:07:49 PM logger_samr7___vanitygen INFO Analyzing repos/repos_400_c_round_two/samr7___vanitygen (install_repos.py:285) (samr7___vanitygen)
09/12/2024 06:07:49 PM logger_samr7___vanitygen INFO Running make (install_repos.py:51) (samr7___vanitygen)
09/12/2024 06:07:49 PM logger_samr7___vanitygen INFO Running command: make clean (install_repos.py:20) (samr7___vanitygen)
09/12/2024 06:07:49 PM logger_samr7___vanitygen INFO Logging output to: logs/repos/repos_400_c_round_two_install_logs_with_make_cmake_gradlew_meson_scons_bazel_2024-09-12_17-35-05/samr7___vanitygen_build.log (install_repos.py:21) (samr7___vanitygen)
09/12/2024 06:07:49 PM logger_samr7___vanitygen DEBUG rm -f vanitygen.o oclvanitygen.o oclvanityminer.o oclengine.o keyconv.o pattern.o util.o vanitygen keyconv oclvanitygen oclvanityminer (install_repos.py:38) (samr7___vanitygen)
09/12/2024 06:07:49 PM logger_samr7___vanitygen INFO Running command: make distclean (install_repos.py:20) (samr7___vanitygen)
09/12/2024 06:07:49 PM logger_samr7___vanitygen INFO Logging output to: logs/repos/repos_400_c_round_two_install_logs_with_make_cmake_gradlew_meson_scons_bazel_2024-09-12_17-35-05/samr7___vanitygen_build.log (install_repos.py:21) (samr7___vanitygen)
09/12/2024 06:07:49 PM logger_samr7___vanitygen DEBUG make: *** No rule to make target 'distclean'.  Stop. (install_repos.py:38) (samr7___vanitygen)
09/12/2024 06:07:49 PM logger_samr7___vanitygen INFO Running command: rm -rf autom4te.cache (install_repos.py:20) (samr7___vanitygen)
09/12/2024 06:07:49 PM logger_samr7___vanitygen INFO Logging output to: logs/repos/repos_400_c_round_two_install_logs_with_make_cmake_gradlew_meson_scons_bazel_2024-09-12_17-35-05/samr7___vanitygen_build.log (install_repos.py:21) (samr7___vanitygen)
09/12/2024 06:07:49 PM logger_samr7___vanitygen INFO Running command: rm -f config.status config.cache config.log (install_repos.py:20) (samr7___vanitygen)
09/12/2024 06:07:49 PM logger_samr7___vanitygen INFO Logging output to: logs/repos/repos_400_c_round_two_install_logs_with_make_cmake_gradlew_meson_scons_bazel_2024-09-12_17-35-05/samr7___vanitygen_build.log (install_repos.py:21) (samr7___vanitygen)
09/12/2024 06:07:49 PM logger_samr7___vanitygen INFO Running autogen (install_repos.py:57) (samr7___vanitygen)
09/12/2024 06:07:49 PM logger_samr7___vanitygen INFO Running command: ./autogen (install_repos.py:20) (samr7___vanitygen)
09/12/2024 06:07:49 PM logger_samr7___vanitygen INFO Logging output to: logs/repos/repos_400_c_round_two_install_logs_with_make_cmake_gradlew_meson_scons_bazel_2024-09-12_17-35-05/samr7___vanitygen_build.log (install_repos.py:21) (samr7___vanitygen)
09/12/2024 06:07:49 PM logger_samr7___vanitygen DEBUG /bin/sh: 1: ./autogen: not found (install_repos.py:38) (samr7___vanitygen)
09/12/2024 06:07:49 PM logger_samr7___vanitygen INFO Running ./configure (install_repos.py:61) (samr7___vanitygen)
09/12/2024 06:07:49 PM logger_samr7___vanitygen INFO Running command: ./configure (install_repos.py:20) (samr7___vanitygen)
09/12/2024 06:07:49 PM logger_samr7___vanitygen INFO Logging output to: logs/repos/repos_400_c_round_two_install_logs_with_make_cmake_gradlew_meson_scons_bazel_2024-09-12_17-35-05/samr7___vanitygen_build.log (install_repos.py:21) (samr7___vanitygen)
09/12/2024 06:07:49 PM logger_samr7___vanitygen DEBUG /bin/sh: 1: ./configure: not found (install_repos.py:38) (samr7___vanitygen)
09/12/2024 06:07:49 PM logger_samr7___vanitygen INFO Running make (install_repos.py:69) (samr7___vanitygen)
09/12/2024 06:07:49 PM logger_samr7___vanitygen INFO Running command: make (install_repos.py:20) (samr7___vanitygen)
09/12/2024 06:07:49 PM logger_samr7___vanitygen INFO Logging output to: logs/repos/repos_400_c_round_two_install_logs_with_make_cmake_gradlew_meson_scons_bazel_2024-09-12_17-35-05/samr7___vanitygen_build.log (install_repos.py:21) (samr7___vanitygen)
09/12/2024 06:07:49 PM logger_samr7___vanitygen DEBUG cc -ggdb -O3 -Wall   -c -o vanitygen.o vanitygen.c (install_repos.py:38) (samr7___vanitygen)
09/12/2024 06:07:49 PM logger_samr7___vanitygen DEBUG vanitygen.c:26:10: fatal error: openssl/sha.h: No such file or directory (install_repos.py:38) (samr7___vanitygen)
09/12/2024 06:07:49 PM logger_samr7___vanitygen DEBUG 26 | #include <openssl/sha.h> (install_repos.py:38) (samr7___vanitygen)
09/12/2024 06:07:49 PM logger_samr7___vanitygen DEBUG |          ^~~~~~~~~~~~~~~ (install_repos.py:38) (samr7___vanitygen)
09/12/2024 06:07:49 PM logger_samr7___vanitygen DEBUG compilation terminated. (install_repos.py:38) (samr7___vanitygen)
09/12/2024 06:07:49 PM logger_samr7___vanitygen DEBUG make: *** [<builtin>: vanitygen.o] Error 1 (install_repos.py:38) (samr7___vanitygen)
09/12/2024 06:07:49 PM logger_samr7___vanitygen ERROR Error: Build failed for samr7___vanitygen
Build failed for reason: make failed (install_repos.py:295) (samr7___vanitygen)
