09/12/2024 05:56:07 PM logger_snavely___bundler_sfm INFO <<<<<<<<<<<<<<<<<< Logger setup anew <<<<<<<<<<<<<<<<<<< (utils.py:39) (snavely___bundler_sfm)
09/12/2024 05:56:07 PM logger_snavely___bundler_sfm INFO Analyzing repos/repos_400_c_round_two/snavely___bundler_sfm (install_repos.py:285) (snavely___bundler_sfm)
09/12/2024 05:56:07 PM logger_snavely___bundler_sfm INFO Checking for build system in repos/repos_400_c_round_two/snavely___bundler_sfm/src (install_repos.py:267) (snavely___bundler_sfm)
09/12/2024 05:56:07 PM logger_snavely___bundler_sfm INFO Running make (install_repos.py:51) (snavely___bundler_sfm)
09/12/2024 05:56:07 PM logger_snavely___bundler_sfm INFO Running command: make clean (install_repos.py:20) (snavely___bundler_sfm)
09/12/2024 05:56:07 PM logger_snavely___bundler_sfm INFO Logging output to: logs/repos/repos_400_c_round_two_install_logs_with_make_cmake_gradlew_meson_scons_bazel_2024-09-12_17-35-05/snavely___bundler_sfm_build.log (install_repos.py:21) (snavely___bundler_sfm)
09/12/2024 05:56:07 PM logger_snavely___bundler_sfm DEBUG cd lib/5point; make clean (install_repos.py:38) (snavely___bundler_sfm)
09/12/2024 05:56:07 PM logger_snavely___bundler_sfm DEBUG make[1]: Entering directory '/INSTALL_C/repos/repos_400_c_round_two/snavely___bundler_sfm/lib/5point' (install_repos.py:38) (snavely___bundler_sfm)
09/12/2024 05:56:07 PM logger_snavely___bundler_sfm DEBUG rm -f lib5point.a *.o *~ (install_repos.py:38) (snavely___bundler_sfm)
09/12/2024 05:56:07 PM logger_snavely___bundler_sfm DEBUG make[1]: Leaving directory '/INSTALL_C/repos/repos_400_c_round_two/snavely___bundler_sfm/lib/5point' (install_repos.py:38) (snavely___bundler_sfm)
09/12/2024 05:56:07 PM logger_snavely___bundler_sfm DEBUG cd lib/ann_1.1_char; make clean (install_repos.py:38) (snavely___bundler_sfm)
09/12/2024 05:56:07 PM logger_snavely___bundler_sfm DEBUG make[1]: Entering directory '/INSTALL_C/repos/repos_400_c_round_two/snavely___bundler_sfm/lib/ann_1.1_char' (install_repos.py:38) (snavely___bundler_sfm)
09/12/2024 05:56:07 PM logger_snavely___bundler_sfm DEBUG cd src ; make clean (install_repos.py:38) (snavely___bundler_sfm)
09/12/2024 05:56:07 PM logger_snavely___bundler_sfm DEBUG make[2]: Entering directory '/INSTALL_C/repos/repos_400_c_round_two/snavely___bundler_sfm/lib/ann_1.1_char/src' (install_repos.py:38) (snavely___bundler_sfm)
09/12/2024 05:56:07 PM logger_snavely___bundler_sfm DEBUG rm -f *.o core (install_repos.py:38) (snavely___bundler_sfm)
09/12/2024 05:56:07 PM logger_snavely___bundler_sfm DEBUG make[2]: Leaving directory '/INSTALL_C/repos/repos_400_c_round_two/snavely___bundler_sfm/lib/ann_1.1_char/src' (install_repos.py:38) (snavely___bundler_sfm)
09/12/2024 05:56:07 PM logger_snavely___bundler_sfm DEBUG make[1]: Leaving directory '/INSTALL_C/repos/repos_400_c_round_two/snavely___bundler_sfm/lib/ann_1.1_char' (install_repos.py:38) (snavely___bundler_sfm)
09/12/2024 05:56:07 PM logger_snavely___bundler_sfm DEBUG cd lib/imagelib; make clean (install_repos.py:38) (snavely___bundler_sfm)
09/12/2024 05:56:07 PM logger_snavely___bundler_sfm DEBUG make[1]: Entering directory '/INSTALL_C/repos/repos_400_c_round_two/snavely___bundler_sfm/lib/imagelib' (install_repos.py:38) (snavely___bundler_sfm)
09/12/2024 05:56:07 PM logger_snavely___bundler_sfm DEBUG rm -f *.o *~ libimage.a (install_repos.py:38) (snavely___bundler_sfm)
09/12/2024 05:56:07 PM logger_snavely___bundler_sfm DEBUG make[1]: Leaving directory '/INSTALL_C/repos/repos_400_c_round_two/snavely___bundler_sfm/lib/imagelib' (install_repos.py:38) (snavely___bundler_sfm)
09/12/2024 05:56:07 PM logger_snavely___bundler_sfm DEBUG cd lib/matrix; make clean (install_repos.py:38) (snavely___bundler_sfm)
09/12/2024 05:56:07 PM logger_snavely___bundler_sfm DEBUG make[1]: Entering directory '/INSTALL_C/repos/repos_400_c_round_two/snavely___bundler_sfm/lib/matrix' (install_repos.py:38) (snavely___bundler_sfm)
09/12/2024 05:56:07 PM logger_snavely___bundler_sfm DEBUG rm -f *.o libmatrix.a *~ (install_repos.py:38) (snavely___bundler_sfm)
09/12/2024 05:56:07 PM logger_snavely___bundler_sfm DEBUG make[1]: Leaving directory '/INSTALL_C/repos/repos_400_c_round_two/snavely___bundler_sfm/lib/matrix' (install_repos.py:38) (snavely___bundler_sfm)
09/12/2024 05:56:07 PM logger_snavely___bundler_sfm DEBUG cd lib/sba-1.5; make clean (install_repos.py:38) (snavely___bundler_sfm)
09/12/2024 05:56:07 PM logger_snavely___bundler_sfm DEBUG make[1]: Entering directory '/INSTALL_C/repos/repos_400_c_round_two/snavely___bundler_sfm/lib/sba-1.5' (install_repos.py:38) (snavely___bundler_sfm)
09/12/2024 05:56:07 PM logger_snavely___bundler_sfm DEBUG make[1]: Leaving directory '/INSTALL_C/repos/repos_400_c_round_two/snavely___bundler_sfm/lib/sba-1.5' (install_repos.py:38) (snavely___bundler_sfm)
09/12/2024 05:56:07 PM logger_snavely___bundler_sfm DEBUG cd lib/sfm-driver; make clean (install_repos.py:38) (snavely___bundler_sfm)
09/12/2024 05:56:07 PM logger_snavely___bundler_sfm DEBUG make[1]: Entering directory '/INSTALL_C/repos/repos_400_c_round_two/snavely___bundler_sfm/lib/sfm-driver' (install_repos.py:38) (snavely___bundler_sfm)
09/12/2024 05:56:07 PM logger_snavely___bundler_sfm DEBUG rm -f libsfmdrv.a *.o *~ (install_repos.py:38) (snavely___bundler_sfm)
09/12/2024 05:56:07 PM logger_snavely___bundler_sfm DEBUG make[1]: Leaving directory '/INSTALL_C/repos/repos_400_c_round_two/snavely___bundler_sfm/lib/sfm-driver' (install_repos.py:38) (snavely___bundler_sfm)
09/12/2024 05:56:07 PM logger_snavely___bundler_sfm DEBUG cd lib/minpack; make clean (install_repos.py:38) (snavely___bundler_sfm)
09/12/2024 05:56:07 PM logger_snavely___bundler_sfm DEBUG make[1]: Entering directory '/INSTALL_C/repos/repos_400_c_round_two/snavely___bundler_sfm/lib/minpack' (install_repos.py:38) (snavely___bundler_sfm)
09/12/2024 05:56:07 PM logger_snavely___bundler_sfm DEBUG rm -f *.o *~ libminpack.a (install_repos.py:38) (snavely___bundler_sfm)
09/12/2024 05:56:07 PM logger_snavely___bundler_sfm DEBUG make[1]: Leaving directory '/INSTALL_C/repos/repos_400_c_round_two/snavely___bundler_sfm/lib/minpack' (install_repos.py:38) (snavely___bundler_sfm)
09/12/2024 05:56:07 PM logger_snavely___bundler_sfm DEBUG cd lib/cblas; make clean (install_repos.py:38) (snavely___bundler_sfm)
09/12/2024 05:56:07 PM logger_snavely___bundler_sfm DEBUG make[1]: Entering directory '/INSTALL_C/repos/repos_400_c_round_two/snavely___bundler_sfm/lib/cblas' (install_repos.py:38) (snavely___bundler_sfm)
09/12/2024 05:56:07 PM logger_snavely___bundler_sfm DEBUG rm -f *.o *~ (install_repos.py:38) (snavely___bundler_sfm)
09/12/2024 05:56:07 PM logger_snavely___bundler_sfm DEBUG make[1]: Leaving directory '/INSTALL_C/repos/repos_400_c_round_two/snavely___bundler_sfm/lib/cblas' (install_repos.py:38) (snavely___bundler_sfm)
09/12/2024 05:56:07 PM logger_snavely___bundler_sfm DEBUG cd lib/f2c; make clean (install_repos.py:38) (snavely___bundler_sfm)
09/12/2024 05:56:07 PM logger_snavely___bundler_sfm DEBUG make[1]: Entering directory '/INSTALL_C/repos/repos_400_c_round_two/snavely___bundler_sfm/lib/f2c' (install_repos.py:38) (snavely___bundler_sfm)
09/12/2024 05:56:07 PM logger_snavely___bundler_sfm DEBUG rm -f libf2c.a *.o arith.h signal1.h sysdep1.h (install_repos.py:38) (snavely___bundler_sfm)
09/12/2024 05:56:07 PM logger_snavely___bundler_sfm DEBUG make[1]: Leaving directory '/INSTALL_C/repos/repos_400_c_round_two/snavely___bundler_sfm/lib/f2c' (install_repos.py:38) (snavely___bundler_sfm)
09/12/2024 05:56:07 PM logger_snavely___bundler_sfm DEBUG cd src; make clean (install_repos.py:38) (snavely___bundler_sfm)
09/12/2024 05:56:07 PM logger_snavely___bundler_sfm DEBUG make[1]: Entering directory '/INSTALL_C/repos/repos_400_c_round_two/snavely___bundler_sfm/src' (install_repos.py:38) (snavely___bundler_sfm)
09/12/2024 05:56:07 PM logger_snavely___bundler_sfm DEBUG rm -f *.o *~ bundler KeyMatchFull Bundle2PMVS \ (install_repos.py:38) (snavely___bundler_sfm)
09/12/2024 05:56:07 PM logger_snavely___bundler_sfm DEBUG Bundle2Vis RadialUndistort (install_repos.py:38) (snavely___bundler_sfm)
09/12/2024 05:56:07 PM logger_snavely___bundler_sfm DEBUG make[1]: Leaving directory '/INSTALL_C/repos/repos_400_c_round_two/snavely___bundler_sfm/src' (install_repos.py:38) (snavely___bundler_sfm)
09/12/2024 05:56:07 PM logger_snavely___bundler_sfm DEBUG rm -f bin/bundler bin/KeyMatchFull bin/Bundle2PMVS bin/Bundle2Vis bin/RadialUndistort (install_repos.py:38) (snavely___bundler_sfm)
09/12/2024 05:56:07 PM logger_snavely___bundler_sfm DEBUG rm -f lib/*.a (install_repos.py:38) (snavely___bundler_sfm)
09/12/2024 05:56:07 PM logger_snavely___bundler_sfm INFO Running command: make distclean (install_repos.py:20) (snavely___bundler_sfm)
09/12/2024 05:56:07 PM logger_snavely___bundler_sfm INFO Logging output to: logs/repos/repos_400_c_round_two_install_logs_with_make_cmake_gradlew_meson_scons_bazel_2024-09-12_17-35-05/snavely___bundler_sfm_build.log (install_repos.py:21) (snavely___bundler_sfm)
09/12/2024 05:56:07 PM logger_snavely___bundler_sfm DEBUG make: *** No rule to make target 'distclean'.  Stop. (install_repos.py:38) (snavely___bundler_sfm)
09/12/2024 05:56:07 PM logger_snavely___bundler_sfm INFO Running command: rm -rf autom4te.cache (install_repos.py:20) (snavely___bundler_sfm)
09/12/2024 05:56:07 PM logger_snavely___bundler_sfm INFO Logging output to: logs/repos/repos_400_c_round_two_install_logs_with_make_cmake_gradlew_meson_scons_bazel_2024-09-12_17-35-05/snavely___bundler_sfm_build.log (install_repos.py:21) (snavely___bundler_sfm)
09/12/2024 05:56:07 PM logger_snavely___bundler_sfm INFO Running command: rm -f config.status config.cache config.log (install_repos.py:20) (snavely___bundler_sfm)
09/12/2024 05:56:07 PM logger_snavely___bundler_sfm INFO Logging output to: logs/repos/repos_400_c_round_two_install_logs_with_make_cmake_gradlew_meson_scons_bazel_2024-09-12_17-35-05/snavely___bundler_sfm_build.log (install_repos.py:21) (snavely___bundler_sfm)
09/12/2024 05:56:07 PM logger_snavely___bundler_sfm INFO Running autogen (install_repos.py:57) (snavely___bundler_sfm)
09/12/2024 05:56:07 PM logger_snavely___bundler_sfm INFO Running command: ./autogen (install_repos.py:20) (snavely___bundler_sfm)
09/12/2024 05:56:07 PM logger_snavely___bundler_sfm INFO Logging output to: logs/repos/repos_400_c_round_two_install_logs_with_make_cmake_gradlew_meson_scons_bazel_2024-09-12_17-35-05/snavely___bundler_sfm_build.log (install_repos.py:21) (snavely___bundler_sfm)
09/12/2024 05:56:07 PM logger_snavely___bundler_sfm DEBUG /bin/sh: 1: ./autogen: not found (install_repos.py:38) (snavely___bundler_sfm)
09/12/2024 05:56:07 PM logger_snavely___bundler_sfm INFO Running ./configure (install_repos.py:61) (snavely___bundler_sfm)
09/12/2024 05:56:07 PM logger_snavely___bundler_sfm INFO Running command: ./configure (install_repos.py:20) (snavely___bundler_sfm)
09/12/2024 05:56:07 PM logger_snavely___bundler_sfm INFO Logging output to: logs/repos/repos_400_c_round_two_install_logs_with_make_cmake_gradlew_meson_scons_bazel_2024-09-12_17-35-05/snavely___bundler_sfm_build.log (install_repos.py:21) (snavely___bundler_sfm)
09/12/2024 05:56:07 PM logger_snavely___bundler_sfm DEBUG /bin/sh: 1: ./configure: not found (install_repos.py:38) (snavely___bundler_sfm)
09/12/2024 05:56:07 PM logger_snavely___bundler_sfm INFO Running make (install_repos.py:69) (snavely___bundler_sfm)
09/12/2024 05:56:07 PM logger_snavely___bundler_sfm INFO Running command: make (install_repos.py:20) (snavely___bundler_sfm)
09/12/2024 05:56:07 PM logger_snavely___bundler_sfm INFO Logging output to: logs/repos/repos_400_c_round_two_install_logs_with_make_cmake_gradlew_meson_scons_bazel_2024-09-12_17-35-05/snavely___bundler_sfm_build.log (install_repos.py:21) (snavely___bundler_sfm)
09/12/2024 05:56:07 PM logger_snavely___bundler_sfm DEBUG cd lib/5point; make (install_repos.py:38) (snavely___bundler_sfm)
09/12/2024 05:56:07 PM logger_snavely___bundler_sfm DEBUG make[1]: Entering directory '/INSTALL_C/repos/repos_400_c_round_two/snavely___bundler_sfm/lib/5point' (install_repos.py:38) (snavely___bundler_sfm)
09/12/2024 05:56:07 PM logger_snavely___bundler_sfm DEBUG gcc  -Wall -O3 -I../matrix -I../imagelib  -c -o 5point.o 5point.c (install_repos.py:38) (snavely___bundler_sfm)
09/12/2024 05:56:07 PM logger_snavely___bundler_sfm DEBUG 5point.c: In function ‘compute_pose_ransac’: (install_repos.py:38) (snavely___bundler_sfm)
09/12/2024 05:56:07 PM logger_snavely___bundler_sfm DEBUG 5point.c:728:13: warning: variable ‘inliers’ set but not used [-Wunused-but-set-variable] (install_repos.py:38) (snavely___bundler_sfm)
09/12/2024 05:56:07 PM logger_snavely___bundler_sfm DEBUG 728 |         int inliers = 0; (install_repos.py:38) (snavely___bundler_sfm)
09/12/2024 05:56:07 PM logger_snavely___bundler_sfm DEBUG |             ^~~~~~~ (install_repos.py:38) (snavely___bundler_sfm)
09/12/2024 05:56:07 PM logger_snavely___bundler_sfm DEBUG 5point.c:618:18: warning: variable ‘l_best’ set but not used [-Wunused-but-set-variable] (install_repos.py:38) (snavely___bundler_sfm)
09/12/2024 05:56:07 PM logger_snavely___bundler_sfm DEBUG 618 |     v2_t r_best, l_best; (install_repos.py:38) (snavely___bundler_sfm)
09/12/2024 05:56:07 PM logger_snavely___bundler_sfm DEBUG |                  ^~~~~~ (install_repos.py:38) (snavely___bundler_sfm)
09/12/2024 05:56:07 PM logger_snavely___bundler_sfm DEBUG 5point.c:618:10: warning: variable ‘r_best’ set but not used [-Wunused-but-set-variable] (install_repos.py:38) (snavely___bundler_sfm)
09/12/2024 05:56:07 PM logger_snavely___bundler_sfm DEBUG 618 |     v2_t r_best, l_best; (install_repos.py:38) (snavely___bundler_sfm)
09/12/2024 05:56:07 PM logger_snavely___bundler_sfm DEBUG |          ^~~~~~ (install_repos.py:38) (snavely___bundler_sfm)
09/12/2024 05:56:08 PM logger_snavely___bundler_sfm DEBUG gcc  -Wall -O3 -I../matrix -I../imagelib  -c -o poly1.o poly1.c (install_repos.py:38) (snavely___bundler_sfm)
09/12/2024 05:56:08 PM logger_snavely___bundler_sfm DEBUG gcc  -Wall -O3 -I../matrix -I../imagelib  -c -o poly3.o poly3.c (install_repos.py:38) (snavely___bundler_sfm)
09/12/2024 05:56:08 PM logger_snavely___bundler_sfm DEBUG ar r lib5point.a 5point.o poly1.o poly3.o (install_repos.py:38) (snavely___bundler_sfm)
09/12/2024 05:56:08 PM logger_snavely___bundler_sfm DEBUG ar: creating lib5point.a (install_repos.py:38) (snavely___bundler_sfm)
09/12/2024 05:56:08 PM logger_snavely___bundler_sfm DEBUG cp lib5point.a .. (install_repos.py:38) (snavely___bundler_sfm)
09/12/2024 05:56:08 PM logger_snavely___bundler_sfm DEBUG make[1]: Leaving directory '/INSTALL_C/repos/repos_400_c_round_two/snavely___bundler_sfm/lib/5point' (install_repos.py:38) (snavely___bundler_sfm)
09/12/2024 05:56:08 PM logger_snavely___bundler_sfm DEBUG cd lib/ann_1.1_char; make linux-g++-shared (install_repos.py:38) (snavely___bundler_sfm)
09/12/2024 05:56:08 PM logger_snavely___bundler_sfm DEBUG make[1]: Entering directory '/INSTALL_C/repos/repos_400_c_round_two/snavely___bundler_sfm/lib/ann_1.1_char' (install_repos.py:38) (snavely___bundler_sfm)
09/12/2024 05:56:08 PM logger_snavely___bundler_sfm DEBUG cd src ; make linux-g++-shared (install_repos.py:38) (snavely___bundler_sfm)
09/12/2024 05:56:08 PM logger_snavely___bundler_sfm DEBUG make[2]: Entering directory '/INSTALL_C/repos/repos_400_c_round_two/snavely___bundler_sfm/lib/ann_1.1_char/src' (install_repos.py:38) (snavely___bundler_sfm)
09/12/2024 05:56:08 PM logger_snavely___bundler_sfm DEBUG make targets \ (install_repos.py:38) (snavely___bundler_sfm)
09/12/2024 05:56:08 PM logger_snavely___bundler_sfm DEBUG "ANNLIB = libANN_char.so" \ (install_repos.py:38) (snavely___bundler_sfm)
09/12/2024 05:56:08 PM logger_snavely___bundler_sfm DEBUG "C++ = g++" \ (install_repos.py:38) (snavely___bundler_sfm)
09/12/2024 05:56:08 PM logger_snavely___bundler_sfm DEBUG "CFLAGS = -g2 -fPIC" \ (install_repos.py:38) (snavely___bundler_sfm)
09/12/2024 05:56:08 PM logger_snavely___bundler_sfm DEBUG "MAKELIB = g++ -shared -o " \ (install_repos.py:38) (snavely___bundler_sfm)
09/12/2024 05:56:08 PM logger_snavely___bundler_sfm DEBUG "RANLIB = true" (install_repos.py:38) (snavely___bundler_sfm)
09/12/2024 05:56:08 PM logger_snavely___bundler_sfm DEBUG make[3]: Entering directory '/INSTALL_C/repos/repos_400_c_round_two/snavely___bundler_sfm/lib/ann_1.1_char/src' (install_repos.py:38) (snavely___bundler_sfm)
09/12/2024 05:56:08 PM logger_snavely___bundler_sfm DEBUG g++ -c -I../include -g2 -fPIC ANN.cpp (install_repos.py:38) (snavely___bundler_sfm)
09/12/2024 05:56:09 PM logger_snavely___bundler_sfm DEBUG ANN.cpp: In function ‘ann_1_1_char::ANNdist ann_1_1_char::annDist(int, ANNpoint, ANNpoint)’: (install_repos.py:38) (snavely___bundler_sfm)
09/12/2024 05:56:09 PM logger_snavely___bundler_sfm DEBUG ANN.cpp:52:22: warning: ISO C++17 does not allow ‘register’ storage class specifier [-Wregister] (install_repos.py:38) (snavely___bundler_sfm)
09/12/2024 05:56:09 PM logger_snavely___bundler_sfm DEBUG 52 |         register int d; (install_repos.py:38) (snavely___bundler_sfm)
09/12/2024 05:56:09 PM logger_snavely___bundler_sfm DEBUG |                      ^ (install_repos.py:38) (snavely___bundler_sfm)
09/12/2024 05:56:09 PM logger_snavely___bundler_sfm DEBUG ANN.cpp:53:27: warning: ISO C++17 does not allow ‘register’ storage class specifier [-Wregister] (install_repos.py:38) (snavely___bundler_sfm)
09/12/2024 05:56:09 PM logger_snavely___bundler_sfm DEBUG 53 |         register ANNcoord diff; (install_repos.py:38) (snavely___bundler_sfm)
09/12/2024 05:56:09 PM logger_snavely___bundler_sfm DEBUG |                           ^~~~ (install_repos.py:38) (snavely___bundler_sfm)
09/12/2024 05:56:09 PM logger_snavely___bundler_sfm DEBUG ANN.cpp:54:27: warning: ISO C++17 does not allow ‘register’ storage class specifier [-Wregister] (install_repos.py:38) (snavely___bundler_sfm)
09/12/2024 05:56:09 PM logger_snavely___bundler_sfm DEBUG 54 |         register ANNcoord dist; (install_repos.py:38) (snavely___bundler_sfm)
09/12/2024 05:56:09 PM logger_snavely___bundler_sfm DEBUG |                           ^~~~ (install_repos.py:38) (snavely___bundler_sfm)
09/12/2024 05:56:09 PM logger_snavely___bundler_sfm DEBUG g++ -c -I../include -g2 -fPIC brute.cpp (install_repos.py:38) (snavely___bundler_sfm)
09/12/2024 05:56:09 PM logger_snavely___bundler_sfm DEBUG In file included from brute.cpp:28: (install_repos.py:38) (snavely___bundler_sfm)
09/12/2024 05:56:09 PM logger_snavely___bundler_sfm DEBUG pr_queue_k.h: In member function ‘void ann_1_1_char::ANNmin_k::insert(ann_1_1_char::PQKkey, ann_1_1_char::PQKinfo)’: (install_repos.py:38) (snavely___bundler_sfm)
09/12/2024 05:56:09 PM logger_snavely___bundler_sfm DEBUG pr_queue_k.h:106:38: warning: ISO C++17 does not allow ‘register’ storage class specifier [-Wregister] (install_repos.py:38) (snavely___bundler_sfm)
09/12/2024 05:56:09 PM logger_snavely___bundler_sfm DEBUG 106 |                         register int i; (install_repos.py:38) (snavely___bundler_sfm)
09/12/2024 05:56:09 PM logger_snavely___bundler_sfm DEBUG |                                      ^ (install_repos.py:38) (snavely___bundler_sfm)
09/12/2024 05:56:09 PM logger_snavely___bundler_sfm DEBUG brute.cpp: In member function ‘virtual void ann_1_1_char::ANNbruteForce::annkSearch(ann_1_1_char::ANNpoint, int, ann_1_1_char::ANNidxArray, ann_1_1_char::ANNdistArray, double)’: (install_repos.py:38) (snavely___bundler_sfm)
09/12/2024 05:56:09 PM logger_snavely___bundler_sfm DEBUG brute.cpp:67:26: warning: ISO C++ forbids converting a string constant to ‘char*’ [-Wwrite-strings] (install_repos.py:38) (snavely___bundler_sfm)
09/12/2024 05:56:09 PM logger_snavely___bundler_sfm DEBUG 67 |                 annError("Requesting more near neighbors than data points", ANNabort); (install_repos.py:38) (snavely___bundler_sfm)
09/12/2024 05:56:09 PM logger_snavely___bundler_sfm DEBUG |                          ^~~~~~~~~~~~~~~~~~~~~~~~~~~~~~~~~~~~~~~~~~~~~~~~~ (install_repos.py:38) (snavely___bundler_sfm)
09/12/2024 05:56:09 PM logger_snavely___bundler_sfm DEBUG g++ -c -I../include -g2 -fPIC kd_tree.cpp (install_repos.py:38) (snavely___bundler_sfm)
09/12/2024 05:56:10 PM logger_snavely___bundler_sfm DEBUG kd_tree.cpp: In constructor ‘ann_1_1_char::ANNkd_tree::ANNkd_tree(ann_1_1_char::ANNpointArray, int, int, int, ann_1_1_char::ANNsplitRule)’: (install_repos.py:38) (snavely___bundler_sfm)
09/12/2024 05:56:10 PM logger_snavely___bundler_sfm DEBUG kd_tree.cpp:406:26: warning: ISO C++ forbids converting a string constant to ‘char*’ [-Wwrite-strings] (install_repos.py:38) (snavely___bundler_sfm)
09/12/2024 05:56:10 PM logger_snavely___bundler_sfm DEBUG 406 |                 annError("Illegal splitting method", ANNabort); (install_repos.py:38) (snavely___bundler_sfm)
09/12/2024 05:56:10 PM logger_snavely___bundler_sfm DEBUG |                          ^~~~~~~~~~~~~~~~~~~~~~~~~~ (install_repos.py:38) (snavely___bundler_sfm)
09/12/2024 05:56:10 PM logger_snavely___bundler_sfm DEBUG g++ -c -I../include -g2 -fPIC kd_util.cpp (install_repos.py:38) (snavely___bundler_sfm)
09/12/2024 05:56:10 PM logger_snavely___bundler_sfm DEBUG kd_util.cpp: In function ‘ann_1_1_char::ANNdist ann_1_1_char::annBoxDistance(ANNpoint, ANNpoint, ANNpoint, int)’: (install_repos.py:38) (snavely___bundler_sfm)
09/12/2024 05:56:10 PM logger_snavely___bundler_sfm DEBUG kd_util.cpp:132:26: warning: ISO C++17 does not allow ‘register’ storage class specifier [-Wregister] (install_repos.py:38) (snavely___bundler_sfm)
09/12/2024 05:56:10 PM logger_snavely___bundler_sfm DEBUG 132 |         register ANNdist dist = 0;              // sum of squared distances (install_repos.py:38) (snavely___bundler_sfm)
09/12/2024 05:56:10 PM logger_snavely___bundler_sfm DEBUG |                          ^~~~ (install_repos.py:38) (snavely___bundler_sfm)
09/12/2024 05:56:10 PM logger_snavely___bundler_sfm DEBUG kd_util.cpp:133:26: warning: ISO C++17 does not allow ‘register’ storage class specifier [-Wregister] (install_repos.py:38) (snavely___bundler_sfm)
09/12/2024 05:56:10 PM logger_snavely___bundler_sfm DEBUG 133 |         register ANNdist t; (install_repos.py:38) (snavely___bundler_sfm)
09/12/2024 05:56:10 PM logger_snavely___bundler_sfm DEBUG |                          ^ (install_repos.py:38) (snavely___bundler_sfm)
09/12/2024 05:56:10 PM logger_snavely___bundler_sfm DEBUG kd_util.cpp:135:27: warning: ISO C++17 does not allow ‘register’ storage class specifier [-Wregister] (install_repos.py:38) (snavely___bundler_sfm)
09/12/2024 05:56:10 PM logger_snavely___bundler_sfm DEBUG 135 |         for (register int d = 0; d < dim; d++) { (install_repos.py:38) (snavely___bundler_sfm)
09/12/2024 05:56:10 PM logger_snavely___bundler_sfm DEBUG |                           ^ (install_repos.py:38) (snavely___bundler_sfm)
09/12/2024 05:56:10 PM logger_snavely___bundler_sfm DEBUG kd_util.cpp: In function ‘void ann_1_1_char::annMedianSplit(ANNpointArray, ANNidxArray, int, int, ANNcoord&, int)’: (install_repos.py:38) (snavely___bundler_sfm)
09/12/2024 05:56:10 PM logger_snavely___bundler_sfm DEBUG kd_util.cpp:243:30: warning: ISO C++17 does not allow ‘register’ storage class specifier [-Wregister] (install_repos.py:38) (snavely___bundler_sfm)
09/12/2024 05:56:10 PM logger_snavely___bundler_sfm DEBUG 243 |                 register int i = (r+l)/2;               // select middle as pivot (install_repos.py:38) (snavely___bundler_sfm)
09/12/2024 05:56:10 PM logger_snavely___bundler_sfm DEBUG |                              ^ (install_repos.py:38) (snavely___bundler_sfm)
09/12/2024 05:56:10 PM logger_snavely___bundler_sfm DEBUG kd_util.cpp:244:30: warning: ISO C++17 does not allow ‘register’ storage class specifier [-Wregister] (install_repos.py:38) (snavely___bundler_sfm)
09/12/2024 05:56:10 PM logger_snavely___bundler_sfm DEBUG 244 |                 register int k; (install_repos.py:38) (snavely___bundler_sfm)
09/12/2024 05:56:10 PM logger_snavely___bundler_sfm DEBUG |                              ^ (install_repos.py:38) (snavely___bundler_sfm)
09/12/2024 05:56:10 PM logger_snavely___bundler_sfm DEBUG g++ -c -I../include -g2 -fPIC kd_split.cpp (install_repos.py:38) (snavely___bundler_sfm)
09/12/2024 05:56:11 PM logger_snavely___bundler_sfm DEBUG g++ -c -I../include -g2 -fPIC kd_dump.cpp (install_repos.py:38) (snavely___bundler_sfm)
09/12/2024 05:56:11 PM logger_snavely___bundler_sfm DEBUG kd_dump.cpp: In function ‘ann_1_1_char::ANNkd_node* annReadDump(std::istream&, ANNtreeType, ann_1_1_char::ANNcoord**&, ann_1_1_char::ANNidx*&, int&, int&, int&, ann_1_1_char::ANNcoord*&, ann_1_1_char::ANNcoord*&)’: (install_repos.py:38) (snavely___bundler_sfm)
09/12/2024 05:56:11 PM logger_snavely___bundler_sfm DEBUG kd_dump.cpp:278:26: warning: ISO C++ forbids converting a string constant to ‘char*’ [-Wwrite-strings] (install_repos.py:38) (snavely___bundler_sfm)
09/12/2024 05:56:11 PM logger_snavely___bundler_sfm DEBUG 278 |                 annError("Incorrect header for dump file", ANNabort); (install_repos.py:38) (snavely___bundler_sfm)
09/12/2024 05:56:11 PM logger_snavely___bundler_sfm DEBUG |                          ^~~~~~~~~~~~~~~~~~~~~~~~~~~~~~~~ (install_repos.py:38) (snavely___bundler_sfm)
09/12/2024 05:56:11 PM logger_snavely___bundler_sfm DEBUG kd_dump.cpp:297:42: warning: ISO C++ forbids converting a string constant to ‘char*’ [-Wwrite-strings] (install_repos.py:38) (snavely___bundler_sfm)
09/12/2024 05:56:11 PM logger_snavely___bundler_sfm DEBUG 297 |                                 annError("Point index is out of range", ANNabort); (install_repos.py:38) (snavely___bundler_sfm)
09/12/2024 05:56:11 PM logger_snavely___bundler_sfm DEBUG |                                          ^~~~~~~~~~~~~~~~~~~~~~~~~~~~~ (install_repos.py:38) (snavely___bundler_sfm)
09/12/2024 05:56:11 PM logger_snavely___bundler_sfm DEBUG kd_dump.cpp:306:26: warning: ISO C++ forbids converting a string constant to ‘char*’ [-Wwrite-strings] (install_repos.py:38) (snavely___bundler_sfm)
09/12/2024 05:56:11 PM logger_snavely___bundler_sfm DEBUG 306 |                 annError("Points must be supplied in the dump file", ANNabort); (install_repos.py:38) (snavely___bundler_sfm)
09/12/2024 05:56:11 PM logger_snavely___bundler_sfm DEBUG |                          ^~~~~~~~~~~~~~~~~~~~~~~~~~~~~~~~~~~~~~~~~~ (install_repos.py:38) (snavely___bundler_sfm)
09/12/2024 05:56:11 PM logger_snavely___bundler_sfm DEBUG kd_dump.cpp:335:34: warning: ISO C++ forbids converting a string constant to ‘char*’ [-Wwrite-strings] (install_repos.py:38) (snavely___bundler_sfm)
09/12/2024 05:56:11 PM logger_snavely___bundler_sfm DEBUG 335 |                         annError("Didn't see as many points as expected", ANNwarn); (install_repos.py:38) (snavely___bundler_sfm)
09/12/2024 05:56:11 PM logger_snavely___bundler_sfm DEBUG |                                  ^~~~~~~~~~~~~~~~~~~~~~~~~~~~~~~~~~~~~~~ (install_repos.py:38) (snavely___bundler_sfm)
09/12/2024 05:56:11 PM logger_snavely___bundler_sfm DEBUG kd_dump.cpp:339:26: warning: ISO C++ forbids converting a string constant to ‘char*’ [-Wwrite-strings] (install_repos.py:38) (snavely___bundler_sfm)
09/12/2024 05:56:11 PM logger_snavely___bundler_sfm DEBUG 339 |                 annError("Illegal dump format.  Expecting section heading", ANNabort); (install_repos.py:38) (snavely___bundler_sfm)
09/12/2024 05:56:11 PM logger_snavely___bundler_sfm DEBUG |                          ^~~~~~~~~~~~~~~~~~~~~~~~~~~~~~~~~~~~~~~~~~~~~~~~~ (install_repos.py:38) (snavely___bundler_sfm)
09/12/2024 05:56:11 PM logger_snavely___bundler_sfm DEBUG kd_dump.cpp: In function ‘ann_1_1_char::ANNkd_node* annReadTree(std::istream&, ANNtreeType, ann_1_1_char::ANNidxArray, int&)’: (install_repos.py:38) (snavely___bundler_sfm)
09/12/2024 05:56:11 PM logger_snavely___bundler_sfm DEBUG kd_dump.cpp:427:34: warning: ISO C++ forbids converting a string constant to ‘char*’ [-Wwrite-strings] (install_repos.py:38) (snavely___bundler_sfm)
09/12/2024 05:56:11 PM logger_snavely___bundler_sfm DEBUG 427 |                         annError("Shrinking node not allowed in kd-tree", ANNabort); (install_repos.py:38) (snavely___bundler_sfm)
09/12/2024 05:56:11 PM logger_snavely___bundler_sfm DEBUG |                                  ^~~~~~~~~~~~~~~~~~~~~~~~~~~~~~~~~~~~~~~ (install_repos.py:38) (snavely___bundler_sfm)
09/12/2024 05:56:11 PM logger_snavely___bundler_sfm DEBUG kd_dump.cpp:445:26: warning: ISO C++ forbids converting a string constant to ‘char*’ [-Wwrite-strings] (install_repos.py:38) (snavely___bundler_sfm)
09/12/2024 05:56:11 PM logger_snavely___bundler_sfm DEBUG 445 |                 annError("Illegal node type in dump file", ANNabort); (install_repos.py:38) (snavely___bundler_sfm)
09/12/2024 05:56:11 PM logger_snavely___bundler_sfm DEBUG |                          ^~~~~~~~~~~~~~~~~~~~~~~~~~~~~~~~ (install_repos.py:38) (snavely___bundler_sfm)
09/12/2024 05:56:11 PM logger_snavely___bundler_sfm DEBUG g++ -c -I../include -g2 -fPIC kd_search.cpp (install_repos.py:38) (snavely___bundler_sfm)
09/12/2024 05:56:12 PM logger_snavely___bundler_sfm DEBUG In file included from kd_search.h:30, (install_repos.py:38) (snavely___bundler_sfm)
09/12/2024 05:56:12 PM logger_snavely___bundler_sfm DEBUG from kd_search.cpp:27: (install_repos.py:38) (snavely___bundler_sfm)
09/12/2024 05:56:12 PM logger_snavely___bundler_sfm DEBUG pr_queue_k.h: In member function ‘void ann_1_1_char::ANNmin_k::insert(ann_1_1_char::PQKkey, ann_1_1_char::PQKinfo)’: (install_repos.py:38) (snavely___bundler_sfm)
09/12/2024 05:56:12 PM logger_snavely___bundler_sfm DEBUG pr_queue_k.h:106:38: warning: ISO C++17 does not allow ‘register’ storage class specifier [-Wregister] (install_repos.py:38) (snavely___bundler_sfm)
09/12/2024 05:56:12 PM logger_snavely___bundler_sfm DEBUG 106 |                         register int i; (install_repos.py:38) (snavely___bundler_sfm)
09/12/2024 05:56:12 PM logger_snavely___bundler_sfm DEBUG |                                      ^ (install_repos.py:38) (snavely___bundler_sfm)
09/12/2024 05:56:12 PM logger_snavely___bundler_sfm DEBUG kd_search.cpp: In member function ‘virtual void ann_1_1_char::ANNkd_tree::annkSearch(ann_1_1_char::ANNpoint, int, ann_1_1_char::ANNidxArray, ann_1_1_char::ANNdistArray, double)’: (install_repos.py:38) (snavely___bundler_sfm)
09/12/2024 05:56:12 PM logger_snavely___bundler_sfm DEBUG kd_search.cpp:105:26: warning: ISO C++ forbids converting a string constant to ‘char*’ [-Wwrite-strings] (install_repos.py:38) (snavely___bundler_sfm)
09/12/2024 05:56:12 PM logger_snavely___bundler_sfm DEBUG 105 |                 annError("Requesting more near neighbors than data points", ANNabort); (install_repos.py:38) (snavely___bundler_sfm)
09/12/2024 05:56:12 PM logger_snavely___bundler_sfm DEBUG |                          ^~~~~~~~~~~~~~~~~~~~~~~~~~~~~~~~~~~~~~~~~~~~~~~~~ (install_repos.py:38) (snavely___bundler_sfm)
09/12/2024 05:56:12 PM logger_snavely___bundler_sfm DEBUG kd_search.cpp: In member function ‘virtual void ann_1_1_char::ANNkd_leaf::ann_search(ann_1_1_char::ANNdist)’: (install_repos.py:38) (snavely___bundler_sfm)
09/12/2024 05:56:12 PM logger_snavely___bundler_sfm DEBUG kd_search.cpp:176:26: warning: ISO C++17 does not allow ‘register’ storage class specifier [-Wregister] (install_repos.py:38) (snavely___bundler_sfm)
09/12/2024 05:56:12 PM logger_snavely___bundler_sfm DEBUG 176 |         register ANNdist dist;                          // distance to data point (install_repos.py:38) (snavely___bundler_sfm)
09/12/2024 05:56:12 PM logger_snavely___bundler_sfm DEBUG |                          ^~~~ (install_repos.py:38) (snavely___bundler_sfm)
09/12/2024 05:56:12 PM logger_snavely___bundler_sfm DEBUG kd_search.cpp:177:28: warning: ISO C++17 does not allow ‘register’ storage class specifier [-Wregister] (install_repos.py:38) (snavely___bundler_sfm)
09/12/2024 05:56:12 PM logger_snavely___bundler_sfm DEBUG 177 |         register ANNcoord* pp;                          // data coordinate pointer (install_repos.py:38) (snavely___bundler_sfm)
09/12/2024 05:56:12 PM logger_snavely___bundler_sfm DEBUG |                            ^~ (install_repos.py:38) (snavely___bundler_sfm)
09/12/2024 05:56:12 PM logger_snavely___bundler_sfm DEBUG kd_search.cpp:178:28: warning: ISO C++17 does not allow ‘register’ storage class specifier [-Wregister] (install_repos.py:38) (snavely___bundler_sfm)
09/12/2024 05:56:12 PM logger_snavely___bundler_sfm DEBUG 178 |         register ANNcoord* qq;                          // query coordinate pointer (install_repos.py:38) (snavely___bundler_sfm)
09/12/2024 05:56:12 PM logger_snavely___bundler_sfm DEBUG |                            ^~ (install_repos.py:38) (snavely___bundler_sfm)
09/12/2024 05:56:12 PM logger_snavely___bundler_sfm DEBUG kd_search.cpp:179:26: warning: ISO C++17 does not allow ‘register’ storage class specifier [-Wregister] (install_repos.py:38) (snavely___bundler_sfm)
09/12/2024 05:56:12 PM logger_snavely___bundler_sfm DEBUG 179 |         register ANNdist min_dist;                      // distance to k-th closest point (install_repos.py:38) (snavely___bundler_sfm)
09/12/2024 05:56:12 PM logger_snavely___bundler_sfm DEBUG |                          ^~~~~~~~ (install_repos.py:38) (snavely___bundler_sfm)
09/12/2024 05:56:12 PM logger_snavely___bundler_sfm DEBUG kd_search.cpp:180:26: warning: ISO C++17 does not allow ‘register’ storage class specifier [-Wregister] (install_repos.py:38) (snavely___bundler_sfm)
09/12/2024 05:56:12 PM logger_snavely___bundler_sfm DEBUG 180 |         register ANNdist t; (install_repos.py:38) (snavely___bundler_sfm)
09/12/2024 05:56:12 PM logger_snavely___bundler_sfm DEBUG |                          ^ (install_repos.py:38) (snavely___bundler_sfm)
09/12/2024 05:56:12 PM logger_snavely___bundler_sfm DEBUG kd_search.cpp:181:22: warning: ISO C++17 does not allow ‘register’ storage class specifier [-Wregister] (install_repos.py:38) (snavely___bundler_sfm)
09/12/2024 05:56:12 PM logger_snavely___bundler_sfm DEBUG 181 |         register int d; (install_repos.py:38) (snavely___bundler_sfm)
09/12/2024 05:56:12 PM logger_snavely___bundler_sfm DEBUG |                      ^ (install_repos.py:38) (snavely___bundler_sfm)
09/12/2024 05:56:12 PM logger_snavely___bundler_sfm DEBUG g++ -c -I../include -g2 -fPIC kd_pr_search.cpp (install_repos.py:38) (snavely___bundler_sfm)
09/12/2024 05:56:12 PM logger_snavely___bundler_sfm DEBUG In file included from kd_pr_search.h:30, (install_repos.py:38) (snavely___bundler_sfm)
09/12/2024 05:56:12 PM logger_snavely___bundler_sfm DEBUG from kd_pr_search.cpp:25: (install_repos.py:38) (snavely___bundler_sfm)
09/12/2024 05:56:12 PM logger_snavely___bundler_sfm DEBUG pr_queue.h: In member function ‘void ann_1_1_char::ANNpr_queue::insert(ann_1_1_char::PQkey, ann_1_1_char::PQinfo)’: (install_repos.py:38) (snavely___bundler_sfm)
09/12/2024 05:56:12 PM logger_snavely___bundler_sfm DEBUG pr_queue.h:91:54: warning: ISO C++ forbids converting a string constant to ‘char*’ [-Wwrite-strings] (install_repos.py:38) (snavely___bundler_sfm)
09/12/2024 05:56:12 PM logger_snavely___bundler_sfm DEBUG 91 |                         if (++n > max_size) annError("Priority queue overflow.", ANNabort); (install_repos.py:38) (snavely___bundler_sfm)
09/12/2024 05:56:12 PM logger_snavely___bundler_sfm DEBUG |                                                      ^~~~~~~~~~~~~~~~~~~~~~~~~~ (install_repos.py:38) (snavely___bundler_sfm)
09/12/2024 05:56:12 PM logger_snavely___bundler_sfm DEBUG pr_queue.h:92:38: warning: ISO C++17 does not allow ‘register’ storage class specifier [-Wregister] (install_repos.py:38) (snavely___bundler_sfm)
09/12/2024 05:56:12 PM logger_snavely___bundler_sfm DEBUG 92 |                         register int r = n; (install_repos.py:38) (snavely___bundler_sfm)
09/12/2024 05:56:12 PM logger_snavely___bundler_sfm DEBUG |                                      ^ (install_repos.py:38) (snavely___bundler_sfm)
09/12/2024 05:56:12 PM logger_snavely___bundler_sfm DEBUG pr_queue.h:94:46: warning: ISO C++17 does not allow ‘register’ storage class specifier [-Wregister] (install_repos.py:38) (snavely___bundler_sfm)
09/12/2024 05:56:12 PM logger_snavely___bundler_sfm DEBUG 94 |                                 register int p = r/2; (install_repos.py:38) (snavely___bundler_sfm)
09/12/2024 05:56:12 PM logger_snavely___bundler_sfm DEBUG |                                              ^ (install_repos.py:38) (snavely___bundler_sfm)
09/12/2024 05:56:12 PM logger_snavely___bundler_sfm DEBUG pr_queue.h: In member function ‘void ann_1_1_char::ANNpr_queue::extr_min(ann_1_1_char::PQkey&, void*&)’: (install_repos.py:38) (snavely___bundler_sfm)
09/12/2024 05:56:12 PM logger_snavely___bundler_sfm DEBUG pr_queue.h:111:40: warning: ISO C++17 does not allow ‘register’ storage class specifier [-Wregister] (install_repos.py:38) (snavely___bundler_sfm)
09/12/2024 05:56:12 PM logger_snavely___bundler_sfm DEBUG 111 |                         register PQkey kn = pq[n--].key;// last item in queue (install_repos.py:38) (snavely___bundler_sfm)
09/12/2024 05:56:12 PM logger_snavely___bundler_sfm DEBUG |                                        ^~ (install_repos.py:38) (snavely___bundler_sfm)
09/12/2024 05:56:12 PM logger_snavely___bundler_sfm DEBUG pr_queue.h:112:38: warning: ISO C++17 does not allow ‘register’ storage class specifier [-Wregister] (install_repos.py:38) (snavely___bundler_sfm)
09/12/2024 05:56:12 PM logger_snavely___bundler_sfm DEBUG 112 |                         register int p = 1;                     // p points to item out of position (install_repos.py:38) (snavely___bundler_sfm)
09/12/2024 05:56:12 PM logger_snavely___bundler_sfm DEBUG |                                      ^ (install_repos.py:38) (snavely___bundler_sfm)
09/12/2024 05:56:12 PM logger_snavely___bundler_sfm DEBUG pr_queue.h:113:38: warning: ISO C++17 does not allow ‘register’ storage class specifier [-Wregister] (install_repos.py:38) (snavely___bundler_sfm)
09/12/2024 05:56:12 PM logger_snavely___bundler_sfm DEBUG 113 |                         register int r = p<<1;          // left child of p (install_repos.py:38) (snavely___bundler_sfm)
09/12/2024 05:56:12 PM logger_snavely___bundler_sfm DEBUG |                                      ^ (install_repos.py:38) (snavely___bundler_sfm)
09/12/2024 05:56:12 PM logger_snavely___bundler_sfm DEBUG In file included from kd_pr_search.h:31: (install_repos.py:38) (snavely___bundler_sfm)
09/12/2024 05:56:12 PM logger_snavely___bundler_sfm DEBUG pr_queue_k.h: In member function ‘void ann_1_1_char::ANNmin_k::insert(ann_1_1_char::PQKkey, ann_1_1_char::PQKinfo)’: (install_repos.py:38) (snavely___bundler_sfm)
09/12/2024 05:56:12 PM logger_snavely___bundler_sfm DEBUG pr_queue_k.h:106:38: warning: ISO C++17 does not allow ‘register’ storage class specifier [-Wregister] (install_repos.py:38) (snavely___bundler_sfm)
09/12/2024 05:56:12 PM logger_snavely___bundler_sfm DEBUG 106 |                         register int i; (install_repos.py:38) (snavely___bundler_sfm)
09/12/2024 05:56:12 PM logger_snavely___bundler_sfm DEBUG |                                      ^ (install_repos.py:38) (snavely___bundler_sfm)
09/12/2024 05:56:12 PM logger_snavely___bundler_sfm DEBUG kd_pr_search.cpp: In member function ‘virtual void ann_1_1_char::ANNkd_leaf::ann_pri_search(ann_1_1_char::ANNdist)’: (install_repos.py:38) (snavely___bundler_sfm)
09/12/2024 05:56:12 PM logger_snavely___bundler_sfm DEBUG kd_pr_search.cpp:185:26: warning: ISO C++17 does not allow ‘register’ storage class specifier [-Wregister] (install_repos.py:38) (snavely___bundler_sfm)
09/12/2024 05:56:12 PM logger_snavely___bundler_sfm DEBUG 185 |         register ANNdist dist;                          // distance to data point (install_repos.py:38) (snavely___bundler_sfm)
09/12/2024 05:56:12 PM logger_snavely___bundler_sfm DEBUG |                          ^~~~ (install_repos.py:38) (snavely___bundler_sfm)
09/12/2024 05:56:12 PM logger_snavely___bundler_sfm DEBUG kd_pr_search.cpp:186:28: warning: ISO C++17 does not allow ‘register’ storage class specifier [-Wregister] (install_repos.py:38) (snavely___bundler_sfm)
09/12/2024 05:56:12 PM logger_snavely___bundler_sfm DEBUG 186 |         register ANNcoord* pp;                          // data coordinate pointer (install_repos.py:38) (snavely___bundler_sfm)
09/12/2024 05:56:12 PM logger_snavely___bundler_sfm DEBUG |                            ^~ (install_repos.py:38) (snavely___bundler_sfm)
09/12/2024 05:56:12 PM logger_snavely___bundler_sfm DEBUG kd_pr_search.cpp:187:28: warning: ISO C++17 does not allow ‘register’ storage class specifier [-Wregister] (install_repos.py:38) (snavely___bundler_sfm)
09/12/2024 05:56:12 PM logger_snavely___bundler_sfm DEBUG 187 |         register ANNcoord* qq;                          // query coordinate pointer (install_repos.py:38) (snavely___bundler_sfm)
09/12/2024 05:56:12 PM logger_snavely___bundler_sfm DEBUG |                            ^~ (install_repos.py:38) (snavely___bundler_sfm)
09/12/2024 05:56:12 PM logger_snavely___bundler_sfm DEBUG kd_pr_search.cpp:188:26: warning: ISO C++17 does not allow ‘register’ storage class specifier [-Wregister] (install_repos.py:38) (snavely___bundler_sfm)
09/12/2024 05:56:12 PM logger_snavely___bundler_sfm DEBUG 188 |         register ANNdist min_dist;                      // distance to k-th closest point (install_repos.py:38) (snavely___bundler_sfm)
09/12/2024 05:56:12 PM logger_snavely___bundler_sfm DEBUG |                          ^~~~~~~~ (install_repos.py:38) (snavely___bundler_sfm)
09/12/2024 05:56:12 PM logger_snavely___bundler_sfm DEBUG kd_pr_search.cpp:189:26: warning: ISO C++17 does not allow ‘register’ storage class specifier [-Wregister] (install_repos.py:38) (snavely___bundler_sfm)
09/12/2024 05:56:12 PM logger_snavely___bundler_sfm DEBUG 189 |         register ANNdist t; (install_repos.py:38) (snavely___bundler_sfm)
09/12/2024 05:56:12 PM logger_snavely___bundler_sfm DEBUG |                          ^ (install_repos.py:38) (snavely___bundler_sfm)
09/12/2024 05:56:12 PM logger_snavely___bundler_sfm DEBUG kd_pr_search.cpp:190:22: warning: ISO C++17 does not allow ‘register’ storage class specifier [-Wregister] (install_repos.py:38) (snavely___bundler_sfm)
09/12/2024 05:56:12 PM logger_snavely___bundler_sfm DEBUG 190 |         register int d; (install_repos.py:38) (snavely___bundler_sfm)
09/12/2024 05:56:12 PM logger_snavely___bundler_sfm DEBUG |                      ^ (install_repos.py:38) (snavely___bundler_sfm)
09/12/2024 05:56:12 PM logger_snavely___bundler_sfm DEBUG g++ -c -I../include -g2 -fPIC kd_fix_rad_search.cpp (install_repos.py:38) (snavely___bundler_sfm)
09/12/2024 05:56:13 PM logger_snavely___bundler_sfm DEBUG In file included from kd_fix_rad_search.h:30, (install_repos.py:38) (snavely___bundler_sfm)
09/12/2024 05:56:13 PM logger_snavely___bundler_sfm DEBUG from kd_fix_rad_search.cpp:25: (install_repos.py:38) (snavely___bundler_sfm)
09/12/2024 05:56:13 PM logger_snavely___bundler_sfm DEBUG pr_queue_k.h: In member function ‘void ann_1_1_char::ANNmin_k::insert(ann_1_1_char::PQKkey, ann_1_1_char::PQKinfo)’: (install_repos.py:38) (snavely___bundler_sfm)
09/12/2024 05:56:13 PM logger_snavely___bundler_sfm DEBUG pr_queue_k.h:106:38: warning: ISO C++17 does not allow ‘register’ storage class specifier [-Wregister] (install_repos.py:38) (snavely___bundler_sfm)
09/12/2024 05:56:13 PM logger_snavely___bundler_sfm DEBUG 106 |                         register int i; (install_repos.py:38) (snavely___bundler_sfm)
09/12/2024 05:56:13 PM logger_snavely___bundler_sfm DEBUG |                                      ^ (install_repos.py:38) (snavely___bundler_sfm)
09/12/2024 05:56:13 PM logger_snavely___bundler_sfm DEBUG kd_fix_rad_search.cpp: In member function ‘virtual void ann_1_1_char::ANNkd_leaf::ann_FR_search(ann_1_1_char::ANNdist)’: (install_repos.py:38) (snavely___bundler_sfm)
09/12/2024 05:56:13 PM logger_snavely___bundler_sfm DEBUG kd_fix_rad_search.cpp:156:26: warning: ISO C++17 does not allow ‘register’ storage class specifier [-Wregister] (install_repos.py:38) (snavely___bundler_sfm)
09/12/2024 05:56:13 PM logger_snavely___bundler_sfm DEBUG 156 |         register ANNdist dist;                          // distance to data point (install_repos.py:38) (snavely___bundler_sfm)
09/12/2024 05:56:13 PM logger_snavely___bundler_sfm DEBUG |                          ^~~~ (install_repos.py:38) (snavely___bundler_sfm)
09/12/2024 05:56:13 PM logger_snavely___bundler_sfm DEBUG kd_fix_rad_search.cpp:157:28: warning: ISO C++17 does not allow ‘register’ storage class specifier [-Wregister] (install_repos.py:38) (snavely___bundler_sfm)
09/12/2024 05:56:13 PM logger_snavely___bundler_sfm DEBUG 157 |         register ANNcoord* pp;                          // data coordinate pointer (install_repos.py:38) (snavely___bundler_sfm)
09/12/2024 05:56:13 PM logger_snavely___bundler_sfm DEBUG |                            ^~ (install_repos.py:38) (snavely___bundler_sfm)
09/12/2024 05:56:13 PM logger_snavely___bundler_sfm DEBUG kd_fix_rad_search.cpp:158:28: warning: ISO C++17 does not allow ‘register’ storage class specifier [-Wregister] (install_repos.py:38) (snavely___bundler_sfm)
09/12/2024 05:56:13 PM logger_snavely___bundler_sfm DEBUG 158 |         register ANNcoord* qq;                          // query coordinate pointer (install_repos.py:38) (snavely___bundler_sfm)
09/12/2024 05:56:13 PM logger_snavely___bundler_sfm DEBUG |                            ^~ (install_repos.py:38) (snavely___bundler_sfm)
09/12/2024 05:56:13 PM logger_snavely___bundler_sfm DEBUG kd_fix_rad_search.cpp:159:26: warning: ISO C++17 does not allow ‘register’ storage class specifier [-Wregister] (install_repos.py:38) (snavely___bundler_sfm)
09/12/2024 05:56:13 PM logger_snavely___bundler_sfm DEBUG 159 |         register ANNdist t; (install_repos.py:38) (snavely___bundler_sfm)
09/12/2024 05:56:13 PM logger_snavely___bundler_sfm DEBUG |                          ^ (install_repos.py:38) (snavely___bundler_sfm)
09/12/2024 05:56:13 PM logger_snavely___bundler_sfm DEBUG kd_fix_rad_search.cpp:160:22: warning: ISO C++17 does not allow ‘register’ storage class specifier [-Wregister] (install_repos.py:38) (snavely___bundler_sfm)
09/12/2024 05:56:13 PM logger_snavely___bundler_sfm DEBUG 160 |         register int d; (install_repos.py:38) (snavely___bundler_sfm)
09/12/2024 05:56:13 PM logger_snavely___bundler_sfm DEBUG |                      ^ (install_repos.py:38) (snavely___bundler_sfm)
09/12/2024 05:56:13 PM logger_snavely___bundler_sfm DEBUG g++ -c -I../include -g2 -fPIC bd_tree.cpp (install_repos.py:38) (snavely___bundler_sfm)
09/12/2024 05:56:13 PM logger_snavely___bundler_sfm DEBUG bd_tree.cpp: In constructor ‘ann_1_1_char::ANNbd_tree::ANNbd_tree(ann_1_1_char::ANNpointArray, int, int, int, ann_1_1_char::ANNsplitRule, ann_1_1_char::ANNshrinkRule)’: (install_repos.py:38) (snavely___bundler_sfm)
09/12/2024 05:56:13 PM logger_snavely___bundler_sfm DEBUG bd_tree.cpp:156:26: warning: ISO C++ forbids converting a string constant to ‘char*’ [-Wwrite-strings] (install_repos.py:38) (snavely___bundler_sfm)
09/12/2024 05:56:13 PM logger_snavely___bundler_sfm DEBUG 156 |                 annError("Illegal splitting method", ANNabort); (install_repos.py:38) (snavely___bundler_sfm)
09/12/2024 05:56:13 PM logger_snavely___bundler_sfm DEBUG |                          ^~~~~~~~~~~~~~~~~~~~~~~~~~ (install_repos.py:38) (snavely___bundler_sfm)
09/12/2024 05:56:13 PM logger_snavely___bundler_sfm DEBUG bd_tree.cpp: In function ‘ANNdecomp selectDecomp(ann_1_1_char::ANNpointArray, ann_1_1_char::ANNidxArray, int, int, const ann_1_1_char::ANNorthRect&, ann_1_1_char::ANNkd_splitter, ann_1_1_char::ANNshrinkRule, ann_1_1_char::ANNorthRect&)’: (install_repos.py:38) (snavely___bundler_sfm)
09/12/2024 05:56:13 PM logger_snavely___bundler_sfm DEBUG bd_tree.cpp:314:26: warning: ISO C++ forbids converting a string constant to ‘char*’ [-Wwrite-strings] (install_repos.py:38) (snavely___bundler_sfm)
09/12/2024 05:56:13 PM logger_snavely___bundler_sfm DEBUG 314 |                 annError("Illegal shrinking rule", ANNabort); (install_repos.py:38) (snavely___bundler_sfm)
09/12/2024 05:56:13 PM logger_snavely___bundler_sfm DEBUG |                          ^~~~~~~~~~~~~~~~~~~~~~~~ (install_repos.py:38) (snavely___bundler_sfm)
09/12/2024 05:56:13 PM logger_snavely___bundler_sfm DEBUG g++ -c -I../include -g2 -fPIC bd_search.cpp (install_repos.py:38) (snavely___bundler_sfm)
09/12/2024 05:56:14 PM logger_snavely___bundler_sfm DEBUG In file included from kd_search.h:30, (install_repos.py:38) (snavely___bundler_sfm)
09/12/2024 05:56:14 PM logger_snavely___bundler_sfm DEBUG from bd_search.cpp:26: (install_repos.py:38) (snavely___bundler_sfm)
09/12/2024 05:56:14 PM logger_snavely___bundler_sfm DEBUG pr_queue_k.h: In member function ‘void ann_1_1_char::ANNmin_k::insert(ann_1_1_char::PQKkey, ann_1_1_char::PQKinfo)’: (install_repos.py:38) (snavely___bundler_sfm)
09/12/2024 05:56:14 PM logger_snavely___bundler_sfm DEBUG pr_queue_k.h:106:38: warning: ISO C++17 does not allow ‘register’ storage class specifier [-Wregister] (install_repos.py:38) (snavely___bundler_sfm)
09/12/2024 05:56:14 PM logger_snavely___bundler_sfm DEBUG 106 |                         register int i; (install_repos.py:38) (snavely___bundler_sfm)
09/12/2024 05:56:14 PM logger_snavely___bundler_sfm DEBUG |                                      ^ (install_repos.py:38) (snavely___bundler_sfm)
09/12/2024 05:56:14 PM logger_snavely___bundler_sfm DEBUG g++ -c -I../include -g2 -fPIC bd_pr_search.cpp (install_repos.py:38) (snavely___bundler_sfm)
09/12/2024 05:56:14 PM logger_snavely___bundler_sfm DEBUG In file included from kd_pr_search.h:30, (install_repos.py:38) (snavely___bundler_sfm)
09/12/2024 05:56:14 PM logger_snavely___bundler_sfm DEBUG from bd_pr_search.cpp:26: (install_repos.py:38) (snavely___bundler_sfm)
09/12/2024 05:56:14 PM logger_snavely___bundler_sfm DEBUG pr_queue.h: In member function ‘void ann_1_1_char::ANNpr_queue::insert(ann_1_1_char::PQkey, ann_1_1_char::PQinfo)’: (install_repos.py:38) (snavely___bundler_sfm)
09/12/2024 05:56:14 PM logger_snavely___bundler_sfm DEBUG pr_queue.h:91:54: warning: ISO C++ forbids converting a string constant to ‘char*’ [-Wwrite-strings] (install_repos.py:38) (snavely___bundler_sfm)
09/12/2024 05:56:14 PM logger_snavely___bundler_sfm DEBUG 91 |                         if (++n > max_size) annError("Priority queue overflow.", ANNabort); (install_repos.py:38) (snavely___bundler_sfm)
09/12/2024 05:56:14 PM logger_snavely___bundler_sfm DEBUG |                                                      ^~~~~~~~~~~~~~~~~~~~~~~~~~ (install_repos.py:38) (snavely___bundler_sfm)
09/12/2024 05:56:14 PM logger_snavely___bundler_sfm DEBUG pr_queue.h:92:38: warning: ISO C++17 does not allow ‘register’ storage class specifier [-Wregister] (install_repos.py:38) (snavely___bundler_sfm)
09/12/2024 05:56:14 PM logger_snavely___bundler_sfm DEBUG 92 |                         register int r = n; (install_repos.py:38) (snavely___bundler_sfm)
09/12/2024 05:56:14 PM logger_snavely___bundler_sfm DEBUG |                                      ^ (install_repos.py:38) (snavely___bundler_sfm)
09/12/2024 05:56:14 PM logger_snavely___bundler_sfm DEBUG pr_queue.h:94:46: warning: ISO C++17 does not allow ‘register’ storage class specifier [-Wregister] (install_repos.py:38) (snavely___bundler_sfm)
09/12/2024 05:56:14 PM logger_snavely___bundler_sfm DEBUG 94 |                                 register int p = r/2; (install_repos.py:38) (snavely___bundler_sfm)
09/12/2024 05:56:14 PM logger_snavely___bundler_sfm DEBUG |                                              ^ (install_repos.py:38) (snavely___bundler_sfm)
09/12/2024 05:56:14 PM logger_snavely___bundler_sfm DEBUG pr_queue.h: In member function ‘void ann_1_1_char::ANNpr_queue::extr_min(ann_1_1_char::PQkey&, void*&)’: (install_repos.py:38) (snavely___bundler_sfm)
09/12/2024 05:56:14 PM logger_snavely___bundler_sfm DEBUG pr_queue.h:111:40: warning: ISO C++17 does not allow ‘register’ storage class specifier [-Wregister] (install_repos.py:38) (snavely___bundler_sfm)
09/12/2024 05:56:14 PM logger_snavely___bundler_sfm DEBUG 111 |                         register PQkey kn = pq[n--].key;// last item in queue (install_repos.py:38) (snavely___bundler_sfm)
09/12/2024 05:56:14 PM logger_snavely___bundler_sfm DEBUG |                                        ^~ (install_repos.py:38) (snavely___bundler_sfm)
09/12/2024 05:56:14 PM logger_snavely___bundler_sfm DEBUG pr_queue.h:112:38: warning: ISO C++17 does not allow ‘register’ storage class specifier [-Wregister] (install_repos.py:38) (snavely___bundler_sfm)
09/12/2024 05:56:14 PM logger_snavely___bundler_sfm DEBUG 112 |                         register int p = 1;                     // p points to item out of position (install_repos.py:38) (snavely___bundler_sfm)
09/12/2024 05:56:14 PM logger_snavely___bundler_sfm DEBUG |                                      ^ (install_repos.py:38) (snavely___bundler_sfm)
09/12/2024 05:56:14 PM logger_snavely___bundler_sfm DEBUG pr_queue.h:113:38: warning: ISO C++17 does not allow ‘register’ storage class specifier [-Wregister] (install_repos.py:38) (snavely___bundler_sfm)
09/12/2024 05:56:14 PM logger_snavely___bundler_sfm DEBUG 113 |                         register int r = p<<1;          // left child of p (install_repos.py:38) (snavely___bundler_sfm)
09/12/2024 05:56:14 PM logger_snavely___bundler_sfm DEBUG |                                      ^ (install_repos.py:38) (snavely___bundler_sfm)
09/12/2024 05:56:14 PM logger_snavely___bundler_sfm DEBUG In file included from kd_pr_search.h:31: (install_repos.py:38) (snavely___bundler_sfm)
09/12/2024 05:56:14 PM logger_snavely___bundler_sfm DEBUG pr_queue_k.h: In member function ‘void ann_1_1_char::ANNmin_k::insert(ann_1_1_char::PQKkey, ann_1_1_char::PQKinfo)’: (install_repos.py:38) (snavely___bundler_sfm)
09/12/2024 05:56:14 PM logger_snavely___bundler_sfm DEBUG pr_queue_k.h:106:38: warning: ISO C++17 does not allow ‘register’ storage class specifier [-Wregister] (install_repos.py:38) (snavely___bundler_sfm)
09/12/2024 05:56:14 PM logger_snavely___bundler_sfm DEBUG 106 |                         register int i; (install_repos.py:38) (snavely___bundler_sfm)
09/12/2024 05:56:14 PM logger_snavely___bundler_sfm DEBUG |                                      ^ (install_repos.py:38) (snavely___bundler_sfm)
09/12/2024 05:56:14 PM logger_snavely___bundler_sfm DEBUG g++ -c -I../include -g2 -fPIC bd_fix_rad_search.cpp (install_repos.py:38) (snavely___bundler_sfm)
09/12/2024 05:56:15 PM logger_snavely___bundler_sfm DEBUG In file included from kd_fix_rad_search.h:30, (install_repos.py:38) (snavely___bundler_sfm)
09/12/2024 05:56:15 PM logger_snavely___bundler_sfm DEBUG from bd_fix_rad_search.cpp:26: (install_repos.py:38) (snavely___bundler_sfm)
09/12/2024 05:56:15 PM logger_snavely___bundler_sfm DEBUG pr_queue_k.h: In member function ‘void ann_1_1_char::ANNmin_k::insert(ann_1_1_char::PQKkey, ann_1_1_char::PQKinfo)’: (install_repos.py:38) (snavely___bundler_sfm)
09/12/2024 05:56:15 PM logger_snavely___bundler_sfm DEBUG pr_queue_k.h:106:38: warning: ISO C++17 does not allow ‘register’ storage class specifier [-Wregister] (install_repos.py:38) (snavely___bundler_sfm)
09/12/2024 05:56:15 PM logger_snavely___bundler_sfm DEBUG 106 |                         register int i; (install_repos.py:38) (snavely___bundler_sfm)
09/12/2024 05:56:15 PM logger_snavely___bundler_sfm DEBUG |                                      ^ (install_repos.py:38) (snavely___bundler_sfm)
09/12/2024 05:56:15 PM logger_snavely___bundler_sfm DEBUG g++ -c -I../include -g2 -fPIC perf.cpp (install_repos.py:38) (snavely___bundler_sfm)
09/12/2024 05:56:15 PM logger_snavely___bundler_sfm DEBUG perf.cpp: In function ‘void annPrintStats(ann_1_1_char::ANNbool)’: (install_repos.py:38) (snavely___bundler_sfm)
09/12/2024 05:56:15 PM logger_snavely___bundler_sfm DEBUG perf.cpp:122:24: warning: ISO C++ forbids converting a string constant to ‘char*’ [-Wwrite-strings] (install_repos.py:38) (snavely___bundler_sfm)
09/12/2024 05:56:15 PM logger_snavely___bundler_sfm DEBUG 122 |         print_one_stat("    leaf_nodes       ", ann_visit_lfs, 1); (install_repos.py:38) (snavely___bundler_sfm)
09/12/2024 05:56:15 PM logger_snavely___bundler_sfm DEBUG |                        ^~~~~~~~~~~~~~~~~~~~~~~ (install_repos.py:38) (snavely___bundler_sfm)
09/12/2024 05:56:15 PM logger_snavely___bundler_sfm DEBUG perf.cpp:123:24: warning: ISO C++ forbids converting a string constant to ‘char*’ [-Wwrite-strings] (install_repos.py:38) (snavely___bundler_sfm)
09/12/2024 05:56:15 PM logger_snavely___bundler_sfm DEBUG 123 |         print_one_stat("    splitting_nodes  ", ann_visit_spl, 1); (install_repos.py:38) (snavely___bundler_sfm)
09/12/2024 05:56:15 PM logger_snavely___bundler_sfm DEBUG |                        ^~~~~~~~~~~~~~~~~~~~~~~ (install_repos.py:38) (snavely___bundler_sfm)
09/12/2024 05:56:15 PM logger_snavely___bundler_sfm DEBUG perf.cpp:124:24: warning: ISO C++ forbids converting a string constant to ‘char*’ [-Wwrite-strings] (install_repos.py:38) (snavely___bundler_sfm)
09/12/2024 05:56:15 PM logger_snavely___bundler_sfm DEBUG 124 |         print_one_stat("    shrinking_nodes  ", ann_visit_shr, 1); (install_repos.py:38) (snavely___bundler_sfm)
09/12/2024 05:56:15 PM logger_snavely___bundler_sfm DEBUG |                        ^~~~~~~~~~~~~~~~~~~~~~~ (install_repos.py:38) (snavely___bundler_sfm)
09/12/2024 05:56:15 PM logger_snavely___bundler_sfm DEBUG perf.cpp:125:24: warning: ISO C++ forbids converting a string constant to ‘char*’ [-Wwrite-strings] (install_repos.py:38) (snavely___bundler_sfm)
09/12/2024 05:56:15 PM logger_snavely___bundler_sfm DEBUG 125 |         print_one_stat("    total_nodes      ", ann_visit_nds, 1); (install_repos.py:38) (snavely___bundler_sfm)
09/12/2024 05:56:15 PM logger_snavely___bundler_sfm DEBUG |                        ^~~~~~~~~~~~~~~~~~~~~~~ (install_repos.py:38) (snavely___bundler_sfm)
09/12/2024 05:56:15 PM logger_snavely___bundler_sfm DEBUG perf.cpp:126:24: warning: ISO C++ forbids converting a string constant to ‘char*’ [-Wwrite-strings] (install_repos.py:38) (snavely___bundler_sfm)
09/12/2024 05:56:15 PM logger_snavely___bundler_sfm DEBUG 126 |         print_one_stat("    points_visited   ", ann_visit_pts, 1); (install_repos.py:38) (snavely___bundler_sfm)
09/12/2024 05:56:15 PM logger_snavely___bundler_sfm DEBUG |                        ^~~~~~~~~~~~~~~~~~~~~~~ (install_repos.py:38) (snavely___bundler_sfm)
09/12/2024 05:56:15 PM logger_snavely___bundler_sfm DEBUG perf.cpp:127:24: warning: ISO C++ forbids converting a string constant to ‘char*’ [-Wwrite-strings] (install_repos.py:38) (snavely___bundler_sfm)
09/12/2024 05:56:15 PM logger_snavely___bundler_sfm DEBUG 127 |         print_one_stat("    coord_hits/pt    ", ann_coord_hts, ann_Ndata_pts); (install_repos.py:38) (snavely___bundler_sfm)
09/12/2024 05:56:15 PM logger_snavely___bundler_sfm DEBUG |                        ^~~~~~~~~~~~~~~~~~~~~~~ (install_repos.py:38) (snavely___bundler_sfm)
09/12/2024 05:56:15 PM logger_snavely___bundler_sfm DEBUG perf.cpp:128:24: warning: ISO C++ forbids converting a string constant to ‘char*’ [-Wwrite-strings] (install_repos.py:38) (snavely___bundler_sfm)
09/12/2024 05:56:15 PM logger_snavely___bundler_sfm DEBUG 128 |         print_one_stat("    floating_ops_(K) ", ann_float_ops, 1000); (install_repos.py:38) (snavely___bundler_sfm)
09/12/2024 05:56:15 PM logger_snavely___bundler_sfm DEBUG |                        ^~~~~~~~~~~~~~~~~~~~~~~ (install_repos.py:38) (snavely___bundler_sfm)
09/12/2024 05:56:15 PM logger_snavely___bundler_sfm DEBUG perf.cpp:130:32: warning: ISO C++ forbids converting a string constant to ‘char*’ [-Wwrite-strings] (install_repos.py:38) (snavely___bundler_sfm)
09/12/2024 05:56:15 PM logger_snavely___bundler_sfm DEBUG 130 |                 print_one_stat("    average_error    ", ann_average_err, 1); (install_repos.py:38) (snavely___bundler_sfm)
09/12/2024 05:56:15 PM logger_snavely___bundler_sfm DEBUG |                                ^~~~~~~~~~~~~~~~~~~~~~~ (install_repos.py:38) (snavely___bundler_sfm)
09/12/2024 05:56:15 PM logger_snavely___bundler_sfm DEBUG perf.cpp:131:32: warning: ISO C++ forbids converting a string constant to ‘char*’ [-Wwrite-strings] (install_repos.py:38) (snavely___bundler_sfm)
09/12/2024 05:56:15 PM logger_snavely___bundler_sfm DEBUG 131 |                 print_one_stat("    rank_error       ", ann_rank_err, 1); (install_repos.py:38) (snavely___bundler_sfm)
09/12/2024 05:56:15 PM logger_snavely___bundler_sfm DEBUG |                                ^~~~~~~~~~~~~~~~~~~~~~~ (install_repos.py:38) (snavely___bundler_sfm)
09/12/2024 05:56:15 PM logger_snavely___bundler_sfm DEBUG g++ -shared -o  libANN_char.so ANN.o brute.o kd_tree.o kd_util.o kd_split.o kd_dump.o kd_search.o kd_pr_search.o kd_fix_rad_search.o bd_tree.o bd_search.o bd_pr_search.o bd_fix_rad_search.o perf.o (install_repos.py:38) (snavely___bundler_sfm)
09/12/2024 05:56:15 PM logger_snavely___bundler_sfm DEBUG true libANN_char.so (install_repos.py:38) (snavely___bundler_sfm)
09/12/2024 05:56:15 PM logger_snavely___bundler_sfm DEBUG cp libANN_char.so ../.. (install_repos.py:38) (snavely___bundler_sfm)
09/12/2024 05:56:15 PM logger_snavely___bundler_sfm DEBUG cp libANN_char.so ../../../bin (install_repos.py:38) (snavely___bundler_sfm)
09/12/2024 05:56:15 PM logger_snavely___bundler_sfm DEBUG mv libANN_char.so ../lib (install_repos.py:38) (snavely___bundler_sfm)
09/12/2024 05:56:15 PM logger_snavely___bundler_sfm DEBUG make[3]: Leaving directory '/INSTALL_C/repos/repos_400_c_round_two/snavely___bundler_sfm/lib/ann_1.1_char/src' (install_repos.py:38) (snavely___bundler_sfm)
09/12/2024 05:56:15 PM logger_snavely___bundler_sfm DEBUG make[2]: Leaving directory '/INSTALL_C/repos/repos_400_c_round_two/snavely___bundler_sfm/lib/ann_1.1_char/src' (install_repos.py:38) (snavely___bundler_sfm)
09/12/2024 05:56:15 PM logger_snavely___bundler_sfm DEBUG make[1]: Leaving directory '/INSTALL_C/repos/repos_400_c_round_two/snavely___bundler_sfm/lib/ann_1.1_char' (install_repos.py:38) (snavely___bundler_sfm)
09/12/2024 05:56:15 PM logger_snavely___bundler_sfm DEBUG cd lib/imagelib; make (install_repos.py:38) (snavely___bundler_sfm)
09/12/2024 05:56:15 PM logger_snavely___bundler_sfm DEBUG make[1]: Entering directory '/INSTALL_C/repos/repos_400_c_round_two/snavely___bundler_sfm/lib/imagelib' (install_repos.py:38) (snavely___bundler_sfm)
09/12/2024 05:56:15 PM logger_snavely___bundler_sfm DEBUG gcc -Wall -O3 -I../matrix   -c -o affine.o affine.c (install_repos.py:38) (snavely___bundler_sfm)
09/12/2024 05:56:15 PM logger_snavely___bundler_sfm DEBUG gcc -Wall -O3 -I../matrix   -c -o bmp.o bmp.c (install_repos.py:38) (snavely___bundler_sfm)
09/12/2024 05:56:16 PM logger_snavely___bundler_sfm DEBUG gcc -Wall -O3 -I../matrix   -c -o canny.o canny.c (install_repos.py:38) (snavely___bundler_sfm)
09/12/2024 05:56:16 PM logger_snavely___bundler_sfm DEBUG gcc -Wall -O3 -I../matrix   -c -o color.o color.c (install_repos.py:38) (snavely___bundler_sfm)
09/12/2024 05:56:16 PM logger_snavely___bundler_sfm DEBUG color.c:80:21: warning: ‘RGB’ defined but not used [-Wunused-const-variable=] (install_repos.py:38) (snavely___bundler_sfm)
09/12/2024 05:56:16 PM logger_snavely___bundler_sfm DEBUG 80 | const static double RGB[3][3] = { (install_repos.py:38) (snavely___bundler_sfm)
09/12/2024 05:56:16 PM logger_snavely___bundler_sfm DEBUG |                     ^~~ (install_repos.py:38) (snavely___bundler_sfm)
09/12/2024 05:56:16 PM logger_snavely___bundler_sfm DEBUG color.c:66:21: warning: ‘Zn’ defined but not used [-Wunused-const-variable=] (install_repos.py:38) (snavely___bundler_sfm)
09/12/2024 05:56:16 PM logger_snavely___bundler_sfm DEBUG 66 | const static double Zn= 1.08870; (install_repos.py:38) (snavely___bundler_sfm)
09/12/2024 05:56:16 PM logger_snavely___bundler_sfm DEBUG |                     ^~ (install_repos.py:38) (snavely___bundler_sfm)
09/12/2024 05:56:16 PM logger_snavely___bundler_sfm DEBUG color.c:64:21: warning: ‘Xn’ defined but not used [-Wunused-const-variable=] (install_repos.py:38) (snavely___bundler_sfm)
09/12/2024 05:56:16 PM logger_snavely___bundler_sfm DEBUG 64 | const static double Xn= 0.95050; (install_repos.py:38) (snavely___bundler_sfm)
09/12/2024 05:56:16 PM logger_snavely___bundler_sfm DEBUG |                     ^~ (install_repos.py:38) (snavely___bundler_sfm)
09/12/2024 05:56:16 PM logger_snavely___bundler_sfm DEBUG gcc -Wall -O3 -I../matrix   -c -o fileio.o fileio.c (install_repos.py:38) (snavely___bundler_sfm)
09/12/2024 05:56:16 PM logger_snavely___bundler_sfm DEBUG gcc -Wall -O3 -I../matrix   -c -o filter.o filter.c (install_repos.py:38) (snavely___bundler_sfm)
09/12/2024 05:56:16 PM logger_snavely___bundler_sfm DEBUG gcc -Wall -O3 -I../matrix   -c -o fit.o fit.c (install_repos.py:38) (snavely___bundler_sfm)
09/12/2024 05:56:16 PM logger_snavely___bundler_sfm DEBUG gcc -Wall -O3 -I../matrix   -c -o fmatrix.o fmatrix.c (install_repos.py:38) (snavely___bundler_sfm)
09/12/2024 05:56:16 PM logger_snavely___bundler_sfm DEBUG fmatrix.c: In function ‘estimate_fmatrix_ransac_matches’: (install_repos.py:38) (snavely___bundler_sfm)
09/12/2024 05:56:16 PM logger_snavely___bundler_sfm DEBUG fmatrix.c:304:12: warning: variable ‘error_min’ set but not used [-Wunused-but-set-variable] (install_repos.py:38) (snavely___bundler_sfm)
09/12/2024 05:56:16 PM logger_snavely___bundler_sfm DEBUG 304 |     double error_min; (install_repos.py:38) (snavely___bundler_sfm)
09/12/2024 05:56:16 PM logger_snavely___bundler_sfm DEBUG |            ^~~~~~~~~ (install_repos.py:38) (snavely___bundler_sfm)
09/12/2024 05:56:16 PM logger_snavely___bundler_sfm DEBUG fmatrix.c: In function ‘fmatrix_rectify_images’: (install_repos.py:38) (snavely___bundler_sfm)
09/12/2024 05:56:16 PM logger_snavely___bundler_sfm DEBUG fmatrix.c:1080:38: warning: variable ‘z_ave’ set but not used [-Wunused-but-set-variable] (install_repos.py:38) (snavely___bundler_sfm)
09/12/2024 05:56:16 PM logger_snavely___bundler_sfm DEBUG 1080 |     double y[2], y2[2], z[3], z2[3], z_ave[3], w[3], w2[3]; (install_repos.py:38) (snavely___bundler_sfm)
09/12/2024 05:56:16 PM logger_snavely___bundler_sfm DEBUG |                                      ^~~~~ (install_repos.py:38) (snavely___bundler_sfm)
09/12/2024 05:56:17 PM logger_snavely___bundler_sfm DEBUG gcc -Wall -O3 -I../matrix   -c -o homography.o homography.c (install_repos.py:38) (snavely___bundler_sfm)
09/12/2024 05:56:17 PM logger_snavely___bundler_sfm DEBUG gcc -Wall -O3 -I../matrix   -c -o horn.o horn.c (install_repos.py:38) (snavely___bundler_sfm)
09/12/2024 05:56:17 PM logger_snavely___bundler_sfm DEBUG horn.c: In function ‘align_horn’: (install_repos.py:38) (snavely___bundler_sfm)
09/12/2024 05:56:17 PM logger_snavely___bundler_sfm DEBUG horn.c:56:12: warning: variable ‘S’ set but not used [-Wunused-but-set-variable] (install_repos.py:38) (snavely___bundler_sfm)
09/12/2024 05:56:17 PM logger_snavely___bundler_sfm DEBUG 56 |     double S[2][2], Sinv[2][2], U[2][2]; (install_repos.py:38) (snavely___bundler_sfm)
09/12/2024 05:56:17 PM logger_snavely___bundler_sfm DEBUG |            ^ (install_repos.py:38) (snavely___bundler_sfm)
09/12/2024 05:56:17 PM logger_snavely___bundler_sfm DEBUG horn.c: In function ‘align_horn_3D_2’: (install_repos.py:38) (snavely___bundler_sfm)
09/12/2024 05:56:17 PM logger_snavely___bundler_sfm DEBUG horn.c:489:12: warning: variable ‘error’ set but not used [-Wunused-but-set-variable] (install_repos.py:38) (snavely___bundler_sfm)
09/12/2024 05:56:17 PM logger_snavely___bundler_sfm DEBUG 489 |     double error = 0.0; (install_repos.py:38) (snavely___bundler_sfm)
09/12/2024 05:56:17 PM logger_snavely___bundler_sfm DEBUG |            ^~~~~ (install_repos.py:38) (snavely___bundler_sfm)
09/12/2024 05:56:17 PM logger_snavely___bundler_sfm DEBUG horn.c: In function ‘align_2D_ransac’: (install_repos.py:38) (snavely___bundler_sfm)
09/12/2024 05:56:17 PM logger_snavely___bundler_sfm DEBUG horn.c:754:9: warning: unused variable ‘i’ [-Wunused-variable] (install_repos.py:38) (snavely___bundler_sfm)
09/12/2024 05:56:17 PM logger_snavely___bundler_sfm DEBUG 754 |     int i; (install_repos.py:38) (snavely___bundler_sfm)
09/12/2024 05:56:17 PM logger_snavely___bundler_sfm DEBUG |         ^ (install_repos.py:38) (snavely___bundler_sfm)
09/12/2024 05:56:17 PM logger_snavely___bundler_sfm DEBUG horn.c:753:34: warning: unused variable ‘scale’ [-Wunused-variable] (install_repos.py:38) (snavely___bundler_sfm)
09/12/2024 05:56:17 PM logger_snavely___bundler_sfm DEBUG 753 |     double Tbest[9], R[9], T[9], scale; (install_repos.py:38) (snavely___bundler_sfm)
09/12/2024 05:56:17 PM logger_snavely___bundler_sfm DEBUG |                                  ^~~~~ (install_repos.py:38) (snavely___bundler_sfm)
09/12/2024 05:56:17 PM logger_snavely___bundler_sfm DEBUG horn.c:753:28: warning: unused variable ‘T’ [-Wunused-variable] (install_repos.py:38) (snavely___bundler_sfm)
09/12/2024 05:56:17 PM logger_snavely___bundler_sfm DEBUG 753 |     double Tbest[9], R[9], T[9], scale; (install_repos.py:38) (snavely___bundler_sfm)
09/12/2024 05:56:17 PM logger_snavely___bundler_sfm DEBUG |                            ^ (install_repos.py:38) (snavely___bundler_sfm)
09/12/2024 05:56:17 PM logger_snavely___bundler_sfm DEBUG horn.c:753:22: warning: unused variable ‘R’ [-Wunused-variable] (install_repos.py:38) (snavely___bundler_sfm)
09/12/2024 05:56:17 PM logger_snavely___bundler_sfm DEBUG 753 |     double Tbest[9], R[9], T[9], scale; (install_repos.py:38) (snavely___bundler_sfm)
09/12/2024 05:56:17 PM logger_snavely___bundler_sfm DEBUG |                      ^ (install_repos.py:38) (snavely___bundler_sfm)
09/12/2024 05:56:17 PM logger_snavely___bundler_sfm DEBUG horn.c: In function ‘align_horn_ransac’: (install_repos.py:38) (snavely___bundler_sfm)
09/12/2024 05:56:17 PM logger_snavely___bundler_sfm DEBUG horn.c:882:9: warning: unused variable ‘i’ [-Wunused-variable] (install_repos.py:38) (snavely___bundler_sfm)
09/12/2024 05:56:17 PM logger_snavely___bundler_sfm DEBUG 882 |     int i; (install_repos.py:38) (snavely___bundler_sfm)
09/12/2024 05:56:17 PM logger_snavely___bundler_sfm DEBUG |         ^ (install_repos.py:38) (snavely___bundler_sfm)
09/12/2024 05:56:17 PM logger_snavely___bundler_sfm DEBUG horn.c:881:34: warning: unused variable ‘scale’ [-Wunused-variable] (install_repos.py:38) (snavely___bundler_sfm)
09/12/2024 05:56:17 PM logger_snavely___bundler_sfm DEBUG 881 |     double Tbest[9], R[9], T[9], scale; (install_repos.py:38) (snavely___bundler_sfm)
09/12/2024 05:56:17 PM logger_snavely___bundler_sfm DEBUG |                                  ^~~~~ (install_repos.py:38) (snavely___bundler_sfm)
09/12/2024 05:56:17 PM logger_snavely___bundler_sfm DEBUG horn.c:881:28: warning: unused variable ‘T’ [-Wunused-variable] (install_repos.py:38) (snavely___bundler_sfm)
09/12/2024 05:56:17 PM logger_snavely___bundler_sfm DEBUG 881 |     double Tbest[9], R[9], T[9], scale; (install_repos.py:38) (snavely___bundler_sfm)
09/12/2024 05:56:17 PM logger_snavely___bundler_sfm DEBUG |                            ^ (install_repos.py:38) (snavely___bundler_sfm)
09/12/2024 05:56:17 PM logger_snavely___bundler_sfm DEBUG horn.c:881:22: warning: unused variable ‘R’ [-Wunused-variable] (install_repos.py:38) (snavely___bundler_sfm)
09/12/2024 05:56:17 PM logger_snavely___bundler_sfm DEBUG 881 |     double Tbest[9], R[9], T[9], scale; (install_repos.py:38) (snavely___bundler_sfm)
09/12/2024 05:56:17 PM logger_snavely___bundler_sfm DEBUG |                      ^ (install_repos.py:38) (snavely___bundler_sfm)
09/12/2024 05:56:17 PM logger_snavely___bundler_sfm DEBUG horn.c: In function ‘align_horn_3D_ransac’: (install_repos.py:38) (snavely___bundler_sfm)
09/12/2024 05:56:17 PM logger_snavely___bundler_sfm DEBUG horn.c:984:23: warning: unused variable ‘TbestT’ [-Wunused-variable] (install_repos.py:38) (snavely___bundler_sfm)
09/12/2024 05:56:17 PM logger_snavely___bundler_sfm DEBUG 984 |     double Tbest[16], TbestT[16]; (install_repos.py:38) (snavely___bundler_sfm)
09/12/2024 05:56:17 PM logger_snavely___bundler_sfm DEBUG |                       ^~~~~~ (install_repos.py:38) (snavely___bundler_sfm)
09/12/2024 05:56:17 PM logger_snavely___bundler_sfm DEBUG horn.c: In function ‘align_3D_rotation_ransac’: (install_repos.py:38) (snavely___bundler_sfm)
09/12/2024 05:56:17 PM logger_snavely___bundler_sfm DEBUG horn.c:1155:9: warning: unused variable ‘i’ [-Wunused-variable] (install_repos.py:38) (snavely___bundler_sfm)
09/12/2024 05:56:17 PM logger_snavely___bundler_sfm DEBUG 1155 |     int i; (install_repos.py:38) (snavely___bundler_sfm)
09/12/2024 05:56:17 PM logger_snavely___bundler_sfm DEBUG |         ^ (install_repos.py:38) (snavely___bundler_sfm)
09/12/2024 05:56:17 PM logger_snavely___bundler_sfm DEBUG horn.c:1149:12: warning: unused variable ‘error’ [-Wunused-variable] (install_repos.py:38) (snavely___bundler_sfm)
09/12/2024 05:56:17 PM logger_snavely___bundler_sfm DEBUG 1149 |     double error = 0.0; (install_repos.py:38) (snavely___bundler_sfm)
09/12/2024 05:56:17 PM logger_snavely___bundler_sfm DEBUG |            ^~~~~ (install_repos.py:38) (snavely___bundler_sfm)
09/12/2024 05:56:17 PM logger_snavely___bundler_sfm DEBUG horn.c: In function ‘align_2D_ransac’: (install_repos.py:38) (snavely___bundler_sfm)
09/12/2024 05:56:17 PM logger_snavely___bundler_sfm DEBUG horn.c:752:9: warning: ‘num_inliers’ may be used uninitialized [-Wmaybe-uninitialized] (install_repos.py:38) (snavely___bundler_sfm)
09/12/2024 05:56:17 PM logger_snavely___bundler_sfm DEBUG 752 |     int num_inliers, max_inliers = 0; (install_repos.py:38) (snavely___bundler_sfm)
09/12/2024 05:56:17 PM logger_snavely___bundler_sfm DEBUG |         ^~~~~~~~~~~ (install_repos.py:38) (snavely___bundler_sfm)
09/12/2024 05:56:17 PM logger_snavely___bundler_sfm DEBUG horn.c: In function ‘align_horn_ransac’: (install_repos.py:38) (snavely___bundler_sfm)
09/12/2024 05:56:17 PM logger_snavely___bundler_sfm DEBUG horn.c:880:9: warning: ‘num_inliers’ may be used uninitialized [-Wmaybe-uninitialized] (install_repos.py:38) (snavely___bundler_sfm)
09/12/2024 05:56:17 PM logger_snavely___bundler_sfm DEBUG 880 |     int num_inliers, max_inliers = 0; (install_repos.py:38) (snavely___bundler_sfm)
09/12/2024 05:56:17 PM logger_snavely___bundler_sfm DEBUG |         ^~~~~~~~~~~ (install_repos.py:38) (snavely___bundler_sfm)
09/12/2024 05:56:18 PM logger_snavely___bundler_sfm DEBUG gcc -Wall -O3 -I../matrix   -c -o image.o image.c (install_repos.py:38) (snavely___bundler_sfm)
09/12/2024 05:56:19 PM logger_snavely___bundler_sfm DEBUG gcc -Wall -O3 -I../matrix   -c -o lerp.o lerp.c (install_repos.py:38) (snavely___bundler_sfm)
09/12/2024 05:56:19 PM logger_snavely___bundler_sfm DEBUG gcc -Wall -O3 -I../matrix   -c -o morphology.o morphology.c (install_repos.py:38) (snavely___bundler_sfm)
09/12/2024 05:56:19 PM logger_snavely___bundler_sfm DEBUG gcc -Wall -O3 -I../matrix   -c -o pgm.o pgm.c (install_repos.py:38) (snavely___bundler_sfm)
09/12/2024 05:56:19 PM logger_snavely___bundler_sfm DEBUG pgm.c: In function ‘img_read_pgm_dimensions’: (install_repos.py:38) (snavely___bundler_sfm)
09/12/2024 05:56:19 PM logger_snavely___bundler_sfm DEBUG pgm.c:65:27: warning: variable ‘c2’ set but not used [-Wunused-but-set-variable] (install_repos.py:38) (snavely___bundler_sfm)
09/12/2024 05:56:19 PM logger_snavely___bundler_sfm DEBUG 65 |     int char1, char2, c1, c2; (install_repos.py:38) (snavely___bundler_sfm)
09/12/2024 05:56:19 PM logger_snavely___bundler_sfm DEBUG |                           ^~ (install_repos.py:38) (snavely___bundler_sfm)
09/12/2024 05:56:19 PM logger_snavely___bundler_sfm DEBUG pgm.c:65:23: warning: variable ‘c1’ set but not used [-Wunused-but-set-variable] (install_repos.py:38) (snavely___bundler_sfm)
09/12/2024 05:56:19 PM logger_snavely___bundler_sfm DEBUG 65 |     int char1, char2, c1, c2; (install_repos.py:38) (snavely___bundler_sfm)
09/12/2024 05:56:19 PM logger_snavely___bundler_sfm DEBUG |                       ^~ (install_repos.py:38) (snavely___bundler_sfm)
09/12/2024 05:56:19 PM logger_snavely___bundler_sfm DEBUG pgm.c:65:16: warning: variable ‘char2’ set but not used [-Wunused-but-set-variable] (install_repos.py:38) (snavely___bundler_sfm)
09/12/2024 05:56:19 PM logger_snavely___bundler_sfm DEBUG 65 |     int char1, char2, c1, c2; (install_repos.py:38) (snavely___bundler_sfm)
09/12/2024 05:56:19 PM logger_snavely___bundler_sfm DEBUG |                ^~~~~ (install_repos.py:38) (snavely___bundler_sfm)
09/12/2024 05:56:19 PM logger_snavely___bundler_sfm DEBUG pgm.c:65:9: warning: variable ‘char1’ set but not used [-Wunused-but-set-variable] (install_repos.py:38) (snavely___bundler_sfm)
09/12/2024 05:56:19 PM logger_snavely___bundler_sfm DEBUG 65 |     int char1, char2, c1, c2; (install_repos.py:38) (snavely___bundler_sfm)
09/12/2024 05:56:19 PM logger_snavely___bundler_sfm DEBUG |         ^~~~~ (install_repos.py:38) (snavely___bundler_sfm)
09/12/2024 05:56:19 PM logger_snavely___bundler_sfm DEBUG gcc -Wall -O3 -I../matrix   -c -o poly.o poly.c (install_repos.py:38) (snavely___bundler_sfm)
09/12/2024 05:56:19 PM logger_snavely___bundler_sfm DEBUG poly.c: In function ‘poly_find_root’: (install_repos.py:38) (snavely___bundler_sfm)
09/12/2024 05:56:19 PM logger_snavely___bundler_sfm DEBUG poly.c:153:12: warning: unused variable ‘roots’ [-Wunused-variable] (install_repos.py:38) (snavely___bundler_sfm)
09/12/2024 05:56:19 PM logger_snavely___bundler_sfm DEBUG 153 |     double roots[10]; (install_repos.py:38) (snavely___bundler_sfm)
09/12/2024 05:56:19 PM logger_snavely___bundler_sfm DEBUG |            ^~~~~ (install_repos.py:38) (snavely___bundler_sfm)
09/12/2024 05:56:19 PM logger_snavely___bundler_sfm DEBUG gcc -Wall -O3 -I../matrix   -c -o qsort.o qsort.c (install_repos.py:38) (snavely___bundler_sfm)
09/12/2024 05:56:19 PM logger_snavely___bundler_sfm DEBUG gcc -Wall -O3 -I../matrix   -c -o resample.o resample.c (install_repos.py:38) (snavely___bundler_sfm)
09/12/2024 05:56:19 PM logger_snavely___bundler_sfm DEBUG resample.c: In function ‘pixel_lerp_intensity’: (install_repos.py:38) (snavely___bundler_sfm)
09/12/2024 05:56:19 PM logger_snavely___bundler_sfm DEBUG resample.c:86:12: warning: unused variable ‘params’ [-Wunused-variable] (install_repos.py:38) (snavely___bundler_sfm)
09/12/2024 05:56:19 PM logger_snavely___bundler_sfm DEBUG 86 |     double params[2] = { xp, yp }; (install_repos.py:38) (snavely___bundler_sfm)
09/12/2024 05:56:19 PM logger_snavely___bundler_sfm DEBUG |            ^~~~~~ (install_repos.py:38) (snavely___bundler_sfm)
09/12/2024 05:56:19 PM logger_snavely___bundler_sfm DEBUG resample.c: In function ‘pixel_lerp’: (install_repos.py:38) (snavely___bundler_sfm)
09/12/2024 05:56:19 PM logger_snavely___bundler_sfm DEBUG resample.c:203:12: warning: unused variable ‘params’ [-Wunused-variable] (install_repos.py:38) (snavely___bundler_sfm)
09/12/2024 05:56:19 PM logger_snavely___bundler_sfm DEBUG 203 |     double params[2] = { xp, yp }; (install_repos.py:38) (snavely___bundler_sfm)
09/12/2024 05:56:19 PM logger_snavely___bundler_sfm DEBUG |            ^~~~~~ (install_repos.py:38) (snavely___bundler_sfm)
09/12/2024 05:56:19 PM logger_snavely___bundler_sfm DEBUG gcc -Wall -O3 -I../matrix   -c -o tps.o tps.c (install_repos.py:38) (snavely___bundler_sfm)
09/12/2024 05:56:20 PM logger_snavely___bundler_sfm DEBUG gcc -Wall -O3 -I../matrix   -c -o transform.o transform.c (install_repos.py:38) (snavely___bundler_sfm)
09/12/2024 05:56:20 PM logger_snavely___bundler_sfm DEBUG gcc -Wall -O3 -I../matrix   -c -o triangulate.o triangulate.c (install_repos.py:38) (snavely___bundler_sfm)
09/12/2024 05:56:20 PM logger_snavely___bundler_sfm DEBUG triangulate.c: In function ‘condition_points_3D’: (install_repos.py:38) (snavely___bundler_sfm)
09/12/2024 05:56:20 PM logger_snavely___bundler_sfm DEBUG triangulate.c:659:16: warning: unused variable ‘z’ [-Wunused-variable] (install_repos.py:38) (snavely___bundler_sfm)
09/12/2024 05:56:20 PM logger_snavely___bundler_sfm DEBUG 659 |         double z = factor * (Vz(pts[i]) - Vz(mean)); (install_repos.py:38) (snavely___bundler_sfm)
09/12/2024 05:56:20 PM logger_snavely___bundler_sfm DEBUG |                ^ (install_repos.py:38) (snavely___bundler_sfm)
09/12/2024 05:56:20 PM logger_snavely___bundler_sfm DEBUG triangulate.c:658:16: warning: unused variable ‘y’ [-Wunused-variable] (install_repos.py:38) (snavely___bundler_sfm)
09/12/2024 05:56:20 PM logger_snavely___bundler_sfm DEBUG 658 |         double y = factor * (Vy(pts[i]) - Vy(mean)); (install_repos.py:38) (snavely___bundler_sfm)
09/12/2024 05:56:20 PM logger_snavely___bundler_sfm DEBUG |                ^ (install_repos.py:38) (snavely___bundler_sfm)
09/12/2024 05:56:20 PM logger_snavely___bundler_sfm DEBUG triangulate.c:657:16: warning: unused variable ‘x’ [-Wunused-variable] (install_repos.py:38) (snavely___bundler_sfm)
09/12/2024 05:56:20 PM logger_snavely___bundler_sfm DEBUG 657 |         double x = factor * (Vx(pts[i]) - Vx(mean)); (install_repos.py:38) (snavely___bundler_sfm)
09/12/2024 05:56:20 PM logger_snavely___bundler_sfm DEBUG |                ^ (install_repos.py:38) (snavely___bundler_sfm)
09/12/2024 05:56:20 PM logger_snavely___bundler_sfm DEBUG triangulate.c: In function ‘find_projection_3x4_ransac’: (install_repos.py:38) (snavely___bundler_sfm)
09/12/2024 05:56:20 PM logger_snavely___bundler_sfm DEBUG triangulate.c:915:13: warning: unused variable ‘num_inliers_polished’ [-Wunused-variable] (install_repos.py:38) (snavely___bundler_sfm)
09/12/2024 05:56:20 PM logger_snavely___bundler_sfm DEBUG 915 |         int num_inliers_polished = 0; (install_repos.py:38) (snavely___bundler_sfm)
09/12/2024 05:56:20 PM logger_snavely___bundler_sfm DEBUG |             ^~~~~~~~~~~~~~~~~~~~ (install_repos.py:38) (snavely___bundler_sfm)
09/12/2024 05:56:20 PM logger_snavely___bundler_sfm DEBUG triangulate.c: At top level: (install_repos.py:38) (snavely___bundler_sfm)
09/12/2024 05:56:20 PM logger_snavely___bundler_sfm DEBUG triangulate.c:674:14: warning: ‘condition_points_2D’ defined but not used [-Wunused-function] (install_repos.py:38) (snavely___bundler_sfm)
09/12/2024 05:56:20 PM logger_snavely___bundler_sfm DEBUG 674 | static v2_t *condition_points_2D(int num_points, v2_t *pts, double *T) { (install_repos.py:38) (snavely___bundler_sfm)
09/12/2024 05:56:20 PM logger_snavely___bundler_sfm DEBUG |              ^~~~~~~~~~~~~~~~~~~ (install_repos.py:38) (snavely___bundler_sfm)
09/12/2024 05:56:20 PM logger_snavely___bundler_sfm DEBUG triangulate.c:609:14: warning: ‘condition_points_3D’ defined but not used [-Wunused-function] (install_repos.py:38) (snavely___bundler_sfm)
09/12/2024 05:56:20 PM logger_snavely___bundler_sfm DEBUG 609 | static v3_t *condition_points_3D(int num_points, v3_t *pts, double *T) { (install_repos.py:38) (snavely___bundler_sfm)
09/12/2024 05:56:20 PM logger_snavely___bundler_sfm DEBUG |              ^~~~~~~~~~~~~~~~~~~ (install_repos.py:38) (snavely___bundler_sfm)
09/12/2024 05:56:20 PM logger_snavely___bundler_sfm DEBUG gcc -Wall -O3 -I../matrix   -c -o util.o util.c (install_repos.py:38) (snavely___bundler_sfm)
09/12/2024 05:56:20 PM logger_snavely___bundler_sfm DEBUG ar r libimage.a affine.o bmp.o canny.o color.o fileio.o filter.o fit.o fmatrix.o homography.o horn.o image.o lerp.o morphology.o pgm.o poly.o qsort.o resample.o tps.o transform.o triangulate.o util.o (install_repos.py:38) (snavely___bundler_sfm)
09/12/2024 05:56:20 PM logger_snavely___bundler_sfm DEBUG ar: creating libimage.a (install_repos.py:38) (snavely___bundler_sfm)
09/12/2024 05:56:20 PM logger_snavely___bundler_sfm DEBUG cp libimage.a .. (install_repos.py:38) (snavely___bundler_sfm)
09/12/2024 05:56:20 PM logger_snavely___bundler_sfm DEBUG make[1]: Leaving directory '/INSTALL_C/repos/repos_400_c_round_two/snavely___bundler_sfm/lib/imagelib' (install_repos.py:38) (snavely___bundler_sfm)
09/12/2024 05:56:20 PM logger_snavely___bundler_sfm DEBUG cd lib/matrix; make (install_repos.py:38) (snavely___bundler_sfm)
09/12/2024 05:56:20 PM logger_snavely___bundler_sfm DEBUG make[1]: Entering directory '/INSTALL_C/repos/repos_400_c_round_two/snavely___bundler_sfm/lib/matrix' (install_repos.py:38) (snavely___bundler_sfm)
09/12/2024 05:56:20 PM logger_snavely___bundler_sfm DEBUG gcc -O3 -Wall -D__NO_MKL__ -I../imagelib -I../../include   -c -o matrix.o matrix.c (install_repos.py:38) (snavely___bundler_sfm)
09/12/2024 05:56:21 PM logger_snavely___bundler_sfm DEBUG gcc -O3 -Wall -D__NO_MKL__ -I../imagelib -I../../include   -c -o vector.o vector.c (install_repos.py:38) (snavely___bundler_sfm)
09/12/2024 05:56:21 PM logger_snavely___bundler_sfm DEBUG gcc -O3 -Wall -D__NO_MKL__ -I../imagelib -I../../include   -c -o svd.o svd.c (install_repos.py:38) (snavely___bundler_sfm)
09/12/2024 05:56:22 PM logger_snavely___bundler_sfm DEBUG ar r libmatrix.a matrix.o vector.o svd.o (install_repos.py:38) (snavely___bundler_sfm)
09/12/2024 05:56:22 PM logger_snavely___bundler_sfm DEBUG ar: creating libmatrix.a (install_repos.py:38) (snavely___bundler_sfm)
09/12/2024 05:56:22 PM logger_snavely___bundler_sfm DEBUG cp libmatrix.a .. (install_repos.py:38) (snavely___bundler_sfm)
09/12/2024 05:56:22 PM logger_snavely___bundler_sfm DEBUG make[1]: Leaving directory '/INSTALL_C/repos/repos_400_c_round_two/snavely___bundler_sfm/lib/matrix' (install_repos.py:38) (snavely___bundler_sfm)
09/12/2024 05:56:22 PM logger_snavely___bundler_sfm DEBUG cd lib/sba-1.5; make (install_repos.py:38) (snavely___bundler_sfm)
09/12/2024 05:56:22 PM logger_snavely___bundler_sfm DEBUG make[1]: Entering directory '/INSTALL_C/repos/repos_400_c_round_two/snavely___bundler_sfm/lib/sba-1.5' (install_repos.py:38) (snavely___bundler_sfm)
09/12/2024 05:56:22 PM logger_snavely___bundler_sfm DEBUG gcc -Wall -O3 -I../matrix   -c -o sba_levmar.o sba_levmar.c (install_repos.py:38) (snavely___bundler_sfm)
09/12/2024 05:56:22 PM logger_snavely___bundler_sfm DEBUG sba_levmar.c: In function ‘emalloc_’: (install_repos.py:38) (snavely___bundler_sfm)
09/12/2024 05:56:22 PM logger_snavely___bundler_sfm DEBUG sba_levmar.c:78:62: warning: format ‘%u’ expects argument of type ‘unsigned int’, but argument 3 has type ‘size_t’ {aka ‘long unsigned int’} [-Wformat=] (install_repos.py:38) (snavely___bundler_sfm)
09/12/2024 05:56:22 PM logger_snavely___bundler_sfm DEBUG 78 |         fprintf(stderr, "SBA: memory allocation request for %u bytes failed in file %s, line %d, exiting", sz, file, line); (install_repos.py:38) (snavely___bundler_sfm)
09/12/2024 05:56:22 PM logger_snavely___bundler_sfm DEBUG |                                                             ~^                                             ~~ (install_repos.py:38) (snavely___bundler_sfm)
09/12/2024 05:56:22 PM logger_snavely___bundler_sfm DEBUG |                                                              |                                             | (install_repos.py:38) (snavely___bundler_sfm)
09/12/2024 05:56:22 PM logger_snavely___bundler_sfm DEBUG |                                                              unsigned int                                  size_t {aka long unsigned int} (install_repos.py:38) (snavely___bundler_sfm)
09/12/2024 05:56:22 PM logger_snavely___bundler_sfm DEBUG |                                                             %lu (install_repos.py:38) (snavely___bundler_sfm)
09/12/2024 05:56:22 PM logger_snavely___bundler_sfm DEBUG sba_levmar.c: In function ‘sba_motstr_levmar_x’: (install_repos.py:38) (snavely___bundler_sfm)
09/12/2024 05:56:22 PM logger_snavely___bundler_sfm DEBUG sba_levmar.c:1553:32: warning: variable ‘pct_change’ set but not used [-Wunused-but-set-variable] (install_repos.py:38) (snavely___bundler_sfm)
09/12/2024 05:56:22 PM logger_snavely___bundler_sfm DEBUG 1553 |                         double pct_change; (install_repos.py:38) (snavely___bundler_sfm)
09/12/2024 05:56:22 PM logger_snavely___bundler_sfm DEBUG |                                ^~~~~~~~~~ (install_repos.py:38) (snavely___bundler_sfm)
09/12/2024 05:56:22 PM logger_snavely___bundler_sfm DEBUG sba_levmar.c:571:18: warning: variable ‘pb’ set but not used [-Wunused-but-set-variable] (install_repos.py:38) (snavely___bundler_sfm)
09/12/2024 05:56:22 PM logger_snavely___bundler_sfm DEBUG 571 |     double *pa, *pb, *ea, *eb, *dpa, *dpb; /* pointers into p, jac, eab and dp respectively */ (install_repos.py:38) (snavely___bundler_sfm)
09/12/2024 05:56:22 PM logger_snavely___bundler_sfm DEBUG |                  ^~ (install_repos.py:38) (snavely___bundler_sfm)
09/12/2024 05:56:22 PM logger_snavely___bundler_sfm DEBUG sba_levmar.c:571:13: warning: variable ‘pa’ set but not used [-Wunused-but-set-variable] (install_repos.py:38) (snavely___bundler_sfm)
09/12/2024 05:56:22 PM logger_snavely___bundler_sfm DEBUG 571 |     double *pa, *pb, *ea, *eb, *dpa, *dpb; /* pointers into p, jac, eab and dp respectively */ (install_repos.py:38) (snavely___bundler_sfm)
09/12/2024 05:56:22 PM logger_snavely___bundler_sfm DEBUG |             ^~ (install_repos.py:38) (snavely___bundler_sfm)
09/12/2024 05:56:22 PM logger_snavely___bundler_sfm DEBUG sba_levmar.c: At top level: (install_repos.py:38) (snavely___bundler_sfm)
09/12/2024 05:56:22 PM logger_snavely___bundler_sfm DEBUG sba_levmar.c:115:13: warning: ‘sba_print_sol’ defined but not used [-Wunused-function] (install_repos.py:38) (snavely___bundler_sfm)
09/12/2024 05:56:22 PM logger_snavely___bundler_sfm DEBUG 115 | static void sba_print_sol(int n, int m, double *p, int cnp, int pnp, double *x, int mnp, struct sba_crsm *idxij, int *rcidxs, int *rcsubs) (install_repos.py:38) (snavely___bundler_sfm)
09/12/2024 05:56:22 PM logger_snavely___bundler_sfm DEBUG |             ^~~~~~~~~~~~~ (install_repos.py:38) (snavely___bundler_sfm)
09/12/2024 05:56:22 PM logger_snavely___bundler_sfm DEBUG sba_levmar.c: In function ‘sba_motstr_levmar_x’: (install_repos.py:38) (snavely___bundler_sfm)
09/12/2024 05:56:22 PM logger_snavely___bundler_sfm DEBUG sba_levmar.c:610:68: warning: array subscript 5 is outside array bounds of ‘const double[5]’ [-Warray-bounds] (install_repos.py:38) (snavely___bundler_sfm)
09/12/2024 05:56:22 PM logger_snavely___bundler_sfm DEBUG 610 |         eps3_sq=opts[3]*opts[3], eps4_sq=opts[4]*opts[4], eps5=opts[5]; (install_repos.py:38) (snavely___bundler_sfm)
09/12/2024 05:56:22 PM logger_snavely___bundler_sfm DEBUG |                                                                ~~~~^~~ (install_repos.py:38) (snavely___bundler_sfm)
09/12/2024 05:56:22 PM logger_snavely___bundler_sfm DEBUG sba_levmar.c:508:38: note: at offset 40 into object ‘opts’ of size [0, 40] (install_repos.py:38) (snavely___bundler_sfm)
09/12/2024 05:56:22 PM logger_snavely___bundler_sfm DEBUG 508 |                         const double opts[SBA_OPTSSZ], (install_repos.py:38) (snavely___bundler_sfm)
09/12/2024 05:56:22 PM logger_snavely___bundler_sfm DEBUG |                         ~~~~~~~~~~~~~^~~~~~~~~~~~~~~~ (install_repos.py:38) (snavely___bundler_sfm)
09/12/2024 05:56:25 PM logger_snavely___bundler_sfm DEBUG gcc -Wall -O3 -I../matrix   -c -o sba_levmar_wrap.o sba_levmar_wrap.c (install_repos.py:38) (snavely___bundler_sfm)
09/12/2024 05:56:25 PM logger_snavely___bundler_sfm DEBUG sba_levmar_wrap.c: In function ‘sba_motstr_Qs’: (install_repos.py:38) (snavely___bundler_sfm)
09/12/2024 05:56:25 PM logger_snavely___bundler_sfm DEBUG sba_levmar_wrap.c:78:7: warning: variable ‘n’ set but not used [-Wunused-but-set-variable] (install_repos.py:38) (snavely___bundler_sfm)
09/12/2024 05:56:25 PM logger_snavely___bundler_sfm DEBUG 78 |   int n, m, nnz; (install_repos.py:38) (snavely___bundler_sfm)
09/12/2024 05:56:25 PM logger_snavely___bundler_sfm DEBUG |       ^ (install_repos.py:38) (snavely___bundler_sfm)
09/12/2024 05:56:25 PM logger_snavely___bundler_sfm DEBUG sba_levmar_wrap.c: In function ‘sba_motstr_Qs_jac’: (install_repos.py:38) (snavely___bundler_sfm)
09/12/2024 05:56:25 PM logger_snavely___bundler_sfm DEBUG sba_levmar_wrap.c:119:7: warning: variable ‘n’ set but not used [-Wunused-but-set-variable] (install_repos.py:38) (snavely___bundler_sfm)
09/12/2024 05:56:25 PM logger_snavely___bundler_sfm DEBUG 119 |   int n, m, nnz, Asz, Bsz, ABsz, idx; (install_repos.py:38) (snavely___bundler_sfm)
09/12/2024 05:56:25 PM logger_snavely___bundler_sfm DEBUG |       ^ (install_repos.py:38) (snavely___bundler_sfm)
09/12/2024 05:56:25 PM logger_snavely___bundler_sfm DEBUG gcc -Wall -O3 -I../matrix   -c -o sba_lapack.o sba_lapack.c (install_repos.py:38) (snavely___bundler_sfm)
09/12/2024 05:56:25 PM logger_snavely___bundler_sfm DEBUG sba_lapack.c: In function ‘sba_symat_invert_BK’: (install_repos.py:38) (snavely___bundler_sfm)
09/12/2024 05:56:25 PM logger_snavely___bundler_sfm DEBUG sba_lapack.c:1079:52: warning: passing argument 5 of ‘dsytrf_’ from incompatible pointer type [-Wincompatible-pointer-types] (install_repos.py:38) (snavely___bundler_sfm)
09/12/2024 05:56:25 PM logger_snavely___bundler_sfm DEBUG 1079 |     F77_FUNC(dsytrf)("L", (int *)&m, A, (int *)&m, A, (double *)&tmp, (int *)&work_sz, (int *)&info); (install_repos.py:38) (snavely___bundler_sfm)
09/12/2024 05:56:25 PM logger_snavely___bundler_sfm DEBUG |                                                    ^ (install_repos.py:38) (snavely___bundler_sfm)
09/12/2024 05:56:25 PM logger_snavely___bundler_sfm DEBUG |                                                    | (install_repos.py:38) (snavely___bundler_sfm)
09/12/2024 05:56:25 PM logger_snavely___bundler_sfm DEBUG |                                                    double * (install_repos.py:38) (snavely___bundler_sfm)
09/12/2024 05:56:25 PM logger_snavely___bundler_sfm DEBUG sba_lapack.c:70:75: note: expected ‘int *’ but argument is of type ‘double *’ (install_repos.py:38) (snavely___bundler_sfm)
09/12/2024 05:56:25 PM logger_snavely___bundler_sfm DEBUG 70 | extern int F77_FUNC(dsytrf)(char *uplo, int *n, double *a, int *lda, int *ipiv, double *work, int *lwork, int *info); (install_repos.py:38) (snavely___bundler_sfm)
09/12/2024 05:56:25 PM logger_snavely___bundler_sfm DEBUG |                                                                      ~~~~~^~~~ (install_repos.py:38) (snavely___bundler_sfm)
09/12/2024 05:56:26 PM logger_snavely___bundler_sfm DEBUG gcc -Wall -O3 -I../matrix   -c -o sba_crsm.o sba_crsm.c (install_repos.py:38) (snavely___bundler_sfm)
09/12/2024 05:56:26 PM logger_snavely___bundler_sfm DEBUG sba_crsm.c:71:13: warning: ‘sba_crsm_build’ defined but not used [-Wunused-function] (install_repos.py:38) (snavely___bundler_sfm)
09/12/2024 05:56:26 PM logger_snavely___bundler_sfm DEBUG 71 | static void sba_crsm_build(struct sba_crsm *sm, int *m, int nr, int nc) (install_repos.py:38) (snavely___bundler_sfm)
09/12/2024 05:56:26 PM logger_snavely___bundler_sfm DEBUG |             ^~~~~~~~~~~~~~ (install_repos.py:38) (snavely___bundler_sfm)
09/12/2024 05:56:26 PM logger_snavely___bundler_sfm DEBUG sba_crsm.c:54:13: warning: ‘sba_crsm_print’ defined but not used [-Wunused-function] (install_repos.py:38) (snavely___bundler_sfm)
09/12/2024 05:56:26 PM logger_snavely___bundler_sfm DEBUG 54 | static void sba_crsm_print(struct sba_crsm *sm, FILE *fp) (install_repos.py:38) (snavely___bundler_sfm)
09/12/2024 05:56:26 PM logger_snavely___bundler_sfm DEBUG |             ^~~~~~~~~~~~~~ (install_repos.py:38) (snavely___bundler_sfm)
09/12/2024 05:56:26 PM logger_snavely___bundler_sfm DEBUG gcc -Wall -O3 -I../matrix   -c -o sba_chkjac.o sba_chkjac.c (install_repos.py:38) (snavely___bundler_sfm)
09/12/2024 05:56:26 PM logger_snavely___bundler_sfm DEBUG sba_chkjac.c: In function ‘emalloc_’: (install_repos.py:38) (snavely___bundler_sfm)
09/12/2024 05:56:26 PM logger_snavely___bundler_sfm DEBUG sba_chkjac.c:41:58: warning: format ‘%u’ expects argument of type ‘unsigned int’, but argument 3 has type ‘size_t’ {aka ‘long unsigned int’} [-Wformat=] (install_repos.py:38) (snavely___bundler_sfm)
09/12/2024 05:56:26 PM logger_snavely___bundler_sfm DEBUG 41 |     fprintf(stderr, "SBA: memory allocation request for %u bytes failed in file %s, line %d, exiting", sz, file, line); (install_repos.py:38) (snavely___bundler_sfm)
09/12/2024 05:56:26 PM logger_snavely___bundler_sfm DEBUG |                                                         ~^                                             ~~ (install_repos.py:38) (snavely___bundler_sfm)
09/12/2024 05:56:26 PM logger_snavely___bundler_sfm DEBUG |                                                          |                                             | (install_repos.py:38) (snavely___bundler_sfm)
09/12/2024 05:56:26 PM logger_snavely___bundler_sfm DEBUG |                                                          unsigned int                                  size_t {aka long unsigned int} (install_repos.py:38) (snavely___bundler_sfm)
09/12/2024 05:56:26 PM logger_snavely___bundler_sfm DEBUG |                                                         %lu (install_repos.py:38) (snavely___bundler_sfm)
09/12/2024 05:56:26 PM logger_snavely___bundler_sfm DEBUG ar crv libsba.v1.5.a sba_levmar.o sba_levmar_wrap.o sba_lapack.o sba_crsm.o sba_chkjac.o (install_repos.py:38) (snavely___bundler_sfm)
09/12/2024 05:56:26 PM logger_snavely___bundler_sfm DEBUG r - sba_levmar.o (install_repos.py:38) (snavely___bundler_sfm)
09/12/2024 05:56:26 PM logger_snavely___bundler_sfm DEBUG r - sba_levmar_wrap.o (install_repos.py:38) (snavely___bundler_sfm)
09/12/2024 05:56:26 PM logger_snavely___bundler_sfm DEBUG r - sba_lapack.o (install_repos.py:38) (snavely___bundler_sfm)
09/12/2024 05:56:26 PM logger_snavely___bundler_sfm DEBUG r - sba_crsm.o (install_repos.py:38) (snavely___bundler_sfm)
09/12/2024 05:56:26 PM logger_snavely___bundler_sfm DEBUG r - sba_chkjac.o (install_repos.py:38) (snavely___bundler_sfm)
09/12/2024 05:56:26 PM logger_snavely___bundler_sfm DEBUG ranlib libsba.v1.5.a (install_repos.py:38) (snavely___bundler_sfm)
09/12/2024 05:56:26 PM logger_snavely___bundler_sfm DEBUG cp libsba.v1.5.a .. (install_repos.py:38) (snavely___bundler_sfm)
09/12/2024 05:56:26 PM logger_snavely___bundler_sfm DEBUG make[1]: Leaving directory '/INSTALL_C/repos/repos_400_c_round_two/snavely___bundler_sfm/lib/sba-1.5' (install_repos.py:38) (snavely___bundler_sfm)
09/12/2024 05:56:26 PM logger_snavely___bundler_sfm DEBUG cd lib/sfm-driver; make (install_repos.py:38) (snavely___bundler_sfm)
09/12/2024 05:56:26 PM logger_snavely___bundler_sfm DEBUG make[1]: Entering directory '/INSTALL_C/repos/repos_400_c_round_two/snavely___bundler_sfm/lib/sfm-driver' (install_repos.py:38) (snavely___bundler_sfm)
09/12/2024 05:56:26 PM logger_snavely___bundler_sfm DEBUG gcc -Wall -O3 -I../matrix -I../imagelib -I../sba-1.5   -c -o sfm.o sfm.c (install_repos.py:38) (snavely___bundler_sfm)
09/12/2024 05:56:26 PM logger_snavely___bundler_sfm DEBUG sfm.c: In function ‘sfm_project’: (install_repos.py:38) (snavely___bundler_sfm)
09/12/2024 05:56:26 PM logger_snavely___bundler_sfm DEBUG sfm.c:187:17: warning: variable ‘t’ set but not used [-Wunused-but-set-variable] (install_repos.py:38) (snavely___bundler_sfm)
09/12/2024 05:56:26 PM logger_snavely___bundler_sfm DEBUG 187 |     double *R, *t; (install_repos.py:38) (snavely___bundler_sfm)
09/12/2024 05:56:26 PM logger_snavely___bundler_sfm DEBUG |                 ^ (install_repos.py:38) (snavely___bundler_sfm)
09/12/2024 05:56:26 PM logger_snavely___bundler_sfm DEBUG sfm.c: In function ‘sfm_project2’: (install_repos.py:38) (snavely___bundler_sfm)
09/12/2024 05:56:26 PM logger_snavely___bundler_sfm DEBUG sfm.c:247:13: warning: variable ‘t’ set but not used [-Wunused-but-set-variable] (install_repos.py:38) (snavely___bundler_sfm)
09/12/2024 05:56:26 PM logger_snavely___bundler_sfm DEBUG 247 |     double *t; (install_repos.py:38) (snavely___bundler_sfm)
09/12/2024 05:56:26 PM logger_snavely___bundler_sfm DEBUG |             ^ (install_repos.py:38) (snavely___bundler_sfm)
09/12/2024 05:56:26 PM logger_snavely___bundler_sfm DEBUG sfm.c: In function ‘sfm_project_rd’: (install_repos.py:38) (snavely___bundler_sfm)
09/12/2024 05:56:26 PM logger_snavely___bundler_sfm DEBUG sfm.c:306:13: warning: variable ‘t’ set but not used [-Wunused-but-set-variable] (install_repos.py:38) (snavely___bundler_sfm)
09/12/2024 05:56:26 PM logger_snavely___bundler_sfm DEBUG 306 |     double *t; (install_repos.py:38) (snavely___bundler_sfm)
09/12/2024 05:56:26 PM logger_snavely___bundler_sfm DEBUG |             ^ (install_repos.py:38) (snavely___bundler_sfm)
09/12/2024 05:56:26 PM logger_snavely___bundler_sfm DEBUG sfm.c: In function ‘run_sfm’: (install_repos.py:38) (snavely___bundler_sfm)
09/12/2024 05:56:26 PM logger_snavely___bundler_sfm DEBUG sfm.c:623:15: warning: unused variable ‘idx’ [-Wunused-variable] (install_repos.py:38) (snavely___bundler_sfm)
09/12/2024 05:56:26 PM logger_snavely___bundler_sfm DEBUG 623 |     int i, j, idx, base; (install_repos.py:38) (snavely___bundler_sfm)
09/12/2024 05:56:26 PM logger_snavely___bundler_sfm DEBUG |               ^~~ (install_repos.py:38) (snavely___bundler_sfm)
09/12/2024 05:56:26 PM logger_snavely___bundler_sfm DEBUG sfm.c: At top level: (install_repos.py:38) (snavely___bundler_sfm)
09/12/2024 05:56:26 PM logger_snavely___bundler_sfm DEBUG sfm.c:563:13: warning: ‘sfm_mot_project_point’ defined but not used [-Wunused-function] (install_repos.py:38) (snavely___bundler_sfm)
09/12/2024 05:56:26 PM logger_snavely___bundler_sfm DEBUG 563 | static void sfm_mot_project_point(int j, int i, double *bi, (install_repos.py:38) (snavely___bundler_sfm)
09/12/2024 05:56:26 PM logger_snavely___bundler_sfm DEBUG |             ^~~~~~~~~~~~~~~~~~~~~ (install_repos.py:38) (snavely___bundler_sfm)
09/12/2024 05:56:26 PM logger_snavely___bundler_sfm DEBUG ar r libsfmdrv.a sfm.o (install_repos.py:38) (snavely___bundler_sfm)
09/12/2024 05:56:26 PM logger_snavely___bundler_sfm DEBUG ar: creating libsfmdrv.a (install_repos.py:38) (snavely___bundler_sfm)
09/12/2024 05:56:26 PM logger_snavely___bundler_sfm DEBUG cp libsfmdrv.a .. (install_repos.py:38) (snavely___bundler_sfm)
09/12/2024 05:56:26 PM logger_snavely___bundler_sfm DEBUG make[1]: Leaving directory '/INSTALL_C/repos/repos_400_c_round_two/snavely___bundler_sfm/lib/sfm-driver' (install_repos.py:38) (snavely___bundler_sfm)
09/12/2024 05:56:26 PM logger_snavely___bundler_sfm DEBUG cd lib/minpack; make (install_repos.py:38) (snavely___bundler_sfm)
09/12/2024 05:56:26 PM logger_snavely___bundler_sfm DEBUG make[1]: Entering directory '/INSTALL_C/repos/repos_400_c_round_two/snavely___bundler_sfm/lib/minpack' (install_repos.py:38) (snavely___bundler_sfm)
09/12/2024 05:56:26 PM logger_snavely___bundler_sfm DEBUG gcc -O2 -ffast-math  -c -o dpmpar.o dpmpar.f (install_repos.py:38) (snavely___bundler_sfm)
09/12/2024 05:56:26 PM logger_snavely___bundler_sfm DEBUG gcc: fatal error: cannot execute ‘f951’: execvp: No such file or directory (install_repos.py:38) (snavely___bundler_sfm)
09/12/2024 05:56:26 PM logger_snavely___bundler_sfm DEBUG compilation terminated. (install_repos.py:38) (snavely___bundler_sfm)
09/12/2024 05:56:26 PM logger_snavely___bundler_sfm DEBUG make[1]: *** [<builtin>: dpmpar.o] Error 1 (install_repos.py:38) (snavely___bundler_sfm)
09/12/2024 05:56:26 PM logger_snavely___bundler_sfm DEBUG make[1]: Leaving directory '/INSTALL_C/repos/repos_400_c_round_two/snavely___bundler_sfm/lib/minpack' (install_repos.py:38) (snavely___bundler_sfm)
09/12/2024 05:56:26 PM logger_snavely___bundler_sfm DEBUG make: *** [Makefile:27: default] Error 2 (install_repos.py:38) (snavely___bundler_sfm)
09/12/2024 05:56:26 PM logger_snavely___bundler_sfm ERROR Error: Build failed for snavely___bundler_sfm
Build failed for reason: make failed (install_repos.py:295) (snavely___bundler_sfm)
