09/12/2024 05:46:35 PM logger_sunzxyong___tiny INFO <<<<<<<<<<<<<<<<<< Logger setup anew <<<<<<<<<<<<<<<<<<< (utils.py:39) (sunzxyong___tiny)
09/12/2024 05:46:35 PM logger_sunzxyong___tiny INFO Analyzing repos/repos_400_c_round_two/sunzxyong___tiny (install_repos.py:285) (sunzxyong___tiny)
09/12/2024 05:46:35 PM logger_sunzxyong___tiny INFO Running command: ./gradlew clean (install_repos.py:20) (sunzxyong___tiny)
09/12/2024 05:46:35 PM logger_sunzxyong___tiny INFO Logging output to: logs/repos/repos_400_c_round_two_install_logs_with_make_cmake_gradlew_meson_scons_bazel_2024-09-12_17-35-05/sunzxyong___tiny_build.log (install_repos.py:21) (sunzxyong___tiny)
09/12/2024 05:46:35 PM logger_sunzxyong___tiny DEBUG  (install_repos.py:38) (sunzxyong___tiny)
09/12/2024 05:46:35 PM logger_sunzxyong___tiny DEBUG FAILURE: Build failed with an exception. (install_repos.py:38) (sunzxyong___tiny)
09/12/2024 05:46:35 PM logger_sunzxyong___tiny DEBUG  (install_repos.py:38) (sunzxyong___tiny)
09/12/2024 05:46:35 PM logger_sunzxyong___tiny DEBUG * What went wrong: (install_repos.py:38) (sunzxyong___tiny)
09/12/2024 05:46:35 PM logger_sunzxyong___tiny DEBUG Could not determine java version from '17.0.12'. (install_repos.py:38) (sunzxyong___tiny)
09/12/2024 05:46:35 PM logger_sunzxyong___tiny DEBUG  (install_repos.py:38) (sunzxyong___tiny)
09/12/2024 05:46:35 PM logger_sunzxyong___tiny DEBUG * Try: (install_repos.py:38) (sunzxyong___tiny)
09/12/2024 05:46:35 PM logger_sunzxyong___tiny DEBUG Run with --stacktrace option to get the stack trace. Run with --info or --debug option to get more log output. Run with --scan to get full insights. (install_repos.py:38) (sunzxyong___tiny)
09/12/2024 05:46:35 PM logger_sunzxyong___tiny DEBUG  (install_repos.py:38) (sunzxyong___tiny)
09/12/2024 05:46:35 PM logger_sunzxyong___tiny DEBUG * Get more help at https://help.gradle.org (install_repos.py:38) (sunzxyong___tiny)
09/12/2024 05:46:35 PM logger_sunzxyong___tiny INFO Running command: rm -rf .gradle/ (install_repos.py:20) (sunzxyong___tiny)
09/12/2024 05:46:35 PM logger_sunzxyong___tiny INFO Logging output to: logs/repos/repos_400_c_round_two_install_logs_with_make_cmake_gradlew_meson_scons_bazel_2024-09-12_17-35-05/sunzxyong___tiny_build.log (install_repos.py:21) (sunzxyong___tiny)
09/12/2024 05:46:35 PM logger_sunzxyong___tiny INFO Running command: rm -rf build/ (install_repos.py:20) (sunzxyong___tiny)
09/12/2024 05:46:35 PM logger_sunzxyong___tiny INFO Logging output to: logs/repos/repos_400_c_round_two_install_logs_with_make_cmake_gradlew_meson_scons_bazel_2024-09-12_17-35-05/sunzxyong___tiny_build.log (install_repos.py:21) (sunzxyong___tiny)
09/12/2024 05:46:35 PM logger_sunzxyong___tiny INFO Running Gradle build (install_repos.py:120) (sunzxyong___tiny)
09/12/2024 05:46:35 PM logger_sunzxyong___tiny INFO Running command: chmod +x gradlew && ./gradlew build (install_repos.py:20) (sunzxyong___tiny)
09/12/2024 05:46:35 PM logger_sunzxyong___tiny INFO Logging output to: logs/repos/repos_400_c_round_two_install_logs_with_make_cmake_gradlew_meson_scons_bazel_2024-09-12_17-35-05/sunzxyong___tiny_build.log (install_repos.py:21) (sunzxyong___tiny)
09/12/2024 05:46:36 PM logger_sunzxyong___tiny DEBUG  (install_repos.py:38) (sunzxyong___tiny)
09/12/2024 05:46:36 PM logger_sunzxyong___tiny DEBUG FAILURE: Build failed with an exception. (install_repos.py:38) (sunzxyong___tiny)
09/12/2024 05:46:36 PM logger_sunzxyong___tiny DEBUG  (install_repos.py:38) (sunzxyong___tiny)
09/12/2024 05:46:36 PM logger_sunzxyong___tiny DEBUG * What went wrong: (install_repos.py:38) (sunzxyong___tiny)
09/12/2024 05:46:36 PM logger_sunzxyong___tiny DEBUG Could not determine java version from '17.0.12'. (install_repos.py:38) (sunzxyong___tiny)
09/12/2024 05:46:36 PM logger_sunzxyong___tiny DEBUG  (install_repos.py:38) (sunzxyong___tiny)
09/12/2024 05:46:36 PM logger_sunzxyong___tiny DEBUG * Try: (install_repos.py:38) (sunzxyong___tiny)
09/12/2024 05:46:36 PM logger_sunzxyong___tiny DEBUG Run with --stacktrace option to get the stack trace. Run with --info or --debug option to get more log output. Run with --scan to get full insights. (install_repos.py:38) (sunzxyong___tiny)
09/12/2024 05:46:36 PM logger_sunzxyong___tiny DEBUG  (install_repos.py:38) (sunzxyong___tiny)
09/12/2024 05:46:36 PM logger_sunzxyong___tiny DEBUG * Get more help at https://help.gradle.org (install_repos.py:38) (sunzxyong___tiny)
09/12/2024 05:46:36 PM logger_sunzxyong___tiny ERROR Error: Build failed for sunzxyong___tiny
Build failed for reason: gradle failed (install_repos.py:295) (sunzxyong___tiny)
