09/12/2024 05:47:28 PM logger_t6x___reaver-wps-fork-t6x INFO <<<<<<<<<<<<<<<<<< Logger setup anew <<<<<<<<<<<<<<<<<<< (utils.py:39) (t6x___reaver-wps-fork-t6x)
09/12/2024 05:47:28 PM logger_t6x___reaver-wps-fork-t6x INFO Analyzing repos/repos_400_c_round_two/t6x___reaver-wps-fork-t6x (install_repos.py:285) (t6x___reaver-wps-fork-t6x)
09/12/2024 05:47:28 PM logger_t6x___reaver-wps-fork-t6x INFO Checking for build system in repos/repos_400_c_round_two/t6x___reaver-wps-fork-t6x/src (install_repos.py:267) (t6x___reaver-wps-fork-t6x)
09/12/2024 05:47:28 PM logger_t6x___reaver-wps-fork-t6x INFO Running autoreconf (install_repos.py:85) (t6x___reaver-wps-fork-t6x)
09/12/2024 05:47:28 PM logger_t6x___reaver-wps-fork-t6x INFO Running command: autoreconf -i (install_repos.py:20) (t6x___reaver-wps-fork-t6x)
09/12/2024 05:47:28 PM logger_t6x___reaver-wps-fork-t6x INFO Logging output to: logs/repos/repos_400_c_round_two_install_logs_with_make_cmake_gradlew_meson_scons_bazel_2024-09-12_17-35-05/src_build.log (install_repos.py:21) (t6x___reaver-wps-fork-t6x)
09/12/2024 05:47:29 PM logger_t6x___reaver-wps-fork-t6x DEBUG configure.ac:16: warning: The macro `AC_HELP_STRING' is obsolete. (install_repos.py:38) (t6x___reaver-wps-fork-t6x)
09/12/2024 05:47:29 PM logger_t6x___reaver-wps-fork-t6x DEBUG configure.ac:16: You should run autoupdate. (install_repos.py:38) (t6x___reaver-wps-fork-t6x)
09/12/2024 05:47:29 PM logger_t6x___reaver-wps-fork-t6x DEBUG ./lib/autoconf/general.m4:204: AC_HELP_STRING is expanded from... (install_repos.py:38) (t6x___reaver-wps-fork-t6x)
09/12/2024 05:47:29 PM logger_t6x___reaver-wps-fork-t6x DEBUG configure.ac:16: the top level (install_repos.py:38) (t6x___reaver-wps-fork-t6x)
09/12/2024 05:47:29 PM logger_t6x___reaver-wps-fork-t6x DEBUG configure.ac:22: warning: The macro `AC_TRY_COMPILE' is obsolete. (install_repos.py:38) (t6x___reaver-wps-fork-t6x)
09/12/2024 05:47:29 PM logger_t6x___reaver-wps-fork-t6x DEBUG configure.ac:22: You should run autoupdate. (install_repos.py:38) (t6x___reaver-wps-fork-t6x)
09/12/2024 05:47:29 PM logger_t6x___reaver-wps-fork-t6x DEBUG ./lib/autoconf/general.m4:2847: AC_TRY_COMPILE is expanded from... (install_repos.py:38) (t6x___reaver-wps-fork-t6x)
09/12/2024 05:47:29 PM logger_t6x___reaver-wps-fork-t6x DEBUG m4/as-compiler-flag.m4:13: AS_COMPILER_FLAG is expanded from... (install_repos.py:38) (t6x___reaver-wps-fork-t6x)
09/12/2024 05:47:29 PM logger_t6x___reaver-wps-fork-t6x DEBUG configure.ac:22: the top level (install_repos.py:38) (t6x___reaver-wps-fork-t6x)
09/12/2024 05:47:29 PM logger_t6x___reaver-wps-fork-t6x INFO Running autogen.sh (install_repos.py:90) (t6x___reaver-wps-fork-t6x)
09/12/2024 05:47:29 PM logger_t6x___reaver-wps-fork-t6x INFO Running command: ./autogen.sh (install_repos.py:20) (t6x___reaver-wps-fork-t6x)
09/12/2024 05:47:29 PM logger_t6x___reaver-wps-fork-t6x INFO Logging output to: logs/repos/repos_400_c_round_two_install_logs_with_make_cmake_gradlew_meson_scons_bazel_2024-09-12_17-35-05/src_build.log (install_repos.py:21) (t6x___reaver-wps-fork-t6x)
09/12/2024 05:47:29 PM logger_t6x___reaver-wps-fork-t6x DEBUG /bin/sh: 1: ./autogen.sh: not found (install_repos.py:38) (t6x___reaver-wps-fork-t6x)
09/12/2024 05:47:29 PM logger_t6x___reaver-wps-fork-t6x INFO Running configure (install_repos.py:93) (t6x___reaver-wps-fork-t6x)
09/12/2024 05:47:29 PM logger_t6x___reaver-wps-fork-t6x INFO Running command: ./configure (install_repos.py:20) (t6x___reaver-wps-fork-t6x)
09/12/2024 05:47:29 PM logger_t6x___reaver-wps-fork-t6x INFO Logging output to: logs/repos/repos_400_c_round_two_install_logs_with_make_cmake_gradlew_meson_scons_bazel_2024-09-12_17-35-05/src_build.log (install_repos.py:21) (t6x___reaver-wps-fork-t6x)
09/12/2024 05:47:29 PM logger_t6x___reaver-wps-fork-t6x DEBUG checking for gcc... gcc (install_repos.py:38) (t6x___reaver-wps-fork-t6x)
09/12/2024 05:47:29 PM logger_t6x___reaver-wps-fork-t6x DEBUG checking whether the C compiler works... yes (install_repos.py:38) (t6x___reaver-wps-fork-t6x)
09/12/2024 05:47:29 PM logger_t6x___reaver-wps-fork-t6x DEBUG checking for C compiler default output file name... a.out (install_repos.py:38) (t6x___reaver-wps-fork-t6x)
09/12/2024 05:47:29 PM logger_t6x___reaver-wps-fork-t6x DEBUG checking for suffix of executables... (install_repos.py:38) (t6x___reaver-wps-fork-t6x)
09/12/2024 05:47:29 PM logger_t6x___reaver-wps-fork-t6x DEBUG checking whether we are cross compiling... no (install_repos.py:38) (t6x___reaver-wps-fork-t6x)
09/12/2024 05:47:29 PM logger_t6x___reaver-wps-fork-t6x DEBUG checking for suffix of object files... o (install_repos.py:38) (t6x___reaver-wps-fork-t6x)
09/12/2024 05:47:29 PM logger_t6x___reaver-wps-fork-t6x DEBUG checking whether the compiler supports GNU C... yes (install_repos.py:38) (t6x___reaver-wps-fork-t6x)
09/12/2024 05:47:29 PM logger_t6x___reaver-wps-fork-t6x DEBUG checking whether gcc accepts -g... yes (install_repos.py:38) (t6x___reaver-wps-fork-t6x)
09/12/2024 05:47:30 PM logger_t6x___reaver-wps-fork-t6x DEBUG checking for gcc option to enable C11 features... none needed (install_repos.py:38) (t6x___reaver-wps-fork-t6x)
09/12/2024 05:47:30 PM logger_t6x___reaver-wps-fork-t6x DEBUG checking for pcap_open_live in -lpcap... no (install_repos.py:38) (t6x___reaver-wps-fork-t6x)
09/12/2024 05:47:30 PM logger_t6x___reaver-wps-fork-t6x DEBUG error: pcap library not found! (install_repos.py:38) (t6x___reaver-wps-fork-t6x)
09/12/2024 05:47:30 PM logger_t6x___reaver-wps-fork-t6x INFO Running make (install_repos.py:100) (t6x___reaver-wps-fork-t6x)
09/12/2024 05:47:30 PM logger_t6x___reaver-wps-fork-t6x INFO Running command: make (install_repos.py:20) (t6x___reaver-wps-fork-t6x)
09/12/2024 05:47:30 PM logger_t6x___reaver-wps-fork-t6x INFO Logging output to: logs/repos/repos_400_c_round_two_install_logs_with_make_cmake_gradlew_meson_scons_bazel_2024-09-12_17-35-05/src_build.log (install_repos.py:21) (t6x___reaver-wps-fork-t6x)
09/12/2024 05:47:30 PM logger_t6x___reaver-wps-fork-t6x DEBUG cc -DCONF_DIR='""'  -Wno-unused-variable -Wno-unused-function -Wno-pointer-sign -Ilibwps -I. -Ilwe -DCONFIG_IPV6   -c -o globule.o globule.c (install_repos.py:38) (t6x___reaver-wps-fork-t6x)
09/12/2024 05:47:30 PM logger_t6x___reaver-wps-fork-t6x DEBUG In file included from globule.h:37, (install_repos.py:38) (t6x___reaver-wps-fork-t6x)
09/12/2024 05:47:30 PM logger_t6x___reaver-wps-fork-t6x DEBUG from globule.c:34: (install_repos.py:38) (t6x___reaver-wps-fork-t6x)
09/12/2024 05:47:30 PM logger_t6x___reaver-wps-fork-t6x DEBUG defs.h:43:10: fatal error: pcap.h: No such file or directory (install_repos.py:38) (t6x___reaver-wps-fork-t6x)
09/12/2024 05:47:30 PM logger_t6x___reaver-wps-fork-t6x DEBUG 43 | #include <pcap.h> (install_repos.py:38) (t6x___reaver-wps-fork-t6x)
09/12/2024 05:47:30 PM logger_t6x___reaver-wps-fork-t6x DEBUG |          ^~~~~~~~ (install_repos.py:38) (t6x___reaver-wps-fork-t6x)
09/12/2024 05:47:30 PM logger_t6x___reaver-wps-fork-t6x DEBUG compilation terminated. (install_repos.py:38) (t6x___reaver-wps-fork-t6x)
09/12/2024 05:47:30 PM logger_t6x___reaver-wps-fork-t6x DEBUG make: *** [<builtin>: globule.o] Error 1 (install_repos.py:38) (t6x___reaver-wps-fork-t6x)
09/12/2024 05:47:30 PM logger_t6x___reaver-wps-fork-t6x ERROR Error: Build failed for t6x___reaver-wps-fork-t6x
Build failed for reason: make failed (install_repos.py:295) (t6x___reaver-wps-fork-t6x)
