09/12/2024 05:40:07 PM logger_termux___termux-x11 INFO <<<<<<<<<<<<<<<<<< Logger setup anew <<<<<<<<<<<<<<<<<<< (utils.py:39) (termux___termux-x11)
09/12/2024 05:40:07 PM logger_termux___termux-x11 INFO Analyzing repos/repos_400_c_round_two/termux___termux-x11 (install_repos.py:285) (termux___termux-x11)
09/12/2024 05:40:07 PM logger_termux___termux-x11 INFO Running command: ./gradlew clean (install_repos.py:20) (termux___termux-x11)
09/12/2024 05:40:07 PM logger_termux___termux-x11 INFO Logging output to: logs/repos/repos_400_c_round_two_install_logs_with_make_cmake_gradlew_meson_scons_bazel_2024-09-12_17-35-05/termux___termux-x11_build.log (install_repos.py:21) (termux___termux-x11)
09/12/2024 05:40:08 PM logger_termux___termux-x11 DEBUG Starting a Gradle Daemon, 1 incompatible and 1 stopped Daemons could not be reused, use --status for details (install_repos.py:38) (termux___termux-x11)
09/12/2024 05:40:18 PM logger_termux___termux-x11 DEBUG  (install_repos.py:38) (termux___termux-x11)
09/12/2024 05:40:18 PM logger_termux___termux-x11 DEBUG > Configure project :app (install_repos.py:38) (termux___termux-x11)
09/12/2024 05:40:18 PM logger_termux___termux-x11 DEBUG WARNING: BuildType 'debug' is both debuggable and has 'isMinifyEnabled' set to true. (install_repos.py:38) (termux___termux-x11)
09/12/2024 05:40:18 PM logger_termux___termux-x11 DEBUG Debuggable builds are no longer name minified and all code optimizations and obfuscation will be disabled. (install_repos.py:38) (termux___termux-x11)
09/12/2024 05:40:18 PM logger_termux___termux-x11 DEBUG  (install_repos.py:38) (termux___termux-x11)
09/12/2024 05:40:18 PM logger_termux___termux-x11 DEBUG FAILURE: Build failed with an exception. (install_repos.py:38) (termux___termux-x11)
09/12/2024 05:40:18 PM logger_termux___termux-x11 DEBUG  (install_repos.py:38) (termux___termux-x11)
09/12/2024 05:40:18 PM logger_termux___termux-x11 DEBUG * What went wrong: (install_repos.py:38) (termux___termux-x11)
09/12/2024 05:40:18 PM logger_termux___termux-x11 DEBUG A problem occurred configuring project ':app'. (install_repos.py:38) (termux___termux-x11)
09/12/2024 05:40:18 PM logger_termux___termux-x11 DEBUG > SDK location not found. Define a valid SDK location with an ANDROID_HOME environment variable or by setting the sdk.dir path in your project's local properties file at '/INSTALL_C/repos/repos_400_c_round_two/termux___termux-x11/local.properties'. (install_repos.py:38) (termux___termux-x11)
09/12/2024 05:40:18 PM logger_termux___termux-x11 DEBUG  (install_repos.py:38) (termux___termux-x11)
09/12/2024 05:40:18 PM logger_termux___termux-x11 DEBUG * Try: (install_repos.py:38) (termux___termux-x11)
09/12/2024 05:40:18 PM logger_termux___termux-x11 DEBUG > Run with --stacktrace option to get the stack trace. (install_repos.py:38) (termux___termux-x11)
09/12/2024 05:40:18 PM logger_termux___termux-x11 DEBUG > Run with --info or --debug option to get more log output. (install_repos.py:38) (termux___termux-x11)
09/12/2024 05:40:18 PM logger_termux___termux-x11 DEBUG > Run with --scan to get full insights. (install_repos.py:38) (termux___termux-x11)
09/12/2024 05:40:18 PM logger_termux___termux-x11 DEBUG > Get more help at https://help.gradle.org. (install_repos.py:38) (termux___termux-x11)
09/12/2024 05:40:18 PM logger_termux___termux-x11 DEBUG  (install_repos.py:38) (termux___termux-x11)
09/12/2024 05:40:18 PM logger_termux___termux-x11 DEBUG BUILD FAILED in 11s (install_repos.py:38) (termux___termux-x11)
09/12/2024 05:40:19 PM logger_termux___termux-x11 INFO Running command: rm -rf .gradle/ (install_repos.py:20) (termux___termux-x11)
09/12/2024 05:40:19 PM logger_termux___termux-x11 INFO Logging output to: logs/repos/repos_400_c_round_two_install_logs_with_make_cmake_gradlew_meson_scons_bazel_2024-09-12_17-35-05/termux___termux-x11_build.log (install_repos.py:21) (termux___termux-x11)
09/12/2024 05:40:19 PM logger_termux___termux-x11 INFO Running command: rm -rf build/ (install_repos.py:20) (termux___termux-x11)
09/12/2024 05:40:19 PM logger_termux___termux-x11 INFO Logging output to: logs/repos/repos_400_c_round_two_install_logs_with_make_cmake_gradlew_meson_scons_bazel_2024-09-12_17-35-05/termux___termux-x11_build.log (install_repos.py:21) (termux___termux-x11)
09/12/2024 05:40:19 PM logger_termux___termux-x11 INFO Running Gradle build (install_repos.py:120) (termux___termux-x11)
09/12/2024 05:40:19 PM logger_termux___termux-x11 INFO Running command: chmod +x gradlew && ./gradlew build (install_repos.py:20) (termux___termux-x11)
09/12/2024 05:40:19 PM logger_termux___termux-x11 INFO Logging output to: logs/repos/repos_400_c_round_two_install_logs_with_make_cmake_gradlew_meson_scons_bazel_2024-09-12_17-35-05/termux___termux-x11_build.log (install_repos.py:21) (termux___termux-x11)
09/12/2024 05:40:20 PM logger_termux___termux-x11 DEBUG  (install_repos.py:38) (termux___termux-x11)
09/12/2024 05:40:20 PM logger_termux___termux-x11 DEBUG > Configure project :app (install_repos.py:38) (termux___termux-x11)
09/12/2024 05:40:20 PM logger_termux___termux-x11 DEBUG WARNING: BuildType 'debug' is both debuggable and has 'isMinifyEnabled' set to true. (install_repos.py:38) (termux___termux-x11)
09/12/2024 05:40:20 PM logger_termux___termux-x11 DEBUG Debuggable builds are no longer name minified and all code optimizations and obfuscation will be disabled. (install_repos.py:38) (termux___termux-x11)
09/12/2024 05:40:20 PM logger_termux___termux-x11 DEBUG  (install_repos.py:38) (termux___termux-x11)
09/12/2024 05:40:20 PM logger_termux___termux-x11 DEBUG FAILURE: Build failed with an exception. (install_repos.py:38) (termux___termux-x11)
09/12/2024 05:40:20 PM logger_termux___termux-x11 DEBUG  (install_repos.py:38) (termux___termux-x11)
09/12/2024 05:40:20 PM logger_termux___termux-x11 DEBUG * What went wrong: (install_repos.py:38) (termux___termux-x11)
09/12/2024 05:40:20 PM logger_termux___termux-x11 DEBUG A problem occurred configuring project ':app'. (install_repos.py:38) (termux___termux-x11)
09/12/2024 05:40:20 PM logger_termux___termux-x11 DEBUG > SDK location not found. Define a valid SDK location with an ANDROID_HOME environment variable or by setting the sdk.dir path in your project's local properties file at '/INSTALL_C/repos/repos_400_c_round_two/termux___termux-x11/local.properties'. (install_repos.py:38) (termux___termux-x11)
09/12/2024 05:40:20 PM logger_termux___termux-x11 DEBUG  (install_repos.py:38) (termux___termux-x11)
09/12/2024 05:40:20 PM logger_termux___termux-x11 DEBUG * Try: (install_repos.py:38) (termux___termux-x11)
09/12/2024 05:40:20 PM logger_termux___termux-x11 DEBUG > Run with --stacktrace option to get the stack trace. (install_repos.py:38) (termux___termux-x11)
09/12/2024 05:40:20 PM logger_termux___termux-x11 DEBUG > Run with --info or --debug option to get more log output. (install_repos.py:38) (termux___termux-x11)
09/12/2024 05:40:20 PM logger_termux___termux-x11 DEBUG > Run with --scan to get full insights. (install_repos.py:38) (termux___termux-x11)
09/12/2024 05:40:20 PM logger_termux___termux-x11 DEBUG > Get more help at https://help.gradle.org. (install_repos.py:38) (termux___termux-x11)
09/12/2024 05:40:20 PM logger_termux___termux-x11 DEBUG  (install_repos.py:38) (termux___termux-x11)
09/12/2024 05:40:20 PM logger_termux___termux-x11 DEBUG BUILD FAILED in 1s (install_repos.py:38) (termux___termux-x11)
09/12/2024 05:40:20 PM logger_termux___termux-x11 ERROR Error: Build failed for termux___termux-x11
Build failed for reason: gradle failed (install_repos.py:295) (termux___termux-x11)
