Running command: cmake ..
CMake Error: The source directory "/INSTALL_C/repos/cesanta___mongoose" does not appear to contain CMakeLists.txt.
Specify --help for usage, or press the help button on the CMake GUI.
Command finished with return code: 1

Running command: meson ..
The Meson build system
Version: 0.53.2
Source dir: /INSTALL_C/repos/GNOME___glib
Build dir: /INSTALL_C/repos/GNOME___glib/build
Build type: native build

meson.build:1:0: ERROR: Meson version is 0.53.2 but project requires >= 1.4.0

A full log can be found at /INSTALL_C/repos/GNOME___glib/build/meson-logs/meson-log.txt
Command finished with return code: 1

Running command: cmake ..
-- The C compiler identification is GNU 9.4.0
-- Check for working C compiler: /usr/bin/cc
-- Check for working C compiler: /usr/bin/cc -- works
-- Detecting C compiler ABI info
-- Detecting C compiler ABI info - done
-- Detecting C compile features
-- Detecting C compile features - done
-- Setting build type to default 'Debug'
-- Could NOT find Gettext (missing: GETTEXT_MSGMERGE_EXECUTABLE GETTEXT_MSGFMT_EXECUTABLE) 
-- Trying to use PCRE2 from the system
CMake Warning at cmake/FindRust.cmake:31 (message):
  `rustc` not found in PATH or `/root/.cargo/bin`.

  Hint: Check if `rustc` is in PATH or manually specify the location by
  setting `Rust_COMPILER` to the path to `rustc`.
Call Stack (most recent call first):
  cmake/FindRust.cmake:246 (_findrust_failed)
  cmake/Rust.cmake:5 (include)
  CMakeLists.txt:28 (include)


CMake Warning (dev) at cmake/FindRust.cmake:34 (set):
  Cannot set "Rust_FOUND": current scope has no parent.
Call Stack (most recent call first):
  cmake/FindRust.cmake:246 (_findrust_failed)
  cmake/Rust.cmake:5 (include)
  CMakeLists.txt:28 (include)
This warning is for project developers.  Use -Wno-dev to suppress it.

CMake Error at cmake/FindRust.cmake:29 (message):
  `rustc` not found in PATH or `/root/.cargo/bin`.

  Hint: Check if `rustc` is in PATH or manually specify the location by
  setting `Rust_COMPILER` to the path to `rustc`.
Call Stack (most recent call first):
  cmake/FindRust.cmake:246 (_findrust_failed)
  cmake/Rust.cmake:6 (find_package)
  CMakeLists.txt:28 (include)


-- Configuring incomplete, errors occurred!
See also "/INSTALL_C/repos/fish-shell___fish-shell/build/CMakeFiles/CMakeOutput.log".
Command finished with return code: 1

Running command: cmake ..
-- The C compiler identification is GNU 9.4.0
-- The CXX compiler identification is GNU 9.4.0
-- Check for working C compiler: /usr/bin/cc
-- Check for working C compiler: /usr/bin/cc -- works
-- Detecting C compiler ABI info
-- Detecting C compiler ABI info - done
-- Detecting C compile features
-- Detecting C compile features - done
-- Check for working CXX compiler: /usr/bin/c++
-- Check for working CXX compiler: /usr/bin/c++ -- works
-- Detecting CXX compiler ABI info
-- Detecting CXX compiler ABI info - done
-- Detecting CXX compile features
-- Detecting CXX compile features - done
-- Found Git: /usr/bin/git (found version "2.25.1") 
CMake Error at CMakeLists.txt:186 (include):
  include could not find load file:

    GetGitRevisionDescription


CMake Error at CMakeLists.txt:187 (get_git_head_revision):
  Unknown CMake command "get_git_head_revision".


-- Configuring incomplete, errors occurred!
See also "/INSTALL_C/repos/transmission___transmission/build/CMakeFiles/CMakeOutput.log".
Command finished with return code: 1

Running command: cmake ..
-- The C compiler identification is GNU 9.4.0
-- The CXX compiler identification is GNU 9.4.0
-- Check for working C compiler: /usr/bin/cc
-- Check for working C compiler: /usr/bin/cc -- works
-- Detecting C compiler ABI info
-- Detecting C compiler ABI info - done
-- Detecting C compile features
-- Detecting C compile features - done
-- Check for working CXX compiler: /usr/bin/c++
-- Check for working CXX compiler: /usr/bin/c++ -- works
-- Detecting CXX compiler ABI info
-- Detecting CXX compiler ABI info - done
-- Detecting CXX compile features
-- Detecting CXX compile features - done
-- Found PkgConfig: /usr/bin/pkg-config (found version "0.29.1") 
-- Performing Test HAVE_STDC_FORMAT_MACROS
-- Performing Test HAVE_STDC_FORMAT_MACROS - Success
-- Performing Test HAVE_LIBATOMIC
-- Performing Test HAVE_LIBATOMIC - Success
-- Performing Test HAVE_WNO_CXX20_ATTR_EXT
-- Performing Test HAVE_WNO_CXX20_ATTR_EXT - Success
-- Performing Test HAVE_WNO_INTERFERENCE_SIZE
-- Performing Test HAVE_WNO_INTERFERENCE_SIZE - Success
-- Performing Test HAVE_FNO_MATH_ERRNO
-- Performing Test HAVE_FNO_MATH_ERRNO - Success
-- Performing Test HAVE_GCC_PROTECTED_VISIBILITY
-- Performing Test HAVE_GCC_PROTECTED_VISIBILITY - Success
-- Performing Test HAVE_MSSE2_SWITCH
-- Performing Test HAVE_MSSE2_SWITCH - Success
-- Looking for xmmintrin.h
-- Looking for xmmintrin.h - found
-- Looking for emmintrin.h
-- Looking for emmintrin.h - found
-- Looking for pmmintrin.h
-- Looking for pmmintrin.h - found
-- Looking for smmintrin.h
-- Looking for smmintrin.h - found
-- Looking for arm_neon.h
-- Looking for arm_neon.h - not found
-- Performing Test HAVE_SSE_INTRINSICS
-- Performing Test HAVE_SSE_INTRINSICS - Success
-- Looking for cpuid.h
-- Looking for cpuid.h - found
-- Looking for intrin.h
-- Looking for intrin.h - not found
-- Looking for guiddef.h
-- Looking for guiddef.h - not found
-- Looking for pow in m
-- Looking for pow in m - found
-- Looking for clock_gettime in rt
-- Looking for clock_gettime in rt - found
-- Looking for dlfcn.h
-- Looking for dlfcn.h - found
-- Looking for dlopen in dl
-- Looking for dlopen in dl - found
-- Performing Test HAVE_GCC_GET_CPUID
-- Performing Test HAVE_GCC_GET_CPUID - Success
-- Looking for proc_pidpath
-- Looking for proc_pidpath - not found
-- Looking for pthread.h
-- Looking for pthread.h - found
-- Performing Test HAVE_PTHREAD
-- Performing Test HAVE_PTHREAD - Success
-- Looking for pthread_setschedparam
-- Looking for pthread_setschedparam - found
-- Looking for include files pthread.h, pthread_np.h
-- Looking for include files pthread.h, pthread_np.h - not found
-- Looking for pthread_setname_np
-- Looking for pthread_setname_np - not found
-- Looking for pthread_set_name_np
-- Looking for pthread_set_name_np - not found
-- Checking for module 'libpipewire-0.3>=0.3.23'
--   No package 'libpipewire-0.3' found
-- Found PulseAudio: /usr/lib/x86_64-linux-gnu/libpulse.so (found version "13.99.0") 
-- Found ALSA: /usr/lib/x86_64-linux-gnu/libasound.so (found version "1.2.2") 
-- Found OSS: /usr/include/x86_64-linux-gnu  
-- Could NOT find AudioIO (missing: AUDIOIO_INCLUDE_DIR) 
-- Found JACK: /usr/lib/x86_64-linux-gnu/libjack.so  
-- Could NOT find OpenSL (missing: OPENSL_LIBRARY OPENSL_INCLUDE_DIR OPENSL_ANDROID_INCLUDE_DIR) 
-- Found PortAudio: /usr/lib/x86_64-linux-gnu/libportaudio.so  
-- Found Git: /usr/bin/git (found version "2.25.1") 
-- Found ZLIB: /usr/lib/x86_64-linux-gnu/libz.so (found version "1.2.11") 
-- Could NOT find MySOFA (missing: MYSOFA_LIBRARY MYSOFA_INCLUDE_DIR) 
-- Could NOT find Qt5Widgets
-- Found SndFile: /usr/lib/x86_64-linux-gnu/libsndfile.so  
-- Checking for module 'libavcodec'
--   Found libavcodec, version 58.54.100
-- Checking for module 'libavformat'
--   Found libavformat, version 58.29.100
-- Checking for module 'libavdevice'
--   No package 'libavdevice' found
-- Checking for module 'libavutil'
--   Found libavutil, version 56.31.100
-- Checking for module 'libswscale'
--   Found libswscale, version 5.5.100
-- Checking for module 'libswresample'
--   Found libswresample, version 3.5.100
-- Checking for module 'libpostproc'
--   No package 'libpostproc' found
-- Found FFmpeg: /usr/lib/x86_64-linux-gnu/libavformat.so;/usr/lib/x86_64-linux-gnu/libavcodec.so;/usr/lib/x86_64-linux-gnu/libavutil.so;/usr/lib/x86_64-linux-gnu/libswscale.so;/usr/lib/x86_64-linux-gnu/libswresample.so;/usr/lib/x86_64-linux-gnu/libz.so  
-- 
-- Building OpenAL with support for the following backends:
--     PulseAudio, ALSA, OSS, JACK, PortAudio, WaveFile, Null
-- 
-- Building with support for CPU extensions:
--     Default, SSE, SSE2, SSE3, SSE4.1
-- 
-- Embedding HRTF datasets
-- 
-- Installing library and headers
-- Installing sample configuration
-- Installing HRTF data files
-- Installing AmbDec presets
-- 
-- Building utility programs
-- 
-- Building example programs
-- Building SndFile example programs
-- Building SDL example programs
-- libavformat is too old! (58.29.100, wanted 59.27.100)
-- libavcodec is too old! (58.54.100, wanted 59.37.100)
-- libavutil is too old! (56.31.100, wanted 57.28.100)
-- libswscale is too old! (5.5.100, wanted 6.7.100)
-- libswresample is too old! (3.5.100, wanted 4.7.100)
-- 
-- Configuring done
CMake Error at CMakeLists.txt:1787 (add_executable):
  Target "alloopback" links to target "SDL2::SDL2" but the target was not
  found.  Perhaps a find_package() call is missing for an IMPORTED target, or
  an ALIAS target is missing?


-- Generating done
CMake Generate step failed.  Build files cannot be regenerated correctly.
Command finished with return code: 1

Running command: cmake ..
-- The C compiler identification is GNU 9.4.0
-- Check for working C compiler: /usr/bin/cc
-- Check for working C compiler: /usr/bin/cc -- works
-- Detecting C compiler ABI info
-- Detecting C compiler ABI info - done
-- Detecting C compile features
-- Detecting C compile features - done
-- Found Python3: /usr/bin/python3.8 (found version "3.8.10") found components: Interpreter 
Traceback (most recent call last):
  File "/INSTALL_C/repos/Mbed-TLS___mbedtls/scripts/config.py", line 19, in <module>
    from mbedtls_framework import config_common
ModuleNotFoundError: No module named 'mbedtls_framework'
-- Looking for pthread.h
-- Looking for pthread.h - found
-- Performing Test CMAKE_HAVE_LIBC_PTHREAD
-- Performing Test CMAKE_HAVE_LIBC_PTHREAD - Failed
-- Check if compiler accepts -pthread
-- Check if compiler accepts -pthread - yes
-- Found Threads: TRUE  
-- Performing Test C_COMPILER_SUPPORTS_WFORMAT_SIGNEDNESS
-- Performing Test C_COMPILER_SUPPORTS_WFORMAT_SIGNEDNESS - Success
CMake Error at CMakeLists.txt:318 (message):
  /INSTALL_C/repos/Mbed-TLS___mbedtls/framework/CMakeLists.txt not found.
  Run `git submodule update --init` from the source tree to fetch the
  submodule contents.


-- Configuring incomplete, errors occurred!
See also "/INSTALL_C/repos/Mbed-TLS___mbedtls/build/CMakeFiles/CMakeOutput.log".
See also "/INSTALL_C/repos/Mbed-TLS___mbedtls/build/CMakeFiles/CMakeError.log".
Command finished with return code: 1

Running command: cmake ..
-- The C compiler identification is GNU 9.4.0
-- Check for working C compiler: /usr/bin/cc
-- Check for working C compiler: /usr/bin/cc -- works
-- Detecting C compiler ABI info
-- Detecting C compiler ABI info - done
-- Detecting C compile features
-- Detecting C compile features - done
-- Found PkgConfig: /usr/bin/pkg-config (found version "0.29.1") 
-- Checking for one of the modules 'json-c'
-- Looking for clock_gettime
-- Looking for clock_gettime - found
-- Looking for shm_open
-- Looking for shm_open - not found
-- Looking for clock_gettime in rt
-- Looking for clock_gettime in rt - found
-- Looking for shm_open in rt
-- Looking for shm_open in rt - found
-- Checking for one of the modules 'lua5.1;lua-5.1'
CMake Error: The following variables are used in this project, but they are set to NOTFOUND.
Please set them or make sure they are set and tested correctly in the CMake files:
json
    linked by target "json_script-example" in directory /INSTALL_C/repos/openwrt___libubox/examples

-- Configuring incomplete, errors occurred!
See also "/INSTALL_C/repos/openwrt___libubox/build/CMakeFiles/CMakeOutput.log".
See also "/INSTALL_C/repos/openwrt___libubox/build/CMakeFiles/CMakeError.log".
Command finished with return code: 1

Running command: cmake ..
-- The C compiler identification is GNU 9.4.0
-- Check for working C compiler: /usr/bin/cc
-- Check for working C compiler: /usr/bin/cc -- works
-- Detecting C compiler ABI info
-- Detecting C compiler ABI info - done
-- Detecting C compile features
-- Detecting C compile features - done
CMake Error at CMakeLists.txt:26 (INCLUDE):
  INCLUDE could not find load file:

    build/build-modules-c.cmake


-- Could NOT find LibXml2 (missing: LIBXML2_LIBRARY LIBXML2_INCLUDE_DIR) 
-- Could NOT find Lua51 (missing: LUA_LIBRARIES LUA_INCLUDE_DIR) 
-- Found OpenSSL: /usr/lib/x86_64-linux-gnu/libcrypto.so (found version "1.1.1f")  
-- Found ZLIB: /usr/lib/x86_64-linux-gnu/libz.so (found version "1.2.11") 
-- Could NOT find CURL (missing: CURL_LIBRARY CURL_INCLUDE_DIR) 
CMake Warning at CMakeLists.txt:33 (FIND_PACKAGE):
  By not providing "FindPCRE2.cmake" in CMAKE_MODULE_PATH this project has
  asked CMake to find a package configuration file provided by "PCRE2", but
  CMake did not find one.

  Could not find a package configuration file provided by "PCRE2" with any of
  the following names:

    PCRE2Config.cmake
    pcre2-config.cmake

  Add the installation prefix of "PCRE2" to CMAKE_PREFIX_PATH or set
  "PCRE2_DIR" to a directory containing one of the above files.  If "PCRE2"
  provides a separate development package or SDK, be sure it has been
  installed.


CMake Error at CMakeLists.txt:137 (MESSAGE):
  APR include directory /usr/local/include is not correct.


-- Configuring incomplete, errors occurred!
See also "/INSTALL_C/repos/apache___httpd/build/CMakeFiles/CMakeOutput.log".
Command finished with return code: 1

Running command: cmake ..
-- The C compiler identification is GNU 9.4.0
-- Check for working C compiler: /usr/bin/cc
-- Check for working C compiler: /usr/bin/cc -- works
-- Detecting C compiler ABI info
-- Detecting C compiler ABI info - done
-- Detecting C compile features
-- Detecting C compile features - done
-- Found GNU Make at /usr/bin/make
-- CMAKE_INSTALL_PREFIX=/usr/local
-- CMAKE_BUILD_TYPE not specified, default is 'Debug'
-- Using Lua interpreter: /usr/bin/lua
-- Using Lua interpreter for code generation: /usr/bin/lua
CMake Error at /usr/share/cmake-3.16/Modules/FindPackageHandleStandardArgs.cmake:146 (message):
  Could NOT find Luv (missing: LUV_LIBRARY LUV_INCLUDE_DIR) (Required is at
  least version "1.43.0")
Call Stack (most recent call first):
  /usr/share/cmake-3.16/Modules/FindPackageHandleStandardArgs.cmake:393 (_FPHSA_FAILURE_MESSAGE)
  cmake/FindLuv.cmake:4 (find_package_handle_standard_args)
  src/nvim/CMakeLists.txt:27 (find_package)


-- Configuring incomplete, errors occurred!
See also "/INSTALL_C/repos/neovim___neovim/build/CMakeFiles/CMakeOutput.log".
Command finished with return code: 1

Running command: cmake ..
-- The C compiler identification is GNU 9.4.0
-- The CXX compiler identification is GNU 9.4.0
-- Check for working C compiler: /usr/bin/cc
-- Check for working C compiler: /usr/bin/cc -- works
-- Detecting C compiler ABI info
-- Detecting C compiler ABI info - done
-- Detecting C compile features
-- Detecting C compile features - done
-- Check for working CXX compiler: /usr/bin/c++
-- Check for working CXX compiler: /usr/bin/c++ -- works
-- Detecting CXX compiler ABI info
-- Detecting CXX compiler ABI info - done
-- Detecting CXX compile features
-- Detecting CXX compile features - done
-- Configuring done
-- Generating done
-- Build files have been written to: /INSTALL_C/repos/symisc___unqlite/build
Command finished with return code: 0

Running command: cmake --build .
Scanning dependencies of target unqlite
[  4%] Building C object CMakeFiles/unqlite.dir/unqlite.c.o
[  9%] Linking C static library libunqlite.a
[  9%] Built target unqlite
Scanning dependencies of target unqlite_test_example_1
[ 13%] Building C object example/CMakeFiles/unqlite_test_example_1.dir/1.c.o
[ 18%] Linking C executable unqlite_test_example_1
[ 18%] Built target unqlite_test_example_1
Scanning dependencies of target unqlite_test_example_unqlite_mp3
[ 22%] Building C object example/CMakeFiles/unqlite_test_example_unqlite_mp3.dir/unqlite_mp3.c.o
[ 27%] Linking C executable unqlite_test_example_unqlite_mp3
[ 27%] Built target unqlite_test_example_unqlite_mp3
Scanning dependencies of target unqlite_test_example_2
[ 31%] Building C object example/CMakeFiles/unqlite_test_example_2.dir/2.c.o
[ 36%] Linking C executable unqlite_test_example_2
[ 36%] Built target unqlite_test_example_2
Scanning dependencies of target unqlite_test_example_5
[ 40%] Building C object example/CMakeFiles/unqlite_test_example_5.dir/5.c.o
[ 45%] Linking C executable unqlite_test_example_5
[ 45%] Built target unqlite_test_example_5
Scanning dependencies of target unqlite_test_example_6
[ 50%] Building C object example/CMakeFiles/unqlite_test_example_6.dir/6.c.o
[ 54%] Linking C executable unqlite_test_example_6
[ 54%] Built target unqlite_test_example_6
Scanning dependencies of target unqlite_test_example_unqlite_huge
[ 59%] Building C object example/CMakeFiles/unqlite_test_example_unqlite_huge.dir/unqlite_huge.c.o
[ 63%] Linking C executable unqlite_test_example_unqlite_huge
[ 63%] Built target unqlite_test_example_unqlite_huge
Scanning dependencies of target unqlite_test_example_unqlite_tar
[ 68%] Building C object example/CMakeFiles/unqlite_test_example_unqlite_tar.dir/unqlite_tar.c.o
/INSTALL_C/repos/symisc___unqlite/example/unqlite_tar.c: In function ‘main’:
/INSTALL_C/repos/symisc___unqlite/example/unqlite_tar.c:204:11: warning: format ‘%ld’ expects argument of type ‘long int’, but argument 2 has type ‘unqlite_int64’ {aka ‘long long int’} [-Wformat=]
  204 |    printf(":\t %l"NUM_FORMAT"d Bytes\n", nDataLen);
      |           ^~~~~~~~                       ~~~~~~~~
      |                                          |
      |                                          unqlite_int64 {aka long long int}
/INSTALL_C/repos/symisc___unqlite/example/unqlite_tar.c:204:30: note: format string is defined here
  204 |    printf(":\t %l"NUM_FORMAT"d Bytes\n", nDataLen);
      |                ~~~~~~~~~~~~~~^
      |                              |
      |                              long int
      |                %lld
[ 72%] Linking C executable unqlite_test_example_unqlite_tar
[ 72%] Built target unqlite_test_example_unqlite_tar
Scanning dependencies of target unqlite_test_example_3
[ 77%] Building C object example/CMakeFiles/unqlite_test_example_3.dir/3.c.o
[ 81%] Linking C executable unqlite_test_example_3
[ 81%] Built target unqlite_test_example_3
Scanning dependencies of target unqlite_test_example_4
[ 86%] Building C object example/CMakeFiles/unqlite_test_example_4.dir/4.c.o
[ 90%] Linking C executable unqlite_test_example_4
[ 90%] Built target unqlite_test_example_4
Scanning dependencies of target unqlite_test_example_unqlite_demovfs
[ 95%] Building C object example/demovfs/CMakeFiles/unqlite_test_example_unqlite_demovfs.dir/unqlite_demovfs.c.o
[100%] Linking C executable unqlite_test_example_unqlite_demovfs
[100%] Built target unqlite_test_example_unqlite_demovfs
Command finished with return code: 0

